**** Job starts ****
Tue Feb 11 09:14:39 PM EST 2025
*********************************************************************
* LD Score Regression (LDSC)
* Version 1.0.1
* (C) 2014-2019 Brendan Bulik-Sullivan and Hilary Finucane
* Broad Institute of MIT and Harvard / MIT Department of Mathematics
* GNU General Public License v3
*********************************************************************
Call: 
./ldsc.py \
--print-snps /dcs04/lieber/shared/statsgen/LDSC/base/referencefiles/hapmap3_snps/hm.7.snp \
--ld-wind-cm 1.0 \
--out /dcs04/lieber/marmaypag/spatialNac_LIBD4125/spatial_NAc/processed-data/19_sLDSC/snRNA_seq/input_files/DRD2_MSN_A/chr.7 \
--bfile /dcs04/lieber/shared/statsgen/LDSC/base/referencefiles/1000G_EUR_Phase3_plink/1000G.EUR.QC.7 \
--thin-annot  \
--annot /dcs04/lieber/marmaypag/spatialNac_LIBD4125/spatial_NAc/processed-data/19_sLDSC/snRNA_seq/input_files/DRD2_MSN_A/chr.7.annot.gz \
--l2  

Beginning analysis at Tue Feb 11 21:14:40 2025
Read list of 589569 SNPs from /dcs04/lieber/shared/statsgen/LDSC/base/referencefiles/1000G_EUR_Phase3_plink/1000G.EUR.QC.7.bim
Read 1 annotations for 589569 SNPs from /dcs04/lieber/marmaypag/spatialNac_LIBD4125/spatial_NAc/processed-data/19_sLDSC/snRNA_seq/input_files/DRD2_MSN_A/chr.7.annot.gz
Read list of 489 individuals from /dcs04/lieber/shared/statsgen/LDSC/base/referencefiles/1000G_EUR_Phase3_plink/1000G.EUR.QC.7.fam
Reading genotypes from /dcs04/lieber/shared/statsgen/LDSC/base/referencefiles/1000G_EUR_Phase3_plink/1000G.EUR.QC.7.bed
After filtering, 589569 SNPs remain
Estimating LD Score.
Reading list of 75316 SNPs for which to print LD Scores from /dcs04/lieber/shared/statsgen/LDSC/base/referencefiles/hapmap3_snps/hm.7.snp
After merging with --print-snps, LD Scores for 65848 SNPs will be printed.
Writing LD Scores for 65848 SNPs to /dcs04/lieber/marmaypag/spatialNac_LIBD4125/spatial_NAc/processed-data/19_sLDSC/snRNA_seq/input_files/DRD2_MSN_A/chr.7.l2.ldscore.gz

Summary of LD Scores in /dcs04/lieber/marmaypag/spatialNac_LIBD4125/spatial_NAc/processed-data/19_sLDSC/snRNA_seq/input_files/DRD2_MSN_A/chr.7.l2.ldscore.gz
         MAF        L2
mean  0.2376   15.5603
std   0.1437   40.3646
min   0.0051   -2.3552
25%   0.1104    0.0000
50%   0.2290    0.0000
75%   0.3609    5.7772
max   0.5000  450.4558

MAF/LD Score Correlation Matrix
       MAF     L2
MAF  1.000  0.054
L2   0.054  1.000

Annotation Correlation Matrix
       ANNOT
ANNOT    1.0

Annotation Matrix Column Sums
ANNOT    74374

Summary of Annotation Matrix Row Sums
count    589569.0000
mean          0.1261
std           0.3320
min           0.0000
25%           0.0000
50%           0.0000
75%           0.0000
max           1.0000
Analysis finished at Tue Feb 11 21:17:58 2025
Total time elapsed: 3.0m:17.46s
*********************************************************************
* LD Score Regression (LDSC)
* Version 1.0.1
* (C) 2014-2019 Brendan Bulik-Sullivan and Hilary Finucane
* Broad Institute of MIT and Harvard / MIT Department of Mathematics
* GNU General Public License v3
*********************************************************************
Call: 
./ldsc.py \
--print-snps /dcs04/lieber/shared/statsgen/LDSC/base/referencefiles/hapmap3_snps/hm.8.snp \
--ld-wind-cm 1.0 \
--out /dcs04/lieber/marmaypag/spatialNac_LIBD4125/spatial_NAc/processed-data/19_sLDSC/snRNA_seq/input_files/DRD2_MSN_A/chr.8 \
--bfile /dcs04/lieber/shared/statsgen/LDSC/base/referencefiles/1000G_EUR_Phase3_plink/1000G.EUR.QC.8 \
--thin-annot  \
--annot /dcs04/lieber/marmaypag/spatialNac_LIBD4125/spatial_NAc/processed-data/19_sLDSC/snRNA_seq/input_files/DRD2_MSN_A/chr.8.annot.gz \
--l2  

Beginning analysis at Tue Feb 11 21:17:58 2025
Read list of 549971 SNPs from /dcs04/lieber/shared/statsgen/LDSC/base/referencefiles/1000G_EUR_Phase3_plink/1000G.EUR.QC.8.bim
Read 1 annotations for 549971 SNPs from /dcs04/lieber/marmaypag/spatialNac_LIBD4125/spatial_NAc/processed-data/19_sLDSC/snRNA_seq/input_files/DRD2_MSN_A/chr.8.annot.gz
Read list of 489 individuals from /dcs04/lieber/shared/statsgen/LDSC/base/referencefiles/1000G_EUR_Phase3_plink/1000G.EUR.QC.8.fam
Reading genotypes from /dcs04/lieber/shared/statsgen/LDSC/base/referencefiles/1000G_EUR_Phase3_plink/1000G.EUR.QC.8.bed
After filtering, 549971 SNPs remain
Estimating LD Score.
Reading list of 75345 SNPs for which to print LD Scores from /dcs04/lieber/shared/statsgen/LDSC/base/referencefiles/hapmap3_snps/hm.8.snp
After merging with --print-snps, LD Scores for 65167 SNPs will be printed.
Writing LD Scores for 65167 SNPs to /dcs04/lieber/marmaypag/spatialNac_LIBD4125/spatial_NAc/processed-data/19_sLDSC/snRNA_seq/input_files/DRD2_MSN_A/chr.8.l2.ldscore.gz

Summary of LD Scores in /dcs04/lieber/marmaypag/spatialNac_LIBD4125/spatial_NAc/processed-data/19_sLDSC/snRNA_seq/input_files/DRD2_MSN_A/chr.8.l2.ldscore.gz
         MAF        L2
mean  0.2368   18.8328
std   0.1438   53.9945
min   0.0051   -2.5445
25%   0.1094    0.0000
50%   0.2270    0.0697
75%   0.3599    6.1675
max   0.5000  587.2354

MAF/LD Score Correlation Matrix
        MAF      L2
MAF  1.0000  0.0256
L2   0.0256  1.0000

Annotation Correlation Matrix
       ANNOT
ANNOT    1.0

Annotation Matrix Column Sums
ANNOT    77357

Summary of Annotation Matrix Row Sums
count    549971.0000
mean          0.1407
std           0.3477
min           0.0000
25%           0.0000
50%           0.0000
75%           0.0000
max           1.0000
Analysis finished at Tue Feb 11 21:21:36 2025
Total time elapsed: 3.0m:38.15s
*********************************************************************
* LD Score Regression (LDSC)
* Version 1.0.1
* (C) 2014-2019 Brendan Bulik-Sullivan and Hilary Finucane
* Broad Institute of MIT and Harvard / MIT Department of Mathematics
* GNU General Public License v3
*********************************************************************
Call: 
./ldsc.py \
--print-snps /dcs04/lieber/shared/statsgen/LDSC/base/referencefiles/hapmap3_snps/hm.9.snp \
--ld-wind-cm 1.0 \
--out /dcs04/lieber/marmaypag/spatialNac_LIBD4125/spatial_NAc/processed-data/19_sLDSC/snRNA_seq/input_files/DRD2_MSN_A/chr.9 \
--bfile /dcs04/lieber/shared/statsgen/LDSC/base/referencefiles/1000G_EUR_Phase3_plink/1000G.EUR.QC.9 \
--thin-annot  \
--annot /dcs04/lieber/marmaypag/spatialNac_LIBD4125/spatial_NAc/processed-data/19_sLDSC/snRNA_seq/input_files/DRD2_MSN_A/chr.9.annot.gz \
--l2  

Beginning analysis at Tue Feb 11 21:21:37 2025
Read list of 438106 SNPs from /dcs04/lieber/shared/statsgen/LDSC/base/referencefiles/1000G_EUR_Phase3_plink/1000G.EUR.QC.9.bim
Read 1 annotations for 438106 SNPs from /dcs04/lieber/marmaypag/spatialNac_LIBD4125/spatial_NAc/processed-data/19_sLDSC/snRNA_seq/input_files/DRD2_MSN_A/chr.9.annot.gz
Read list of 489 individuals from /dcs04/lieber/shared/statsgen/LDSC/base/referencefiles/1000G_EUR_Phase3_plink/1000G.EUR.QC.9.fam
Reading genotypes from /dcs04/lieber/shared/statsgen/LDSC/base/referencefiles/1000G_EUR_Phase3_plink/1000G.EUR.QC.9.bed
After filtering, 438106 SNPs remain
Estimating LD Score.
Reading list of 63706 SNPs for which to print LD Scores from /dcs04/lieber/shared/statsgen/LDSC/base/referencefiles/hapmap3_snps/hm.9.snp
After merging with --print-snps, LD Scores for 55885 SNPs will be printed.
Writing LD Scores for 55885 SNPs to /dcs04/lieber/marmaypag/spatialNac_LIBD4125/spatial_NAc/processed-data/19_sLDSC/snRNA_seq/input_files/DRD2_MSN_A/chr.9.l2.ldscore.gz

Summary of LD Scores in /dcs04/lieber/marmaypag/spatialNac_LIBD4125/spatial_NAc/processed-data/19_sLDSC/snRNA_seq/input_files/DRD2_MSN_A/chr.9.l2.ldscore.gz
         MAF        L2
mean  0.2343    9.8748
std   0.1436   39.4582
min   0.0051   -2.6635
25%   0.1084    0.0000
50%   0.2239    0.0000
75%   0.3558    1.3081
max   0.5000  670.7156

MAF/LD Score Correlation Matrix
        MAF      L2
MAF  1.0000  0.0732
L2   0.0732  1.0000

Annotation Correlation Matrix
       ANNOT
ANNOT    1.0

Annotation Matrix Column Sums
ANNOT    38258

Summary of Annotation Matrix Row Sums
count    438106.0000
mean          0.0873
std           0.2823
min           0.0000
25%           0.0000
50%           0.0000
75%           0.0000
max           1.0000
Analysis finished at Tue Feb 11 21:23:30 2025
Total time elapsed: 1.0m:53.22s
*********************************************************************
* LD Score Regression (LDSC)
* Version 1.0.1
* (C) 2014-2019 Brendan Bulik-Sullivan and Hilary Finucane
* Broad Institute of MIT and Harvard / MIT Department of Mathematics
* GNU General Public License v3
*********************************************************************
Call: 
./ldsc.py \
--print-snps /dcs04/lieber/shared/statsgen/LDSC/base/referencefiles/hapmap3_snps/hm.10.snp \
--ld-wind-cm 1.0 \
--out /dcs04/lieber/marmaypag/spatialNac_LIBD4125/spatial_NAc/processed-data/19_sLDSC/snRNA_seq/input_files/DRD2_MSN_A/chr.10 \
--bfile /dcs04/lieber/shared/statsgen/LDSC/base/referencefiles/1000G_EUR_Phase3_plink/1000G.EUR.QC.10 \
--thin-annot  \
--annot /dcs04/lieber/marmaypag/spatialNac_LIBD4125/spatial_NAc/processed-data/19_sLDSC/snRNA_seq/input_files/DRD2_MSN_A/chr.10.annot.gz \
--l2  

Beginning analysis at Tue Feb 11 21:23:31 2025
Read list of 510501 SNPs from /dcs04/lieber/shared/statsgen/LDSC/base/referencefiles/1000G_EUR_Phase3_plink/1000G.EUR.QC.10.bim
Read 1 annotations for 510501 SNPs from /dcs04/lieber/marmaypag/spatialNac_LIBD4125/spatial_NAc/processed-data/19_sLDSC/snRNA_seq/input_files/DRD2_MSN_A/chr.10.annot.gz
Read list of 489 individuals from /dcs04/lieber/shared/statsgen/LDSC/base/referencefiles/1000G_EUR_Phase3_plink/1000G.EUR.QC.10.fam
Reading genotypes from /dcs04/lieber/shared/statsgen/LDSC/base/referencefiles/1000G_EUR_Phase3_plink/1000G.EUR.QC.10.bed
After filtering, 510501 SNPs remain
Estimating LD Score.
Reading list of 73929 SNPs for which to print LD Scores from /dcs04/lieber/shared/statsgen/LDSC/base/referencefiles/hapmap3_snps/hm.10.snp
After merging with --print-snps, LD Scores for 64236 SNPs will be printed.
Writing LD Scores for 64236 SNPs to /dcs04/lieber/marmaypag/spatialNac_LIBD4125/spatial_NAc/processed-data/19_sLDSC/snRNA_seq/input_files/DRD2_MSN_A/chr.10.l2.ldscore.gz

Summary of LD Scores in /dcs04/lieber/marmaypag/spatialNac_LIBD4125/spatial_NAc/processed-data/19_sLDSC/snRNA_seq/input_files/DRD2_MSN_A/chr.10.l2.ldscore.gz
         MAF        L2
mean  0.2316   16.4522
std   0.1438   49.0652
min   0.0051   -2.5993
25%   0.1053    0.0000
50%   0.2188    0.0000
75%   0.3538    4.2938
max   0.5000  568.1841

MAF/LD Score Correlation Matrix
        MAF      L2
MAF  1.0000  0.0236
L2   0.0236  1.0000

Annotation Correlation Matrix
       ANNOT
ANNOT    1.0

Annotation Matrix Column Sums
ANNOT    67264

Summary of Annotation Matrix Row Sums
count    510501.0000
mean          0.1318
std           0.3382
min           0.0000
25%           0.0000
50%           0.0000
75%           0.0000
max           1.0000
Analysis finished at Tue Feb 11 21:26:16 2025
Total time elapsed: 2.0m:45.47s
*********************************************************************
* LD Score Regression (LDSC)
* Version 1.0.1
* (C) 2014-2019 Brendan Bulik-Sullivan and Hilary Finucane
* Broad Institute of MIT and Harvard / MIT Department of Mathematics
* GNU General Public License v3
*********************************************************************
Call: 
./ldsc.py \
--print-snps /dcs04/lieber/shared/statsgen/LDSC/base/referencefiles/hapmap3_snps/hm.11.snp \
--ld-wind-cm 1.0 \
--out /dcs04/lieber/marmaypag/spatialNac_LIBD4125/spatial_NAc/processed-data/19_sLDSC/snRNA_seq/input_files/DRD2_MSN_A/chr.11 \
--bfile /dcs04/lieber/shared/statsgen/LDSC/base/referencefiles/1000G_EUR_Phase3_plink/1000G.EUR.QC.11 \
--thin-annot  \
--annot /dcs04/lieber/marmaypag/spatialNac_LIBD4125/spatial_NAc/processed-data/19_sLDSC/snRNA_seq/input_files/DRD2_MSN_A/chr.11.annot.gz \
--l2  

Beginning analysis at Tue Feb 11 21:26:16 2025
Read list of 493922 SNPs from /dcs04/lieber/shared/statsgen/LDSC/base/referencefiles/1000G_EUR_Phase3_plink/1000G.EUR.QC.11.bim
Read 1 annotations for 493922 SNPs from /dcs04/lieber/marmaypag/spatialNac_LIBD4125/spatial_NAc/processed-data/19_sLDSC/snRNA_seq/input_files/DRD2_MSN_A/chr.11.annot.gz
Read list of 489 individuals from /dcs04/lieber/shared/statsgen/LDSC/base/referencefiles/1000G_EUR_Phase3_plink/1000G.EUR.QC.11.fam
Reading genotypes from /dcs04/lieber/shared/statsgen/LDSC/base/referencefiles/1000G_EUR_Phase3_plink/1000G.EUR.QC.11.bed
After filtering, 493922 SNPs remain
Estimating LD Score.
Reading list of 71092 SNPs for which to print LD Scores from /dcs04/lieber/shared/statsgen/LDSC/base/referencefiles/hapmap3_snps/hm.11.snp
After merging with --print-snps, LD Scores for 61027 SNPs will be printed.
Writing LD Scores for 61027 SNPs to /dcs04/lieber/marmaypag/spatialNac_LIBD4125/spatial_NAc/processed-data/19_sLDSC/snRNA_seq/input_files/DRD2_MSN_A/chr.11.l2.ldscore.gz

Summary of LD Scores in /dcs04/lieber/marmaypag/spatialNac_LIBD4125/spatial_NAc/processed-data/19_sLDSC/snRNA_seq/input_files/DRD2_MSN_A/chr.11.l2.ldscore.gz
         MAF        L2
mean  0.2389   18.3615
std   0.1430   45.8289
min   0.0051   -3.6314
25%   0.1145    0.0000
50%   0.2301    0.2641
75%   0.3609    8.0652
max   0.5000  538.7030

MAF/LD Score Correlation Matrix
        MAF      L2
MAF  1.0000  0.0684
L2   0.0684  1.0000

Annotation Correlation Matrix
       ANNOT
ANNOT    1.0

Annotation Matrix Column Sums
ANNOT    68737

Summary of Annotation Matrix Row Sums
count    493922.0000
mean          0.1392
std           0.3461
min           0.0000
25%           0.0000
50%           0.0000
75%           0.0000
max           1.0000
Analysis finished at Tue Feb 11 21:30:32 2025
Total time elapsed: 4.0m:16.01s
*********************************************************************
* LD Score Regression (LDSC)
* Version 1.0.1
* (C) 2014-2019 Brendan Bulik-Sullivan and Hilary Finucane
* Broad Institute of MIT and Harvard / MIT Department of Mathematics
* GNU General Public License v3
*********************************************************************
Call: 
./ldsc.py \
--print-snps /dcs04/lieber/shared/statsgen/LDSC/base/referencefiles/hapmap3_snps/hm.12.snp \
--ld-wind-cm 1.0 \
--out /dcs04/lieber/marmaypag/spatialNac_LIBD4125/spatial_NAc/processed-data/19_sLDSC/snRNA_seq/input_files/DRD2_MSN_A/chr.12 \
--bfile /dcs04/lieber/shared/statsgen/LDSC/base/referencefiles/1000G_EUR_Phase3_plink/1000G.EUR.QC.12 \
--thin-annot  \
--annot /dcs04/lieber/marmaypag/spatialNac_LIBD4125/spatial_NAc/processed-data/19_sLDSC/snRNA_seq/input_files/DRD2_MSN_A/chr.12.annot.gz \
--l2  

Beginning analysis at Tue Feb 11 21:30:33 2025
Read list of 480110 SNPs from /dcs04/lieber/shared/statsgen/LDSC/base/referencefiles/1000G_EUR_Phase3_plink/1000G.EUR.QC.12.bim
Read 1 annotations for 480110 SNPs from /dcs04/lieber/marmaypag/spatialNac_LIBD4125/spatial_NAc/processed-data/19_sLDSC/snRNA_seq/input_files/DRD2_MSN_A/chr.12.annot.gz
Read list of 489 individuals from /dcs04/lieber/shared/statsgen/LDSC/base/referencefiles/1000G_EUR_Phase3_plink/1000G.EUR.QC.12.fam
Reading genotypes from /dcs04/lieber/shared/statsgen/LDSC/base/referencefiles/1000G_EUR_Phase3_plink/1000G.EUR.QC.12.bed
After filtering, 480110 SNPs remain
Estimating LD Score.
Reading list of 68635 SNPs for which to print LD Scores from /dcs04/lieber/shared/statsgen/LDSC/base/referencefiles/hapmap3_snps/hm.12.snp
After merging with --print-snps, LD Scores for 58127 SNPs will be printed.
Writing LD Scores for 58127 SNPs to /dcs04/lieber/marmaypag/spatialNac_LIBD4125/spatial_NAc/processed-data/19_sLDSC/snRNA_seq/input_files/DRD2_MSN_A/chr.12.l2.ldscore.gz

Summary of LD Scores in /dcs04/lieber/marmaypag/spatialNac_LIBD4125/spatial_NAc/processed-data/19_sLDSC/snRNA_seq/input_files/DRD2_MSN_A/chr.12.l2.ldscore.gz
         MAF        L2
mean  0.2320   13.5757
std   0.1438   41.9492
min   0.0051   -2.6922
25%   0.1063    0.0000
50%   0.2198    0.0000
75%   0.3548    3.5610
max   0.5000  446.0056

MAF/LD Score Correlation Matrix
        MAF      L2
MAF  1.0000 -0.0105
L2  -0.0105  1.0000

Annotation Correlation Matrix
       ANNOT
ANNOT    1.0

Annotation Matrix Column Sums
ANNOT    58462

Summary of Annotation Matrix Row Sums
count    480110.0000
mean          0.1218
std           0.3270
min           0.0000
25%           0.0000
50%           0.0000
75%           0.0000
max           1.0000
Analysis finished at Tue Feb 11 21:33:15 2025
Total time elapsed: 2.0m:42.22s
*********************************************************************
* LD Score Regression (LDSC)
* Version 1.0.1
* (C) 2014-2019 Brendan Bulik-Sullivan and Hilary Finucane
* Broad Institute of MIT and Harvard / MIT Department of Mathematics
* GNU General Public License v3
*********************************************************************
Call: 
./ldsc.py \
--print-snps /dcs04/lieber/shared/statsgen/LDSC/base/referencefiles/hapmap3_snps/hm.13.snp \
--ld-wind-cm 1.0 \
--out /dcs04/lieber/marmaypag/spatialNac_LIBD4125/spatial_NAc/processed-data/19_sLDSC/snRNA_seq/input_files/DRD2_MSN_A/chr.13 \
--bfile /dcs04/lieber/shared/statsgen/LDSC/base/referencefiles/1000G_EUR_Phase3_plink/1000G.EUR.QC.13 \
--thin-annot  \
--annot /dcs04/lieber/marmaypag/spatialNac_LIBD4125/spatial_NAc/processed-data/19_sLDSC/snRNA_seq/input_files/DRD2_MSN_A/chr.13.annot.gz \
--l2  

Beginning analysis at Tue Feb 11 21:33:16 2025
Read list of 366200 SNPs from /dcs04/lieber/shared/statsgen/LDSC/base/referencefiles/1000G_EUR_Phase3_plink/1000G.EUR.QC.13.bim
Read 1 annotations for 366200 SNPs from /dcs04/lieber/marmaypag/spatialNac_LIBD4125/spatial_NAc/processed-data/19_sLDSC/snRNA_seq/input_files/DRD2_MSN_A/chr.13.annot.gz
Read list of 489 individuals from /dcs04/lieber/shared/statsgen/LDSC/base/referencefiles/1000G_EUR_Phase3_plink/1000G.EUR.QC.13.fam
Reading genotypes from /dcs04/lieber/shared/statsgen/LDSC/base/referencefiles/1000G_EUR_Phase3_plink/1000G.EUR.QC.13.bed
After filtering, 366200 SNPs remain
Estimating LD Score.
Reading list of 52010 SNPs for which to print LD Scores from /dcs04/lieber/shared/statsgen/LDSC/base/referencefiles/hapmap3_snps/hm.13.snp
After merging with --print-snps, LD Scores for 45136 SNPs will be printed.
Writing LD Scores for 45136 SNPs to /dcs04/lieber/marmaypag/spatialNac_LIBD4125/spatial_NAc/processed-data/19_sLDSC/snRNA_seq/input_files/DRD2_MSN_A/chr.13.l2.ldscore.gz

Summary of LD Scores in /dcs04/lieber/marmaypag/spatialNac_LIBD4125/spatial_NAc/processed-data/19_sLDSC/snRNA_seq/input_files/DRD2_MSN_A/chr.13.l2.ldscore.gz
         MAF        L2
mean  0.2329   10.6675
std   0.1436   30.9385
min   0.0051   -1.5382
25%   0.1063    0.0000
50%   0.2198    0.0000
75%   0.3548    2.1303
max   0.5000  334.3321

MAF/LD Score Correlation Matrix
       MAF     L2
MAF  1.000  0.051
L2   0.051  1.000

Annotation Correlation Matrix
       ANNOT
ANNOT    1.0

Annotation Matrix Column Sums
ANNOT    37455

Summary of Annotation Matrix Row Sums
count    366200.0000
mean          0.1023
std           0.3030
min           0.0000
25%           0.0000
50%           0.0000
75%           0.0000
max           1.0000
Analysis finished at Tue Feb 11 21:34:58 2025
Total time elapsed: 1.0m:42.79s
*********************************************************************
* LD Score Regression (LDSC)
* Version 1.0.1
* (C) 2014-2019 Brendan Bulik-Sullivan and Hilary Finucane
* Broad Institute of MIT and Harvard / MIT Department of Mathematics
* GNU General Public License v3
*********************************************************************
Call: 
./ldsc.py \
--print-snps /dcs04/lieber/shared/statsgen/LDSC/base/referencefiles/hapmap3_snps/hm.14.snp \
--ld-wind-cm 1.0 \
--out /dcs04/lieber/marmaypag/spatialNac_LIBD4125/spatial_NAc/processed-data/19_sLDSC/snRNA_seq/input_files/DRD2_MSN_A/chr.14 \
--bfile /dcs04/lieber/shared/statsgen/LDSC/base/referencefiles/1000G_EUR_Phase3_plink/1000G.EUR.QC.14 \
--thin-annot  \
--annot /dcs04/lieber/marmaypag/spatialNac_LIBD4125/spatial_NAc/processed-data/19_sLDSC/snRNA_seq/input_files/DRD2_MSN_A/chr.14.annot.gz \
--l2  

Beginning analysis at Tue Feb 11 21:34:59 2025
Read list of 324698 SNPs from /dcs04/lieber/shared/statsgen/LDSC/base/referencefiles/1000G_EUR_Phase3_plink/1000G.EUR.QC.14.bim
Read 1 annotations for 324698 SNPs from /dcs04/lieber/marmaypag/spatialNac_LIBD4125/spatial_NAc/processed-data/19_sLDSC/snRNA_seq/input_files/DRD2_MSN_A/chr.14.annot.gz
Read list of 489 individuals from /dcs04/lieber/shared/statsgen/LDSC/base/referencefiles/1000G_EUR_Phase3_plink/1000G.EUR.QC.14.fam
Reading genotypes from /dcs04/lieber/shared/statsgen/LDSC/base/referencefiles/1000G_EUR_Phase3_plink/1000G.EUR.QC.14.bed
After filtering, 324698 SNPs remain
Estimating LD Score.
Reading list of 45556 SNPs for which to print LD Scores from /dcs04/lieber/shared/statsgen/LDSC/base/referencefiles/hapmap3_snps/hm.14.snp
After merging with --print-snps, LD Scores for 39504 SNPs will be printed.
Writing LD Scores for 39504 SNPs to /dcs04/lieber/marmaypag/spatialNac_LIBD4125/spatial_NAc/processed-data/19_sLDSC/snRNA_seq/input_files/DRD2_MSN_A/chr.14.l2.ldscore.gz

Summary of LD Scores in /dcs04/lieber/marmaypag/spatialNac_LIBD4125/spatial_NAc/processed-data/19_sLDSC/snRNA_seq/input_files/DRD2_MSN_A/chr.14.l2.ldscore.gz
         MAF        L2
mean  0.2308   19.4455
std   0.1432   48.8843
min   0.0051   -3.2579
25%   0.1053    0.0000
50%   0.2188    0.4662
75%   0.3497   10.9498
max   0.5000  530.9353

MAF/LD Score Correlation Matrix
        MAF      L2
MAF  1.0000  0.0977
L2   0.0977  1.0000

Annotation Correlation Matrix
       ANNOT
ANNOT    1.0

Annotation Matrix Column Sums
ANNOT    53560

Summary of Annotation Matrix Row Sums
count    324698.0000
mean          0.1650
std           0.3711
min           0.0000
25%           0.0000
50%           0.0000
75%           0.0000
max           1.0000
Analysis finished at Tue Feb 11 21:36:56 2025
Total time elapsed: 1.0m:56.78s
*********************************************************************
* LD Score Regression (LDSC)
* Version 1.0.1
* (C) 2014-2019 Brendan Bulik-Sullivan and Hilary Finucane
* Broad Institute of MIT and Harvard / MIT Department of Mathematics
* GNU General Public License v3
*********************************************************************
Call: 
./ldsc.py \
--print-snps /dcs04/lieber/shared/statsgen/LDSC/base/referencefiles/hapmap3_snps/hm.15.snp \
--ld-wind-cm 1.0 \
--out /dcs04/lieber/marmaypag/spatialNac_LIBD4125/spatial_NAc/processed-data/19_sLDSC/snRNA_seq/input_files/DRD2_MSN_A/chr.15 \
--bfile /dcs04/lieber/shared/statsgen/LDSC/base/referencefiles/1000G_EUR_Phase3_plink/1000G.EUR.QC.15 \
--thin-annot  \
--annot /dcs04/lieber/marmaypag/spatialNac_LIBD4125/spatial_NAc/processed-data/19_sLDSC/snRNA_seq/input_files/DRD2_MSN_A/chr.15.annot.gz \
--l2  

Beginning analysis at Tue Feb 11 21:36:56 2025
Read list of 287001 SNPs from /dcs04/lieber/shared/statsgen/LDSC/base/referencefiles/1000G_EUR_Phase3_plink/1000G.EUR.QC.15.bim
Read 1 annotations for 287001 SNPs from /dcs04/lieber/marmaypag/spatialNac_LIBD4125/spatial_NAc/processed-data/19_sLDSC/snRNA_seq/input_files/DRD2_MSN_A/chr.15.annot.gz
Read list of 489 individuals from /dcs04/lieber/shared/statsgen/LDSC/base/referencefiles/1000G_EUR_Phase3_plink/1000G.EUR.QC.15.fam
Reading genotypes from /dcs04/lieber/shared/statsgen/LDSC/base/referencefiles/1000G_EUR_Phase3_plink/1000G.EUR.QC.15.bed
After filtering, 287001 SNPs remain
Estimating LD Score.
Reading list of 42410 SNPs for which to print LD Scores from /dcs04/lieber/shared/statsgen/LDSC/base/referencefiles/hapmap3_snps/hm.15.snp
After merging with --print-snps, LD Scores for 36291 SNPs will be printed.
Writing LD Scores for 36291 SNPs to /dcs04/lieber/marmaypag/spatialNac_LIBD4125/spatial_NAc/processed-data/19_sLDSC/snRNA_seq/input_files/DRD2_MSN_A/chr.15.l2.ldscore.gz

Summary of LD Scores in /dcs04/lieber/marmaypag/spatialNac_LIBD4125/spatial_NAc/processed-data/19_sLDSC/snRNA_seq/input_files/DRD2_MSN_A/chr.15.l2.ldscore.gz
         MAF        L2
mean  0.2363   21.2695
std   0.1452   47.8261
min   0.0051   -3.5992
25%   0.1084    0.0000
50%   0.2260    0.3910
75%   0.3630   16.0695
max   0.5000  593.2919

MAF/LD Score Correlation Matrix
        MAF      L2
MAF  1.0000  0.0135
L2   0.0135  1.0000

Annotation Correlation Matrix
       ANNOT
ANNOT    1.0

Annotation Matrix Column Sums
ANNOT    54607

Summary of Annotation Matrix Row Sums
count    287001.0000
mean          0.1903
std           0.3925
min           0.0000
25%           0.0000
50%           0.0000
75%           0.0000
max           1.0000
Analysis finished at Tue Feb 11 21:38:34 2025
Total time elapsed: 1.0m:38.18s
*********************************************************************
* LD Score Regression (LDSC)
* Version 1.0.1
* (C) 2014-2019 Brendan Bulik-Sullivan and Hilary Finucane
* Broad Institute of MIT and Harvard / MIT Department of Mathematics
* GNU General Public License v3
*********************************************************************
Call: 
./ldsc.py \
--print-snps /dcs04/lieber/shared/statsgen/LDSC/base/referencefiles/hapmap3_snps/hm.16.snp \
--ld-wind-cm 1.0 \
--out /dcs04/lieber/marmaypag/spatialNac_LIBD4125/spatial_NAc/processed-data/19_sLDSC/snRNA_seq/input_files/DRD2_MSN_A/chr.16 \
--bfile /dcs04/lieber/shared/statsgen/LDSC/base/referencefiles/1000G_EUR_Phase3_plink/1000G.EUR.QC.16 \
--thin-annot  \
--annot /dcs04/lieber/marmaypag/spatialNac_LIBD4125/spatial_NAc/processed-data/19_sLDSC/snRNA_seq/input_files/DRD2_MSN_A/chr.16.annot.gz \
--l2  

Beginning analysis at Tue Feb 11 21:38:35 2025
Read list of 316981 SNPs from /dcs04/lieber/shared/statsgen/LDSC/base/referencefiles/1000G_EUR_Phase3_plink/1000G.EUR.QC.16.bim
Read 1 annotations for 316981 SNPs from /dcs04/lieber/marmaypag/spatialNac_LIBD4125/spatial_NAc/processed-data/19_sLDSC/snRNA_seq/input_files/DRD2_MSN_A/chr.16.annot.gz
Read list of 489 individuals from /dcs04/lieber/shared/statsgen/LDSC/base/referencefiles/1000G_EUR_Phase3_plink/1000G.EUR.QC.16.fam
Reading genotypes from /dcs04/lieber/shared/statsgen/LDSC/base/referencefiles/1000G_EUR_Phase3_plink/1000G.EUR.QC.16.bed
After filtering, 316981 SNPs remain
Estimating LD Score.
Reading list of 44710 SNPs for which to print LD Scores from /dcs04/lieber/shared/statsgen/LDSC/base/referencefiles/hapmap3_snps/hm.16.snp
After merging with --print-snps, LD Scores for 37656 SNPs will be printed.
Writing LD Scores for 37656 SNPs to /dcs04/lieber/marmaypag/spatialNac_LIBD4125/spatial_NAc/processed-data/19_sLDSC/snRNA_seq/input_files/DRD2_MSN_A/chr.16.l2.ldscore.gz

Summary of LD Scores in /dcs04/lieber/marmaypag/spatialNac_LIBD4125/spatial_NAc/processed-data/19_sLDSC/snRNA_seq/input_files/DRD2_MSN_A/chr.16.l2.ldscore.gz
         MAF        L2
mean  0.2370   15.6708
std   0.1437   36.6268
min   0.0051   -2.1779
25%   0.1115    0.0000
50%   0.2290    0.0000
75%   0.3589    7.3007
max   0.5000  272.4340

MAF/LD Score Correlation Matrix
        MAF      L2
MAF  1.0000  0.0022
L2   0.0022  1.0000

Annotation Correlation Matrix
       ANNOT
ANNOT    1.0

Annotation Matrix Column Sums
ANNOT    54683

Summary of Annotation Matrix Row Sums
count    316981.0000
mean          0.1725
std           0.3778
min           0.0000
25%           0.0000
50%           0.0000
75%           0.0000
max           1.0000
Analysis finished at Tue Feb 11 21:40:21 2025
Total time elapsed: 1.0m:45.88s
*********************************************************************
* LD Score Regression (LDSC)
* Version 1.0.1
* (C) 2014-2019 Brendan Bulik-Sullivan and Hilary Finucane
* Broad Institute of MIT and Harvard / MIT Department of Mathematics
* GNU General Public License v3
*********************************************************************
Call: 
./ldsc.py \
--print-snps /dcs04/lieber/shared/statsgen/LDSC/base/referencefiles/hapmap3_snps/hm.17.snp \
--ld-wind-cm 1.0 \
--out /dcs04/lieber/marmaypag/spatialNac_LIBD4125/spatial_NAc/processed-data/19_sLDSC/snRNA_seq/input_files/DRD2_MSN_A/chr.17 \
--bfile /dcs04/lieber/shared/statsgen/LDSC/base/referencefiles/1000G_EUR_Phase3_plink/1000G.EUR.QC.17 \
--thin-annot  \
--annot /dcs04/lieber/marmaypag/spatialNac_LIBD4125/spatial_NAc/processed-data/19_sLDSC/snRNA_seq/input_files/DRD2_MSN_A/chr.17.annot.gz \
--l2  

Beginning analysis at Tue Feb 11 21:40:21 2025
Read list of 269222 SNPs from /dcs04/lieber/shared/statsgen/LDSC/base/referencefiles/1000G_EUR_Phase3_plink/1000G.EUR.QC.17.bim
Read 1 annotations for 269222 SNPs from /dcs04/lieber/marmaypag/spatialNac_LIBD4125/spatial_NAc/processed-data/19_sLDSC/snRNA_seq/input_files/DRD2_MSN_A/chr.17.annot.gz
Read list of 489 individuals from /dcs04/lieber/shared/statsgen/LDSC/base/referencefiles/1000G_EUR_Phase3_plink/1000G.EUR.QC.17.fam
Reading genotypes from /dcs04/lieber/shared/statsgen/LDSC/base/referencefiles/1000G_EUR_Phase3_plink/1000G.EUR.QC.17.bed
After filtering, 269222 SNPs remain
Estimating LD Score.
Reading list of 38396 SNPs for which to print LD Scores from /dcs04/lieber/shared/statsgen/LDSC/base/referencefiles/hapmap3_snps/hm.17.snp
After merging with --print-snps, LD Scores for 32315 SNPs will be printed.
Writing LD Scores for 32315 SNPs to /dcs04/lieber/marmaypag/spatialNac_LIBD4125/spatial_NAc/processed-data/19_sLDSC/snRNA_seq/input_files/DRD2_MSN_A/chr.17.l2.ldscore.gz

Summary of LD Scores in /dcs04/lieber/marmaypag/spatialNac_LIBD4125/spatial_NAc/processed-data/19_sLDSC/snRNA_seq/input_files/DRD2_MSN_A/chr.17.l2.ldscore.gz
         MAF        L2
mean  0.2414   17.7597
std   0.1449   42.8993
min   0.0051   -1.7638
25%   0.1135    0.0000
50%   0.2352    0.2482
75%   0.3671   10.0474
max   0.5000  426.3975

MAF/LD Score Correlation Matrix
        MAF      L2
MAF  1.0000  0.1031
L2   0.1031  1.0000

Annotation Correlation Matrix
       ANNOT
ANNOT    1.0

Annotation Matrix Column Sums
ANNOT    44954

Summary of Annotation Matrix Row Sums
count    269222.000
mean          0.167
std           0.373
min           0.000
25%           0.000
50%           0.000
75%           0.000
max           1.000
Analysis finished at Tue Feb 11 21:41:39 2025
Total time elapsed: 1.0m:17.73s
*********************************************************************
* LD Score Regression (LDSC)
* Version 1.0.1
* (C) 2014-2019 Brendan Bulik-Sullivan and Hilary Finucane
* Broad Institute of MIT and Harvard / MIT Department of Mathematics
* GNU General Public License v3
*********************************************************************
Call: 
./ldsc.py \
--print-snps /dcs04/lieber/shared/statsgen/LDSC/base/referencefiles/hapmap3_snps/hm.18.snp \
--ld-wind-cm 1.0 \
--out /dcs04/lieber/marmaypag/spatialNac_LIBD4125/spatial_NAc/processed-data/19_sLDSC/snRNA_seq/input_files/DRD2_MSN_A/chr.18 \
--bfile /dcs04/lieber/shared/statsgen/LDSC/base/referencefiles/1000G_EUR_Phase3_plink/1000G.EUR.QC.18 \
--thin-annot  \
--annot /dcs04/lieber/marmaypag/spatialNac_LIBD4125/spatial_NAc/processed-data/19_sLDSC/snRNA_seq/input_files/DRD2_MSN_A/chr.18.annot.gz \
--l2  

Beginning analysis at Tue Feb 11 21:41:39 2025
Read list of 285156 SNPs from /dcs04/lieber/shared/statsgen/LDSC/base/referencefiles/1000G_EUR_Phase3_plink/1000G.EUR.QC.18.bim
Read 1 annotations for 285156 SNPs from /dcs04/lieber/marmaypag/spatialNac_LIBD4125/spatial_NAc/processed-data/19_sLDSC/snRNA_seq/input_files/DRD2_MSN_A/chr.18.annot.gz
Read list of 489 individuals from /dcs04/lieber/shared/statsgen/LDSC/base/referencefiles/1000G_EUR_Phase3_plink/1000G.EUR.QC.18.fam
Reading genotypes from /dcs04/lieber/shared/statsgen/LDSC/base/referencefiles/1000G_EUR_Phase3_plink/1000G.EUR.QC.18.bed
After filtering, 285156 SNPs remain
Estimating LD Score.
Reading list of 40891 SNPs for which to print LD Scores from /dcs04/lieber/shared/statsgen/LDSC/base/referencefiles/hapmap3_snps/hm.18.snp
After merging with --print-snps, LD Scores for 35326 SNPs will be printed.
Writing LD Scores for 35326 SNPs to /dcs04/lieber/marmaypag/spatialNac_LIBD4125/spatial_NAc/processed-data/19_sLDSC/snRNA_seq/input_files/DRD2_MSN_A/chr.18.l2.ldscore.gz

Summary of LD Scores in /dcs04/lieber/marmaypag/spatialNac_LIBD4125/spatial_NAc/processed-data/19_sLDSC/snRNA_seq/input_files/DRD2_MSN_A/chr.18.l2.ldscore.gz
         MAF        L2
mean  0.2356   17.4274
std   0.1434   47.7088
min   0.0051   -2.9773
25%   0.1094    0.0000
50%   0.2249    0.0000
75%   0.3569    5.3355
max   0.5000  592.6977

MAF/LD Score Correlation Matrix
        MAF      L2
MAF  1.0000  0.0739
L2   0.0739  1.0000

Annotation Correlation Matrix
       ANNOT
ANNOT    1.0

Annotation Matrix Column Sums
ANNOT    44049

Summary of Annotation Matrix Row Sums
count    285156.0000
mean          0.1545
std           0.3614
min           0.0000
25%           0.0000
50%           0.0000
75%           0.0000
max           1.0000
Analysis finished at Tue Feb 11 21:43:03 2025
Total time elapsed: 1.0m:23.5s
*********************************************************************
* LD Score Regression (LDSC)
* Version 1.0.1
* (C) 2014-2019 Brendan Bulik-Sullivan and Hilary Finucane
* Broad Institute of MIT and Harvard / MIT Department of Mathematics
* GNU General Public License v3
*********************************************************************
Call: 
./ldsc.py \
--print-snps /dcs04/lieber/shared/statsgen/LDSC/base/referencefiles/hapmap3_snps/hm.19.snp \
--ld-wind-cm 1.0 \
--out /dcs04/lieber/marmaypag/spatialNac_LIBD4125/spatial_NAc/processed-data/19_sLDSC/snRNA_seq/input_files/DRD2_MSN_A/chr.19 \
--bfile /dcs04/lieber/shared/statsgen/LDSC/base/referencefiles/1000G_EUR_Phase3_plink/1000G.EUR.QC.19 \
--thin-annot  \
--annot /dcs04/lieber/marmaypag/spatialNac_LIBD4125/spatial_NAc/processed-data/19_sLDSC/snRNA_seq/input_files/DRD2_MSN_A/chr.19.annot.gz \
--l2  

Beginning analysis at Tue Feb 11 21:43:03 2025
Read list of 232363 SNPs from /dcs04/lieber/shared/statsgen/LDSC/base/referencefiles/1000G_EUR_Phase3_plink/1000G.EUR.QC.19.bim
Read 1 annotations for 232363 SNPs from /dcs04/lieber/marmaypag/spatialNac_LIBD4125/spatial_NAc/processed-data/19_sLDSC/snRNA_seq/input_files/DRD2_MSN_A/chr.19.annot.gz
Read list of 489 individuals from /dcs04/lieber/shared/statsgen/LDSC/base/referencefiles/1000G_EUR_Phase3_plink/1000G.EUR.QC.19.fam
Reading genotypes from /dcs04/lieber/shared/statsgen/LDSC/base/referencefiles/1000G_EUR_Phase3_plink/1000G.EUR.QC.19.bed
After filtering, 232363 SNPs remain
Estimating LD Score.
Reading list of 26259 SNPs for which to print LD Scores from /dcs04/lieber/shared/statsgen/LDSC/base/referencefiles/hapmap3_snps/hm.19.snp
After merging with --print-snps, LD Scores for 21991 SNPs will be printed.
Writing LD Scores for 21991 SNPs to /dcs04/lieber/marmaypag/spatialNac_LIBD4125/spatial_NAc/processed-data/19_sLDSC/snRNA_seq/input_files/DRD2_MSN_A/chr.19.l2.ldscore.gz

Summary of LD Scores in /dcs04/lieber/marmaypag/spatialNac_LIBD4125/spatial_NAc/processed-data/19_sLDSC/snRNA_seq/input_files/DRD2_MSN_A/chr.19.l2.ldscore.gz
         MAF        L2
mean  0.2369   17.8051
std   0.1428   46.8461
min   0.0051   -4.4957
25%   0.1125    0.0000
50%   0.2331    0.4458
75%   0.3569   10.1266
max   0.5000  742.4959

MAF/LD Score Correlation Matrix
        MAF      L2
MAF  1.0000  0.0228
L2   0.0228  1.0000

Annotation Correlation Matrix
       ANNOT
ANNOT    1.0

Annotation Matrix Column Sums
ANNOT    40692

Summary of Annotation Matrix Row Sums
count    232363.0000
mean          0.1751
std           0.3801
min           0.0000
25%           0.0000
50%           0.0000
75%           0.0000
max           1.0000
Analysis finished at Tue Feb 11 21:44:38 2025
Total time elapsed: 1.0m:34.78s
*********************************************************************
* LD Score Regression (LDSC)
* Version 1.0.1
* (C) 2014-2019 Brendan Bulik-Sullivan and Hilary Finucane
* Broad Institute of MIT and Harvard / MIT Department of Mathematics
* GNU General Public License v3
*********************************************************************
Call: 
./ldsc.py \
--print-snps /dcs04/lieber/shared/statsgen/LDSC/base/referencefiles/hapmap3_snps/hm.20.snp \
--ld-wind-cm 1.0 \
--out /dcs04/lieber/marmaypag/spatialNac_LIBD4125/spatial_NAc/processed-data/19_sLDSC/snRNA_seq/input_files/DRD2_MSN_A/chr.20 \
--bfile /dcs04/lieber/shared/statsgen/LDSC/base/referencefiles/1000G_EUR_Phase3_plink/1000G.EUR.QC.20 \
--thin-annot  \
--annot /dcs04/lieber/marmaypag/spatialNac_LIBD4125/spatial_NAc/processed-data/19_sLDSC/snRNA_seq/input_files/DRD2_MSN_A/chr.20.annot.gz \
--l2  

Beginning analysis at Tue Feb 11 21:44:39 2025
Read list of 221626 SNPs from /dcs04/lieber/shared/statsgen/LDSC/base/referencefiles/1000G_EUR_Phase3_plink/1000G.EUR.QC.20.bim
Read 1 annotations for 221626 SNPs from /dcs04/lieber/marmaypag/spatialNac_LIBD4125/spatial_NAc/processed-data/19_sLDSC/snRNA_seq/input_files/DRD2_MSN_A/chr.20.annot.gz
Read list of 489 individuals from /dcs04/lieber/shared/statsgen/LDSC/base/referencefiles/1000G_EUR_Phase3_plink/1000G.EUR.QC.20.fam
Reading genotypes from /dcs04/lieber/shared/statsgen/LDSC/base/referencefiles/1000G_EUR_Phase3_plink/1000G.EUR.QC.20.bed
After filtering, 221626 SNPs remain
Estimating LD Score.
Reading list of 36301 SNPs for which to print LD Scores from /dcs04/lieber/shared/statsgen/LDSC/base/referencefiles/hapmap3_snps/hm.20.snp
After merging with --print-snps, LD Scores for 31359 SNPs will be printed.
Writing LD Scores for 31359 SNPs to /dcs04/lieber/marmaypag/spatialNac_LIBD4125/spatial_NAc/processed-data/19_sLDSC/snRNA_seq/input_files/DRD2_MSN_A/chr.20.l2.ldscore.gz

Summary of LD Scores in /dcs04/lieber/marmaypag/spatialNac_LIBD4125/spatial_NAc/processed-data/19_sLDSC/snRNA_seq/input_files/DRD2_MSN_A/chr.20.l2.ldscore.gz
         MAF        L2
mean  0.2336   12.8475
std   0.1437   34.6060
min   0.0051   -2.1812
25%   0.1063    0.0000
50%   0.2219    0.0000
75%   0.3569    3.5225
max   0.5000  302.0054

MAF/LD Score Correlation Matrix
        MAF      L2
MAF  1.0000  0.0678
L2   0.0678  1.0000

Annotation Correlation Matrix
       ANNOT
ANNOT    1.0

Annotation Matrix Column Sums
ANNOT    27634

Summary of Annotation Matrix Row Sums
count    221626.0000
mean          0.1247
std           0.3304
min           0.0000
25%           0.0000
50%           0.0000
75%           0.0000
max           1.0000
Analysis finished at Tue Feb 11 21:45:39 2025
Total time elapsed: 1.0m:0.05s
*********************************************************************
* LD Score Regression (LDSC)
* Version 1.0.1
* (C) 2014-2019 Brendan Bulik-Sullivan and Hilary Finucane
* Broad Institute of MIT and Harvard / MIT Department of Mathematics
* GNU General Public License v3
*********************************************************************
Call: 
./ldsc.py \
--print-snps /dcs04/lieber/shared/statsgen/LDSC/base/referencefiles/hapmap3_snps/hm.21.snp \
--ld-wind-cm 1.0 \
--out /dcs04/lieber/marmaypag/spatialNac_LIBD4125/spatial_NAc/processed-data/19_sLDSC/snRNA_seq/input_files/DRD2_MSN_A/chr.21 \
--bfile /dcs04/lieber/shared/statsgen/LDSC/base/referencefiles/1000G_EUR_Phase3_plink/1000G.EUR.QC.21 \
--thin-annot  \
--annot /dcs04/lieber/marmaypag/spatialNac_LIBD4125/spatial_NAc/processed-data/19_sLDSC/snRNA_seq/input_files/DRD2_MSN_A/chr.21.annot.gz \
--l2  

Beginning analysis at Tue Feb 11 21:45:39 2025
Read list of 138712 SNPs from /dcs04/lieber/shared/statsgen/LDSC/base/referencefiles/1000G_EUR_Phase3_plink/1000G.EUR.QC.21.bim
Read 1 annotations for 138712 SNPs from /dcs04/lieber/marmaypag/spatialNac_LIBD4125/spatial_NAc/processed-data/19_sLDSC/snRNA_seq/input_files/DRD2_MSN_A/chr.21.annot.gz
Read list of 489 individuals from /dcs04/lieber/shared/statsgen/LDSC/base/referencefiles/1000G_EUR_Phase3_plink/1000G.EUR.QC.21.fam
Reading genotypes from /dcs04/lieber/shared/statsgen/LDSC/base/referencefiles/1000G_EUR_Phase3_plink/1000G.EUR.QC.21.bed
After filtering, 138712 SNPs remain
Estimating LD Score.
Reading list of 19331 SNPs for which to print LD Scores from /dcs04/lieber/shared/statsgen/LDSC/base/referencefiles/hapmap3_snps/hm.21.snp
After merging with --print-snps, LD Scores for 16993 SNPs will be printed.
Writing LD Scores for 16993 SNPs to /dcs04/lieber/marmaypag/spatialNac_LIBD4125/spatial_NAc/processed-data/19_sLDSC/snRNA_seq/input_files/DRD2_MSN_A/chr.21.l2.ldscore.gz

Summary of LD Scores in /dcs04/lieber/marmaypag/spatialNac_LIBD4125/spatial_NAc/processed-data/19_sLDSC/snRNA_seq/input_files/DRD2_MSN_A/chr.21.l2.ldscore.gz
         MAF        L2
mean  0.2398   13.5903
std   0.1429   40.6422
min   0.0051   -1.6730
25%   0.1155    0.0000
50%   0.2290    0.0000
75%   0.3640    1.4515
max   0.5000  285.8547

MAF/LD Score Correlation Matrix
        MAF      L2
MAF  1.0000  0.0652
L2   0.0652  1.0000

Annotation Correlation Matrix
       ANNOT
ANNOT    1.0

Annotation Matrix Column Sums
ANNOT    18859

Summary of Annotation Matrix Row Sums
count    138712.0000
mean          0.1360
std           0.3427
min           0.0000
25%           0.0000
50%           0.0000
75%           0.0000
max           1.0000
Analysis finished at Tue Feb 11 21:46:07 2025
Total time elapsed: 27.49s
*********************************************************************
* LD Score Regression (LDSC)
* Version 1.0.1
* (C) 2014-2019 Brendan Bulik-Sullivan and Hilary Finucane
* Broad Institute of MIT and Harvard / MIT Department of Mathematics
* GNU General Public License v3
*********************************************************************
Call: 
./ldsc.py \
--print-snps /dcs04/lieber/shared/statsgen/LDSC/base/referencefiles/hapmap3_snps/hm.22.snp \
--ld-wind-cm 1.0 \
--out /dcs04/lieber/marmaypag/spatialNac_LIBD4125/spatial_NAc/processed-data/19_sLDSC/snRNA_seq/input_files/DRD2_MSN_A/chr.22 \
--bfile /dcs04/lieber/shared/statsgen/LDSC/base/referencefiles/1000G_EUR_Phase3_plink/1000G.EUR.QC.22 \
--thin-annot  \
--annot /dcs04/lieber/marmaypag/spatialNac_LIBD4125/spatial_NAc/processed-data/19_sLDSC/snRNA_seq/input_files/DRD2_MSN_A/chr.22.annot.gz \
--l2  

Beginning analysis at Tue Feb 11 21:46:07 2025
Read list of 141123 SNPs from /dcs04/lieber/shared/statsgen/LDSC/base/referencefiles/1000G_EUR_Phase3_plink/1000G.EUR.QC.22.bim
Read 1 annotations for 141123 SNPs from /dcs04/lieber/marmaypag/spatialNac_LIBD4125/spatial_NAc/processed-data/19_sLDSC/snRNA_seq/input_files/DRD2_MSN_A/chr.22.annot.gz
Read list of 489 individuals from /dcs04/lieber/shared/statsgen/LDSC/base/referencefiles/1000G_EUR_Phase3_plink/1000G.EUR.QC.22.fam
Reading genotypes from /dcs04/lieber/shared/statsgen/LDSC/base/referencefiles/1000G_EUR_Phase3_plink/1000G.EUR.QC.22.bed
After filtering, 141123 SNPs remain
Estimating LD Score.
Reading list of 20106 SNPs for which to print LD Scores from /dcs04/lieber/shared/statsgen/LDSC/base/referencefiles/hapmap3_snps/hm.22.snp
After merging with --print-snps, LD Scores for 17261 SNPs will be printed.
Writing LD Scores for 17261 SNPs to /dcs04/lieber/marmaypag/spatialNac_LIBD4125/spatial_NAc/processed-data/19_sLDSC/snRNA_seq/input_files/DRD2_MSN_A/chr.22.l2.ldscore.gz

Summary of LD Scores in /dcs04/lieber/marmaypag/spatialNac_LIBD4125/spatial_NAc/processed-data/19_sLDSC/snRNA_seq/input_files/DRD2_MSN_A/chr.22.l2.ldscore.gz
         MAF        L2
mean  0.2359   13.5746
std   0.1442   37.7905
min   0.0051   -2.0944
25%   0.1084    0.0000
50%   0.2280    0.0000
75%   0.3579    3.1723
max   0.5000  336.4729

MAF/LD Score Correlation Matrix
        MAF      L2
MAF  1.0000  0.0556
L2   0.0556  1.0000

Annotation Correlation Matrix
       ANNOT
ANNOT    1.0

Annotation Matrix Column Sums
ANNOT    19947

Summary of Annotation Matrix Row Sums
count    141123.0000
mean          0.1413
std           0.3484
min           0.0000
25%           0.0000
50%           0.0000
75%           0.0000
max           1.0000
Analysis finished at Tue Feb 11 21:46:46 2025
Total time elapsed: 39.24s
*********************************************************************
* LD Score Regression (LDSC)
* Version 1.0.1
* (C) 2014-2019 Brendan Bulik-Sullivan and Hilary Finucane
* Broad Institute of MIT and Harvard / MIT Department of Mathematics
* GNU General Public License v3
*********************************************************************
Call: 
./ldsc.py \
--print-snps /dcs04/lieber/shared/statsgen/LDSC/base/referencefiles/hapmap3_snps/hm.1.snp \
--ld-wind-cm 1.0 \
--out /dcs04/lieber/marmaypag/spatialNac_LIBD4125/spatial_NAc/processed-data/19_sLDSC/snRNA_seq/input_files/Inh_A/chr.1 \
--bfile /dcs04/lieber/shared/statsgen/LDSC/base/referencefiles/1000G_EUR_Phase3_plink/1000G.EUR.QC.1 \
--thin-annot  \
--annot /dcs04/lieber/marmaypag/spatialNac_LIBD4125/spatial_NAc/processed-data/19_sLDSC/snRNA_seq/input_files/Inh_A/chr.1.annot.gz \
--l2  

Beginning analysis at Tue Feb 11 21:46:47 2025
Read list of 779354 SNPs from /dcs04/lieber/shared/statsgen/LDSC/base/referencefiles/1000G_EUR_Phase3_plink/1000G.EUR.QC.1.bim
Read 1 annotations for 779354 SNPs from /dcs04/lieber/marmaypag/spatialNac_LIBD4125/spatial_NAc/processed-data/19_sLDSC/snRNA_seq/input_files/Inh_A/chr.1.annot.gz
Read list of 489 individuals from /dcs04/lieber/shared/statsgen/LDSC/base/referencefiles/1000G_EUR_Phase3_plink/1000G.EUR.QC.1.fam
Reading genotypes from /dcs04/lieber/shared/statsgen/LDSC/base/referencefiles/1000G_EUR_Phase3_plink/1000G.EUR.QC.1.bed
After filtering, 779354 SNPs remain
Estimating LD Score.
Reading list of 116564 SNPs for which to print LD Scores from /dcs04/lieber/shared/statsgen/LDSC/base/referencefiles/hapmap3_snps/hm.1.snp
After merging with --print-snps, LD Scores for 98690 SNPs will be printed.
Writing LD Scores for 98690 SNPs to /dcs04/lieber/marmaypag/spatialNac_LIBD4125/spatial_NAc/processed-data/19_sLDSC/snRNA_seq/input_files/Inh_A/chr.1.l2.ldscore.gz

Summary of LD Scores in /dcs04/lieber/marmaypag/spatialNac_LIBD4125/spatial_NAc/processed-data/19_sLDSC/snRNA_seq/input_files/Inh_A/chr.1.l2.ldscore.gz
         MAF        L2
mean  0.2329   15.2740
std   0.1442   41.3696
min   0.0051   -1.9499
25%   0.1056    0.0000
50%   0.2219    0.0000
75%   0.3548    5.2482
max   0.5000  470.3840

MAF/LD Score Correlation Matrix
        MAF      L2
MAF  1.0000  0.0375
L2   0.0375  1.0000

Annotation Correlation Matrix
       ANNOT
ANNOT    1.0

Annotation Matrix Column Sums
ANNOT    101780

Summary of Annotation Matrix Row Sums
count    779354.0000
mean          0.1306
std           0.3370
min           0.0000
25%           0.0000
50%           0.0000
75%           0.0000
max           1.0000
Analysis finished at Tue Feb 11 21:50:36 2025
Total time elapsed: 3.0m:49.46s
*********************************************************************
* LD Score Regression (LDSC)
* Version 1.0.1
* (C) 2014-2019 Brendan Bulik-Sullivan and Hilary Finucane
* Broad Institute of MIT and Harvard / MIT Department of Mathematics
* GNU General Public License v3
*********************************************************************
Call: 
./ldsc.py \
--print-snps /dcs04/lieber/shared/statsgen/LDSC/base/referencefiles/hapmap3_snps/hm.2.snp \
--ld-wind-cm 1.0 \
--out /dcs04/lieber/marmaypag/spatialNac_LIBD4125/spatial_NAc/processed-data/19_sLDSC/snRNA_seq/input_files/Inh_A/chr.2 \
--bfile /dcs04/lieber/shared/statsgen/LDSC/base/referencefiles/1000G_EUR_Phase3_plink/1000G.EUR.QC.2 \
--thin-annot  \
--annot /dcs04/lieber/marmaypag/spatialNac_LIBD4125/spatial_NAc/processed-data/19_sLDSC/snRNA_seq/input_files/Inh_A/chr.2.annot.gz \
--l2  

Beginning analysis at Tue Feb 11 21:50:37 2025
Read list of 839590 SNPs from /dcs04/lieber/shared/statsgen/LDSC/base/referencefiles/1000G_EUR_Phase3_plink/1000G.EUR.QC.2.bim
Read 1 annotations for 839590 SNPs from /dcs04/lieber/marmaypag/spatialNac_LIBD4125/spatial_NAc/processed-data/19_sLDSC/snRNA_seq/input_files/Inh_A/chr.2.annot.gz
Read list of 489 individuals from /dcs04/lieber/shared/statsgen/LDSC/base/referencefiles/1000G_EUR_Phase3_plink/1000G.EUR.QC.2.fam
Reading genotypes from /dcs04/lieber/shared/statsgen/LDSC/base/referencefiles/1000G_EUR_Phase3_plink/1000G.EUR.QC.2.bed
After filtering, 839590 SNPs remain
Estimating LD Score.
Reading list of 116575 SNPs for which to print LD Scores from /dcs04/lieber/shared/statsgen/LDSC/base/referencefiles/hapmap3_snps/hm.2.snp
After merging with --print-snps, LD Scores for 100038 SNPs will be printed.
Writing LD Scores for 100038 SNPs to /dcs04/lieber/marmaypag/spatialNac_LIBD4125/spatial_NAc/processed-data/19_sLDSC/snRNA_seq/input_files/Inh_A/chr.2.l2.ldscore.gz

Summary of LD Scores in /dcs04/lieber/marmaypag/spatialNac_LIBD4125/spatial_NAc/processed-data/19_sLDSC/snRNA_seq/input_files/Inh_A/chr.2.l2.ldscore.gz
         MAF        L2
mean  0.2371   22.3651
std   0.1439   47.6559
min   0.0051   -2.5043
25%   0.1115    0.0000
50%   0.2280    0.7833
75%   0.3609   20.2535
max   0.5000  472.2460

MAF/LD Score Correlation Matrix
        MAF      L2
MAF  1.0000  0.0702
L2   0.0702  1.0000

Annotation Correlation Matrix
       ANNOT
ANNOT    1.0

Annotation Matrix Column Sums
ANNOT    149473

Summary of Annotation Matrix Row Sums
count    839590.0000
mean          0.1780
std           0.3825
min           0.0000
25%           0.0000
50%           0.0000
75%           0.0000
max           1.0000
Analysis finished at Tue Feb 11 21:56:00 2025
Total time elapsed: 5.0m:23.41s
*********************************************************************
* LD Score Regression (LDSC)
* Version 1.0.1
* (C) 2014-2019 Brendan Bulik-Sullivan and Hilary Finucane
* Broad Institute of MIT and Harvard / MIT Department of Mathematics
* GNU General Public License v3
*********************************************************************
Call: 
./ldsc.py \
--print-snps /dcs04/lieber/shared/statsgen/LDSC/base/referencefiles/hapmap3_snps/hm.3.snp \
--ld-wind-cm 1.0 \
--out /dcs04/lieber/marmaypag/spatialNac_LIBD4125/spatial_NAc/processed-data/19_sLDSC/snRNA_seq/input_files/Inh_A/chr.3 \
--bfile /dcs04/lieber/shared/statsgen/LDSC/base/referencefiles/1000G_EUR_Phase3_plink/1000G.EUR.QC.3 \
--thin-annot  \
--annot /dcs04/lieber/marmaypag/spatialNac_LIBD4125/spatial_NAc/processed-data/19_sLDSC/snRNA_seq/input_files/Inh_A/chr.3.annot.gz \
--l2  

Beginning analysis at Tue Feb 11 21:56:00 2025
Read list of 706350 SNPs from /dcs04/lieber/shared/statsgen/LDSC/base/referencefiles/1000G_EUR_Phase3_plink/1000G.EUR.QC.3.bim
Read 1 annotations for 706350 SNPs from /dcs04/lieber/marmaypag/spatialNac_LIBD4125/spatial_NAc/processed-data/19_sLDSC/snRNA_seq/input_files/Inh_A/chr.3.annot.gz
Read list of 489 individuals from /dcs04/lieber/shared/statsgen/LDSC/base/referencefiles/1000G_EUR_Phase3_plink/1000G.EUR.QC.3.fam
Reading genotypes from /dcs04/lieber/shared/statsgen/LDSC/base/referencefiles/1000G_EUR_Phase3_plink/1000G.EUR.QC.3.bed
After filtering, 706350 SNPs remain
Estimating LD Score.
Reading list of 96664 SNPs for which to print LD Scores from /dcs04/lieber/shared/statsgen/LDSC/base/referencefiles/hapmap3_snps/hm.3.snp
After merging with --print-snps, LD Scores for 83286 SNPs will be printed.
Writing LD Scores for 83286 SNPs to /dcs04/lieber/marmaypag/spatialNac_LIBD4125/spatial_NAc/processed-data/19_sLDSC/snRNA_seq/input_files/Inh_A/chr.3.l2.ldscore.gz

Summary of LD Scores in /dcs04/lieber/marmaypag/spatialNac_LIBD4125/spatial_NAc/processed-data/19_sLDSC/snRNA_seq/input_files/Inh_A/chr.3.l2.ldscore.gz
         MAF        L2
mean  0.2395   17.3970
std   0.1436   39.9261
min   0.0051   -2.4170
25%   0.1145    0.0000
50%   0.2311    0.3101
75%   0.3630   10.0456
max   0.5000  363.8705

MAF/LD Score Correlation Matrix
        MAF      L2
MAF  1.0000  0.0819
L2   0.0819  1.0000

Annotation Correlation Matrix
       ANNOT
ANNOT    1.0

Annotation Matrix Column Sums
ANNOT    105006

Summary of Annotation Matrix Row Sums
count    706350.0000
mean          0.1487
std           0.3558
min           0.0000
25%           0.0000
50%           0.0000
75%           0.0000
max           1.0000
Analysis finished at Tue Feb 11 22:00:27 2025
Total time elapsed: 4.0m:27.01s
*********************************************************************
* LD Score Regression (LDSC)
* Version 1.0.1
* (C) 2014-2019 Brendan Bulik-Sullivan and Hilary Finucane
* Broad Institute of MIT and Harvard / MIT Department of Mathematics
* GNU General Public License v3
*********************************************************************
Call: 
./ldsc.py \
--print-snps /dcs04/lieber/shared/statsgen/LDSC/base/referencefiles/hapmap3_snps/hm.4.snp \
--ld-wind-cm 1.0 \
--out /dcs04/lieber/marmaypag/spatialNac_LIBD4125/spatial_NAc/processed-data/19_sLDSC/snRNA_seq/input_files/Inh_A/chr.4 \
--bfile /dcs04/lieber/shared/statsgen/LDSC/base/referencefiles/1000G_EUR_Phase3_plink/1000G.EUR.QC.4 \
--thin-annot  \
--annot /dcs04/lieber/marmaypag/spatialNac_LIBD4125/spatial_NAc/processed-data/19_sLDSC/snRNA_seq/input_files/Inh_A/chr.4.annot.gz \
--l2  

Beginning analysis at Tue Feb 11 22:00:28 2025
Read list of 729645 SNPs from /dcs04/lieber/shared/statsgen/LDSC/base/referencefiles/1000G_EUR_Phase3_plink/1000G.EUR.QC.4.bim
Read 1 annotations for 729645 SNPs from /dcs04/lieber/marmaypag/spatialNac_LIBD4125/spatial_NAc/processed-data/19_sLDSC/snRNA_seq/input_files/Inh_A/chr.4.annot.gz
Read list of 489 individuals from /dcs04/lieber/shared/statsgen/LDSC/base/referencefiles/1000G_EUR_Phase3_plink/1000G.EUR.QC.4.fam
Reading genotypes from /dcs04/lieber/shared/statsgen/LDSC/base/referencefiles/1000G_EUR_Phase3_plink/1000G.EUR.QC.4.bed
After filtering, 729645 SNPs remain
Estimating LD Score.
Reading list of 85881 SNPs for which to print LD Scores from /dcs04/lieber/shared/statsgen/LDSC/base/referencefiles/hapmap3_snps/hm.4.snp
After merging with --print-snps, LD Scores for 74259 SNPs will be printed.
Writing LD Scores for 74259 SNPs to /dcs04/lieber/marmaypag/spatialNac_LIBD4125/spatial_NAc/processed-data/19_sLDSC/snRNA_seq/input_files/Inh_A/chr.4.l2.ldscore.gz

Summary of LD Scores in /dcs04/lieber/marmaypag/spatialNac_LIBD4125/spatial_NAc/processed-data/19_sLDSC/snRNA_seq/input_files/Inh_A/chr.4.l2.ldscore.gz
         MAF        L2
mean  0.2367   14.2967
std   0.1431   41.5077
min   0.0051   -2.3441
25%   0.1115    0.0000
50%   0.2301    0.0000
75%   0.3579    3.0305
max   0.5000  413.5374

MAF/LD Score Correlation Matrix
        MAF      L2
MAF  1.0000  0.0637
L2   0.0637  1.0000

Annotation Correlation Matrix
       ANNOT
ANNOT    1.0

Annotation Matrix Column Sums
ANNOT    73323

Summary of Annotation Matrix Row Sums
count    729645.0000
mean          0.1005
std           0.3007
min           0.0000
25%           0.0000
50%           0.0000
75%           0.0000
max           1.0000
Analysis finished at Tue Feb 11 22:04:18 2025
Total time elapsed: 3.0m:50.36s
**** Job ends ****
Tue Feb 11 10:04:18 PM EST 2025
