**** Job starts ****
Thu Jan 16 06:23:03 PM EST 2025
*********************************************************************
* LD Score Regression (LDSC)
* Version 1.0.1
* (C) 2014-2019 Brendan Bulik-Sullivan and Hilary Finucane
* Broad Institute of MIT and Harvard / MIT Department of Mathematics
* GNU General Public License v3
*********************************************************************
Call: 
./ldsc.py \
--print-snps /dcs04/lieber/shared/statsgen/LDSC/base/referencefiles/hapmap3_snps/hm.13.snp \
--ld-wind-cm 1.0 \
--out /dcs04/lieber/marmaypag/spatialNac_LIBD4125/spatial_NAc/processed-data/19_sLDSC/snRNA_seq/input_files/Inh_E/chr.13 \
--bfile /dcs04/lieber/shared/statsgen/LDSC/base/referencefiles/1000G_EUR_Phase3_plink/1000G.EUR.QC.13 \
--thin-annot  \
--annot /dcs04/lieber/marmaypag/spatialNac_LIBD4125/spatial_NAc/processed-data/19_sLDSC/snRNA_seq/input_files/Inh_E/chr.13.annot.gz \
--l2  

Beginning analysis at Thu Jan 16 18:23:04 2025
Read list of 366200 SNPs from /dcs04/lieber/shared/statsgen/LDSC/base/referencefiles/1000G_EUR_Phase3_plink/1000G.EUR.QC.13.bim
Read 1 annotations for 366200 SNPs from /dcs04/lieber/marmaypag/spatialNac_LIBD4125/spatial_NAc/processed-data/19_sLDSC/snRNA_seq/input_files/Inh_E/chr.13.annot.gz
Read list of 489 individuals from /dcs04/lieber/shared/statsgen/LDSC/base/referencefiles/1000G_EUR_Phase3_plink/1000G.EUR.QC.13.fam
Reading genotypes from /dcs04/lieber/shared/statsgen/LDSC/base/referencefiles/1000G_EUR_Phase3_plink/1000G.EUR.QC.13.bed
After filtering, 366200 SNPs remain
Estimating LD Score.
Reading list of 52010 SNPs for which to print LD Scores from /dcs04/lieber/shared/statsgen/LDSC/base/referencefiles/hapmap3_snps/hm.13.snp
After merging with --print-snps, LD Scores for 45136 SNPs will be printed.
Writing LD Scores for 45136 SNPs to /dcs04/lieber/marmaypag/spatialNac_LIBD4125/spatial_NAc/processed-data/19_sLDSC/snRNA_seq/input_files/Inh_E/chr.13.l2.ldscore.gz

Summary of LD Scores in /dcs04/lieber/marmaypag/spatialNac_LIBD4125/spatial_NAc/processed-data/19_sLDSC/snRNA_seq/input_files/Inh_E/chr.13.l2.ldscore.gz
         MAF        L2
mean  0.2329    3.0475
std   0.1436   13.4134
min   0.0051   -1.3665
25%   0.1063    0.0000
50%   0.2198    0.0000
75%   0.3548    0.0000
max   0.5000  166.2097

MAF/LD Score Correlation Matrix
        MAF      L2
MAF  1.0000  0.0333
L2   0.0333  1.0000

Annotation Correlation Matrix
       ANNOT
ANNOT    1.0

Annotation Matrix Column Sums
ANNOT    16724

Summary of Annotation Matrix Row Sums
count    366200.0000
mean          0.0457
std           0.2088
min           0.0000
25%           0.0000
50%           0.0000
75%           0.0000
max           1.0000
Analysis finished at Thu Jan 16 18:24:16 2025
Total time elapsed: 1.0m:11.94s
*********************************************************************
* LD Score Regression (LDSC)
* Version 1.0.1
* (C) 2014-2019 Brendan Bulik-Sullivan and Hilary Finucane
* Broad Institute of MIT and Harvard / MIT Department of Mathematics
* GNU General Public License v3
*********************************************************************
Call: 
./ldsc.py \
--print-snps /dcs04/lieber/shared/statsgen/LDSC/base/referencefiles/hapmap3_snps/hm.14.snp \
--ld-wind-cm 1.0 \
--out /dcs04/lieber/marmaypag/spatialNac_LIBD4125/spatial_NAc/processed-data/19_sLDSC/snRNA_seq/input_files/Inh_E/chr.14 \
--bfile /dcs04/lieber/shared/statsgen/LDSC/base/referencefiles/1000G_EUR_Phase3_plink/1000G.EUR.QC.14 \
--thin-annot  \
--annot /dcs04/lieber/marmaypag/spatialNac_LIBD4125/spatial_NAc/processed-data/19_sLDSC/snRNA_seq/input_files/Inh_E/chr.14.annot.gz \
--l2  

Beginning analysis at Thu Jan 16 18:24:16 2025
Read list of 324698 SNPs from /dcs04/lieber/shared/statsgen/LDSC/base/referencefiles/1000G_EUR_Phase3_plink/1000G.EUR.QC.14.bim
Read 1 annotations for 324698 SNPs from /dcs04/lieber/marmaypag/spatialNac_LIBD4125/spatial_NAc/processed-data/19_sLDSC/snRNA_seq/input_files/Inh_E/chr.14.annot.gz
Read list of 489 individuals from /dcs04/lieber/shared/statsgen/LDSC/base/referencefiles/1000G_EUR_Phase3_plink/1000G.EUR.QC.14.fam
Reading genotypes from /dcs04/lieber/shared/statsgen/LDSC/base/referencefiles/1000G_EUR_Phase3_plink/1000G.EUR.QC.14.bed
After filtering, 324698 SNPs remain
Estimating LD Score.
Reading list of 45556 SNPs for which to print LD Scores from /dcs04/lieber/shared/statsgen/LDSC/base/referencefiles/hapmap3_snps/hm.14.snp
After merging with --print-snps, LD Scores for 39504 SNPs will be printed.
Writing LD Scores for 39504 SNPs to /dcs04/lieber/marmaypag/spatialNac_LIBD4125/spatial_NAc/processed-data/19_sLDSC/snRNA_seq/input_files/Inh_E/chr.14.l2.ldscore.gz

Summary of LD Scores in /dcs04/lieber/marmaypag/spatialNac_LIBD4125/spatial_NAc/processed-data/19_sLDSC/snRNA_seq/input_files/Inh_E/chr.14.l2.ldscore.gz
         MAF        L2
mean  0.2308    6.2665
std   0.1432   22.9495
min   0.0051   -1.4714
25%   0.1053    0.0000
50%   0.2188    0.0000
75%   0.3497    0.5077
max   0.5000  243.1480

MAF/LD Score Correlation Matrix
        MAF      L2
MAF  1.0000  0.0162
L2   0.0162  1.0000

Annotation Correlation Matrix
       ANNOT
ANNOT    1.0

Annotation Matrix Column Sums
ANNOT    18763

Summary of Annotation Matrix Row Sums
count    324698.0000
mean          0.0578
std           0.2333
min           0.0000
25%           0.0000
50%           0.0000
75%           0.0000
max           1.0000
Analysis finished at Thu Jan 16 18:25:37 2025
Total time elapsed: 1.0m:21.04s
*********************************************************************
* LD Score Regression (LDSC)
* Version 1.0.1
* (C) 2014-2019 Brendan Bulik-Sullivan and Hilary Finucane
* Broad Institute of MIT and Harvard / MIT Department of Mathematics
* GNU General Public License v3
*********************************************************************
Call: 
./ldsc.py \
--print-snps /dcs04/lieber/shared/statsgen/LDSC/base/referencefiles/hapmap3_snps/hm.15.snp \
--ld-wind-cm 1.0 \
--out /dcs04/lieber/marmaypag/spatialNac_LIBD4125/spatial_NAc/processed-data/19_sLDSC/snRNA_seq/input_files/Inh_E/chr.15 \
--bfile /dcs04/lieber/shared/statsgen/LDSC/base/referencefiles/1000G_EUR_Phase3_plink/1000G.EUR.QC.15 \
--thin-annot  \
--annot /dcs04/lieber/marmaypag/spatialNac_LIBD4125/spatial_NAc/processed-data/19_sLDSC/snRNA_seq/input_files/Inh_E/chr.15.annot.gz \
--l2  

Beginning analysis at Thu Jan 16 18:25:38 2025
Read list of 287001 SNPs from /dcs04/lieber/shared/statsgen/LDSC/base/referencefiles/1000G_EUR_Phase3_plink/1000G.EUR.QC.15.bim
Read 1 annotations for 287001 SNPs from /dcs04/lieber/marmaypag/spatialNac_LIBD4125/spatial_NAc/processed-data/19_sLDSC/snRNA_seq/input_files/Inh_E/chr.15.annot.gz
Read list of 489 individuals from /dcs04/lieber/shared/statsgen/LDSC/base/referencefiles/1000G_EUR_Phase3_plink/1000G.EUR.QC.15.fam
Reading genotypes from /dcs04/lieber/shared/statsgen/LDSC/base/referencefiles/1000G_EUR_Phase3_plink/1000G.EUR.QC.15.bed
After filtering, 287001 SNPs remain
Estimating LD Score.
Reading list of 42410 SNPs for which to print LD Scores from /dcs04/lieber/shared/statsgen/LDSC/base/referencefiles/hapmap3_snps/hm.15.snp
After merging with --print-snps, LD Scores for 36291 SNPs will be printed.
Writing LD Scores for 36291 SNPs to /dcs04/lieber/marmaypag/spatialNac_LIBD4125/spatial_NAc/processed-data/19_sLDSC/snRNA_seq/input_files/Inh_E/chr.15.l2.ldscore.gz

Summary of LD Scores in /dcs04/lieber/marmaypag/spatialNac_LIBD4125/spatial_NAc/processed-data/19_sLDSC/snRNA_seq/input_files/Inh_E/chr.15.l2.ldscore.gz
         MAF        L2
mean  0.2363   10.3906
std   0.1452   29.4040
min   0.0051   -2.8271
25%   0.1084    0.0000
50%   0.2260    0.0000
75%   0.3630    1.8530
max   0.5000  285.4768

MAF/LD Score Correlation Matrix
        MAF      L2
MAF  1.0000  0.0527
L2   0.0527  1.0000

Annotation Correlation Matrix
       ANNOT
ANNOT    1.0

Annotation Matrix Column Sums
ANNOT    26278

Summary of Annotation Matrix Row Sums
count    287001.0000
mean          0.0916
std           0.2884
min           0.0000
25%           0.0000
50%           0.0000
75%           0.0000
max           1.0000
Analysis finished at Thu Jan 16 18:27:00 2025
Total time elapsed: 1.0m:22.54s
*********************************************************************
* LD Score Regression (LDSC)
* Version 1.0.1
* (C) 2014-2019 Brendan Bulik-Sullivan and Hilary Finucane
* Broad Institute of MIT and Harvard / MIT Department of Mathematics
* GNU General Public License v3
*********************************************************************
Call: 
./ldsc.py \
--print-snps /dcs04/lieber/shared/statsgen/LDSC/base/referencefiles/hapmap3_snps/hm.16.snp \
--ld-wind-cm 1.0 \
--out /dcs04/lieber/marmaypag/spatialNac_LIBD4125/spatial_NAc/processed-data/19_sLDSC/snRNA_seq/input_files/Inh_E/chr.16 \
--bfile /dcs04/lieber/shared/statsgen/LDSC/base/referencefiles/1000G_EUR_Phase3_plink/1000G.EUR.QC.16 \
--thin-annot  \
--annot /dcs04/lieber/marmaypag/spatialNac_LIBD4125/spatial_NAc/processed-data/19_sLDSC/snRNA_seq/input_files/Inh_E/chr.16.annot.gz \
--l2  

Beginning analysis at Thu Jan 16 18:27:01 2025
Read list of 316981 SNPs from /dcs04/lieber/shared/statsgen/LDSC/base/referencefiles/1000G_EUR_Phase3_plink/1000G.EUR.QC.16.bim
Read 1 annotations for 316981 SNPs from /dcs04/lieber/marmaypag/spatialNac_LIBD4125/spatial_NAc/processed-data/19_sLDSC/snRNA_seq/input_files/Inh_E/chr.16.annot.gz
Read list of 489 individuals from /dcs04/lieber/shared/statsgen/LDSC/base/referencefiles/1000G_EUR_Phase3_plink/1000G.EUR.QC.16.fam
Reading genotypes from /dcs04/lieber/shared/statsgen/LDSC/base/referencefiles/1000G_EUR_Phase3_plink/1000G.EUR.QC.16.bed
After filtering, 316981 SNPs remain
Estimating LD Score.
Reading list of 44710 SNPs for which to print LD Scores from /dcs04/lieber/shared/statsgen/LDSC/base/referencefiles/hapmap3_snps/hm.16.snp
After merging with --print-snps, LD Scores for 37656 SNPs will be printed.
Writing LD Scores for 37656 SNPs to /dcs04/lieber/marmaypag/spatialNac_LIBD4125/spatial_NAc/processed-data/19_sLDSC/snRNA_seq/input_files/Inh_E/chr.16.l2.ldscore.gz

Summary of LD Scores in /dcs04/lieber/marmaypag/spatialNac_LIBD4125/spatial_NAc/processed-data/19_sLDSC/snRNA_seq/input_files/Inh_E/chr.16.l2.ldscore.gz
         MAF        L2
mean  0.2370   10.2719
std   0.1437   36.1426
min   0.0051   -1.7641
25%   0.1115    0.0000
50%   0.2290    0.0000
75%   0.3589    0.9692
max   0.5000  490.6745

MAF/LD Score Correlation Matrix
        MAF      L2
MAF  1.0000 -0.0149
L2  -0.0149  1.0000

Annotation Correlation Matrix
       ANNOT
ANNOT    1.0

Annotation Matrix Column Sums
ANNOT    29360

Summary of Annotation Matrix Row Sums
count    316981.0000
mean          0.0926
std           0.2899
min           0.0000
25%           0.0000
50%           0.0000
75%           0.0000
max           1.0000
Analysis finished at Thu Jan 16 18:28:29 2025
Total time elapsed: 1.0m:27.9s
*********************************************************************
* LD Score Regression (LDSC)
* Version 1.0.1
* (C) 2014-2019 Brendan Bulik-Sullivan and Hilary Finucane
* Broad Institute of MIT and Harvard / MIT Department of Mathematics
* GNU General Public License v3
*********************************************************************
Call: 
./ldsc.py \
--print-snps /dcs04/lieber/shared/statsgen/LDSC/base/referencefiles/hapmap3_snps/hm.17.snp \
--ld-wind-cm 1.0 \
--out /dcs04/lieber/marmaypag/spatialNac_LIBD4125/spatial_NAc/processed-data/19_sLDSC/snRNA_seq/input_files/Inh_E/chr.17 \
--bfile /dcs04/lieber/shared/statsgen/LDSC/base/referencefiles/1000G_EUR_Phase3_plink/1000G.EUR.QC.17 \
--thin-annot  \
--annot /dcs04/lieber/marmaypag/spatialNac_LIBD4125/spatial_NAc/processed-data/19_sLDSC/snRNA_seq/input_files/Inh_E/chr.17.annot.gz \
--l2  

Beginning analysis at Thu Jan 16 18:28:29 2025
Read list of 269222 SNPs from /dcs04/lieber/shared/statsgen/LDSC/base/referencefiles/1000G_EUR_Phase3_plink/1000G.EUR.QC.17.bim
Read 1 annotations for 269222 SNPs from /dcs04/lieber/marmaypag/spatialNac_LIBD4125/spatial_NAc/processed-data/19_sLDSC/snRNA_seq/input_files/Inh_E/chr.17.annot.gz
Read list of 489 individuals from /dcs04/lieber/shared/statsgen/LDSC/base/referencefiles/1000G_EUR_Phase3_plink/1000G.EUR.QC.17.fam
Reading genotypes from /dcs04/lieber/shared/statsgen/LDSC/base/referencefiles/1000G_EUR_Phase3_plink/1000G.EUR.QC.17.bed
After filtering, 269222 SNPs remain
Estimating LD Score.
Reading list of 38396 SNPs for which to print LD Scores from /dcs04/lieber/shared/statsgen/LDSC/base/referencefiles/hapmap3_snps/hm.17.snp
After merging with --print-snps, LD Scores for 32315 SNPs will be printed.
Writing LD Scores for 32315 SNPs to /dcs04/lieber/marmaypag/spatialNac_LIBD4125/spatial_NAc/processed-data/19_sLDSC/snRNA_seq/input_files/Inh_E/chr.17.l2.ldscore.gz

Summary of LD Scores in /dcs04/lieber/marmaypag/spatialNac_LIBD4125/spatial_NAc/processed-data/19_sLDSC/snRNA_seq/input_files/Inh_E/chr.17.l2.ldscore.gz
         MAF        L2
mean  0.2414   10.7139
std   0.1449   29.1402
min   0.0051   -1.5172
25%   0.1135    0.0000
50%   0.2352    0.0000
75%   0.3671    2.6709
max   0.5000  268.7063

MAF/LD Score Correlation Matrix
        MAF      L2
MAF  1.0000  0.0724
L2   0.0724  1.0000

Annotation Correlation Matrix
       ANNOT
ANNOT    1.0

Annotation Matrix Column Sums
ANNOT    28311

Summary of Annotation Matrix Row Sums
count    269222.0000
mean          0.1052
std           0.3068
min           0.0000
25%           0.0000
50%           0.0000
75%           0.0000
max           1.0000
Analysis finished at Thu Jan 16 18:29:43 2025
Total time elapsed: 1.0m:13.81s
*********************************************************************
* LD Score Regression (LDSC)
* Version 1.0.1
* (C) 2014-2019 Brendan Bulik-Sullivan and Hilary Finucane
* Broad Institute of MIT and Harvard / MIT Department of Mathematics
* GNU General Public License v3
*********************************************************************
Call: 
./ldsc.py \
--print-snps /dcs04/lieber/shared/statsgen/LDSC/base/referencefiles/hapmap3_snps/hm.18.snp \
--ld-wind-cm 1.0 \
--out /dcs04/lieber/marmaypag/spatialNac_LIBD4125/spatial_NAc/processed-data/19_sLDSC/snRNA_seq/input_files/Inh_E/chr.18 \
--bfile /dcs04/lieber/shared/statsgen/LDSC/base/referencefiles/1000G_EUR_Phase3_plink/1000G.EUR.QC.18 \
--thin-annot  \
--annot /dcs04/lieber/marmaypag/spatialNac_LIBD4125/spatial_NAc/processed-data/19_sLDSC/snRNA_seq/input_files/Inh_E/chr.18.annot.gz \
--l2  

Beginning analysis at Thu Jan 16 18:29:43 2025
Read list of 285156 SNPs from /dcs04/lieber/shared/statsgen/LDSC/base/referencefiles/1000G_EUR_Phase3_plink/1000G.EUR.QC.18.bim
Read 1 annotations for 285156 SNPs from /dcs04/lieber/marmaypag/spatialNac_LIBD4125/spatial_NAc/processed-data/19_sLDSC/snRNA_seq/input_files/Inh_E/chr.18.annot.gz
Read list of 489 individuals from /dcs04/lieber/shared/statsgen/LDSC/base/referencefiles/1000G_EUR_Phase3_plink/1000G.EUR.QC.18.fam
Reading genotypes from /dcs04/lieber/shared/statsgen/LDSC/base/referencefiles/1000G_EUR_Phase3_plink/1000G.EUR.QC.18.bed
After filtering, 285156 SNPs remain
Estimating LD Score.
Reading list of 40891 SNPs for which to print LD Scores from /dcs04/lieber/shared/statsgen/LDSC/base/referencefiles/hapmap3_snps/hm.18.snp
After merging with --print-snps, LD Scores for 35326 SNPs will be printed.
Writing LD Scores for 35326 SNPs to /dcs04/lieber/marmaypag/spatialNac_LIBD4125/spatial_NAc/processed-data/19_sLDSC/snRNA_seq/input_files/Inh_E/chr.18.l2.ldscore.gz

Summary of LD Scores in /dcs04/lieber/marmaypag/spatialNac_LIBD4125/spatial_NAc/processed-data/19_sLDSC/snRNA_seq/input_files/Inh_E/chr.18.l2.ldscore.gz
         MAF        L2
mean  0.2356   11.6468
std   0.1434   36.2268
min   0.0051   -2.2775
25%   0.1094    0.0000
50%   0.2249    0.0000
75%   0.3569    2.0104
max   0.5000  503.3537

MAF/LD Score Correlation Matrix
        MAF      L2
MAF  1.0000  0.0926
L2   0.0926  1.0000

Annotation Correlation Matrix
       ANNOT
ANNOT    1.0

Annotation Matrix Column Sums
ANNOT    30196

Summary of Annotation Matrix Row Sums
count    285156.0000
mean          0.1059
std           0.3077
min           0.0000
25%           0.0000
50%           0.0000
75%           0.0000
max           1.0000
Analysis finished at Thu Jan 16 18:30:55 2025
Total time elapsed: 1.0m:11.28s
*********************************************************************
* LD Score Regression (LDSC)
* Version 1.0.1
* (C) 2014-2019 Brendan Bulik-Sullivan and Hilary Finucane
* Broad Institute of MIT and Harvard / MIT Department of Mathematics
* GNU General Public License v3
*********************************************************************
Call: 
./ldsc.py \
--print-snps /dcs04/lieber/shared/statsgen/LDSC/base/referencefiles/hapmap3_snps/hm.19.snp \
--ld-wind-cm 1.0 \
--out /dcs04/lieber/marmaypag/spatialNac_LIBD4125/spatial_NAc/processed-data/19_sLDSC/snRNA_seq/input_files/Inh_E/chr.19 \
--bfile /dcs04/lieber/shared/statsgen/LDSC/base/referencefiles/1000G_EUR_Phase3_plink/1000G.EUR.QC.19 \
--thin-annot  \
--annot /dcs04/lieber/marmaypag/spatialNac_LIBD4125/spatial_NAc/processed-data/19_sLDSC/snRNA_seq/input_files/Inh_E/chr.19.annot.gz \
--l2  

Beginning analysis at Thu Jan 16 18:30:55 2025
Read list of 232363 SNPs from /dcs04/lieber/shared/statsgen/LDSC/base/referencefiles/1000G_EUR_Phase3_plink/1000G.EUR.QC.19.bim
Read 1 annotations for 232363 SNPs from /dcs04/lieber/marmaypag/spatialNac_LIBD4125/spatial_NAc/processed-data/19_sLDSC/snRNA_seq/input_files/Inh_E/chr.19.annot.gz
Read list of 489 individuals from /dcs04/lieber/shared/statsgen/LDSC/base/referencefiles/1000G_EUR_Phase3_plink/1000G.EUR.QC.19.fam
Reading genotypes from /dcs04/lieber/shared/statsgen/LDSC/base/referencefiles/1000G_EUR_Phase3_plink/1000G.EUR.QC.19.bed
After filtering, 232363 SNPs remain
Estimating LD Score.
Reading list of 26259 SNPs for which to print LD Scores from /dcs04/lieber/shared/statsgen/LDSC/base/referencefiles/hapmap3_snps/hm.19.snp
After merging with --print-snps, LD Scores for 21991 SNPs will be printed.
Writing LD Scores for 21991 SNPs to /dcs04/lieber/marmaypag/spatialNac_LIBD4125/spatial_NAc/processed-data/19_sLDSC/snRNA_seq/input_files/Inh_E/chr.19.l2.ldscore.gz

Summary of LD Scores in /dcs04/lieber/marmaypag/spatialNac_LIBD4125/spatial_NAc/processed-data/19_sLDSC/snRNA_seq/input_files/Inh_E/chr.19.l2.ldscore.gz
         MAF        L2
mean  0.2369   15.2831
std   0.1428   32.8429
min   0.0051   -2.2356
25%   0.1125    0.0000
50%   0.2331    0.8855
75%   0.3569   13.4029
max   0.5000  257.5441

MAF/LD Score Correlation Matrix
        MAF      L2
MAF  1.0000  0.0163
L2   0.0163  1.0000

Annotation Correlation Matrix
       ANNOT
ANNOT    1.0

Annotation Matrix Column Sums
ANNOT    40374

Summary of Annotation Matrix Row Sums
count    232363.0000
mean          0.1738
std           0.3789
min           0.0000
25%           0.0000
50%           0.0000
75%           0.0000
max           1.0000
Analysis finished at Thu Jan 16 18:32:26 2025
Total time elapsed: 1.0m:31.07s
*********************************************************************
* LD Score Regression (LDSC)
* Version 1.0.1
* (C) 2014-2019 Brendan Bulik-Sullivan and Hilary Finucane
* Broad Institute of MIT and Harvard / MIT Department of Mathematics
* GNU General Public License v3
*********************************************************************
Call: 
./ldsc.py \
--print-snps /dcs04/lieber/shared/statsgen/LDSC/base/referencefiles/hapmap3_snps/hm.20.snp \
--ld-wind-cm 1.0 \
--out /dcs04/lieber/marmaypag/spatialNac_LIBD4125/spatial_NAc/processed-data/19_sLDSC/snRNA_seq/input_files/Inh_E/chr.20 \
--bfile /dcs04/lieber/shared/statsgen/LDSC/base/referencefiles/1000G_EUR_Phase3_plink/1000G.EUR.QC.20 \
--thin-annot  \
--annot /dcs04/lieber/marmaypag/spatialNac_LIBD4125/spatial_NAc/processed-data/19_sLDSC/snRNA_seq/input_files/Inh_E/chr.20.annot.gz \
--l2  

Beginning analysis at Thu Jan 16 18:32:27 2025
Read list of 221626 SNPs from /dcs04/lieber/shared/statsgen/LDSC/base/referencefiles/1000G_EUR_Phase3_plink/1000G.EUR.QC.20.bim
Read 1 annotations for 221626 SNPs from /dcs04/lieber/marmaypag/spatialNac_LIBD4125/spatial_NAc/processed-data/19_sLDSC/snRNA_seq/input_files/Inh_E/chr.20.annot.gz
Read list of 489 individuals from /dcs04/lieber/shared/statsgen/LDSC/base/referencefiles/1000G_EUR_Phase3_plink/1000G.EUR.QC.20.fam
Reading genotypes from /dcs04/lieber/shared/statsgen/LDSC/base/referencefiles/1000G_EUR_Phase3_plink/1000G.EUR.QC.20.bed
After filtering, 221626 SNPs remain
Estimating LD Score.
Reading list of 36301 SNPs for which to print LD Scores from /dcs04/lieber/shared/statsgen/LDSC/base/referencefiles/hapmap3_snps/hm.20.snp
After merging with --print-snps, LD Scores for 31359 SNPs will be printed.
Writing LD Scores for 31359 SNPs to /dcs04/lieber/marmaypag/spatialNac_LIBD4125/spatial_NAc/processed-data/19_sLDSC/snRNA_seq/input_files/Inh_E/chr.20.l2.ldscore.gz

Summary of LD Scores in /dcs04/lieber/marmaypag/spatialNac_LIBD4125/spatial_NAc/processed-data/19_sLDSC/snRNA_seq/input_files/Inh_E/chr.20.l2.ldscore.gz
         MAF        L2
mean  0.2336   10.3706
std   0.1437   23.9987
min   0.0051   -0.9773
25%   0.1063    0.0000
50%   0.2219    0.0000
75%   0.3569    4.6647
max   0.5000  202.3736

MAF/LD Score Correlation Matrix
       MAF     L2
MAF  1.000  0.098
L2   0.098  1.000

Annotation Correlation Matrix
       ANNOT
ANNOT    1.0

Annotation Matrix Column Sums
ANNOT    29872

Summary of Annotation Matrix Row Sums
count    221626.0000
mean          0.1348
std           0.3415
min           0.0000
25%           0.0000
50%           0.0000
75%           0.0000
max           1.0000
Analysis finished at Thu Jan 16 18:33:31 2025
Total time elapsed: 1.0m:4.9s
*********************************************************************
* LD Score Regression (LDSC)
* Version 1.0.1
* (C) 2014-2019 Brendan Bulik-Sullivan and Hilary Finucane
* Broad Institute of MIT and Harvard / MIT Department of Mathematics
* GNU General Public License v3
*********************************************************************
Call: 
./ldsc.py \
--print-snps /dcs04/lieber/shared/statsgen/LDSC/base/referencefiles/hapmap3_snps/hm.21.snp \
--ld-wind-cm 1.0 \
--out /dcs04/lieber/marmaypag/spatialNac_LIBD4125/spatial_NAc/processed-data/19_sLDSC/snRNA_seq/input_files/Inh_E/chr.21 \
--bfile /dcs04/lieber/shared/statsgen/LDSC/base/referencefiles/1000G_EUR_Phase3_plink/1000G.EUR.QC.21 \
--thin-annot  \
--annot /dcs04/lieber/marmaypag/spatialNac_LIBD4125/spatial_NAc/processed-data/19_sLDSC/snRNA_seq/input_files/Inh_E/chr.21.annot.gz \
--l2  

Beginning analysis at Thu Jan 16 18:33:32 2025
Read list of 138712 SNPs from /dcs04/lieber/shared/statsgen/LDSC/base/referencefiles/1000G_EUR_Phase3_plink/1000G.EUR.QC.21.bim
Read 1 annotations for 138712 SNPs from /dcs04/lieber/marmaypag/spatialNac_LIBD4125/spatial_NAc/processed-data/19_sLDSC/snRNA_seq/input_files/Inh_E/chr.21.annot.gz
Read list of 489 individuals from /dcs04/lieber/shared/statsgen/LDSC/base/referencefiles/1000G_EUR_Phase3_plink/1000G.EUR.QC.21.fam
Reading genotypes from /dcs04/lieber/shared/statsgen/LDSC/base/referencefiles/1000G_EUR_Phase3_plink/1000G.EUR.QC.21.bed
After filtering, 138712 SNPs remain
Estimating LD Score.
Reading list of 19331 SNPs for which to print LD Scores from /dcs04/lieber/shared/statsgen/LDSC/base/referencefiles/hapmap3_snps/hm.21.snp
After merging with --print-snps, LD Scores for 16993 SNPs will be printed.
Writing LD Scores for 16993 SNPs to /dcs04/lieber/marmaypag/spatialNac_LIBD4125/spatial_NAc/processed-data/19_sLDSC/snRNA_seq/input_files/Inh_E/chr.21.l2.ldscore.gz

Summary of LD Scores in /dcs04/lieber/marmaypag/spatialNac_LIBD4125/spatial_NAc/processed-data/19_sLDSC/snRNA_seq/input_files/Inh_E/chr.21.l2.ldscore.gz
         MAF        L2
mean  0.2398    4.2229
std   0.1429   17.6143
min   0.0051   -1.5798
25%   0.1155    0.0000
50%   0.2290    0.0000
75%   0.3640    0.0000
max   0.5000  172.0334

MAF/LD Score Correlation Matrix
        MAF      L2
MAF  1.0000 -0.0176
L2  -0.0176  1.0000

Annotation Correlation Matrix
       ANNOT
ANNOT    1.0

Annotation Matrix Column Sums
ANNOT    7497

Summary of Annotation Matrix Row Sums
count    138712.0000
mean          0.0540
std           0.2261
min           0.0000
25%           0.0000
50%           0.0000
75%           0.0000
max           1.0000
Analysis finished at Thu Jan 16 18:33:56 2025
Total time elapsed: 23.75s
*********************************************************************
* LD Score Regression (LDSC)
* Version 1.0.1
* (C) 2014-2019 Brendan Bulik-Sullivan and Hilary Finucane
* Broad Institute of MIT and Harvard / MIT Department of Mathematics
* GNU General Public License v3
*********************************************************************
Call: 
./ldsc.py \
--print-snps /dcs04/lieber/shared/statsgen/LDSC/base/referencefiles/hapmap3_snps/hm.22.snp \
--ld-wind-cm 1.0 \
--out /dcs04/lieber/marmaypag/spatialNac_LIBD4125/spatial_NAc/processed-data/19_sLDSC/snRNA_seq/input_files/Inh_E/chr.22 \
--bfile /dcs04/lieber/shared/statsgen/LDSC/base/referencefiles/1000G_EUR_Phase3_plink/1000G.EUR.QC.22 \
--thin-annot  \
--annot /dcs04/lieber/marmaypag/spatialNac_LIBD4125/spatial_NAc/processed-data/19_sLDSC/snRNA_seq/input_files/Inh_E/chr.22.annot.gz \
--l2  

Beginning analysis at Thu Jan 16 18:33:56 2025
Read list of 141123 SNPs from /dcs04/lieber/shared/statsgen/LDSC/base/referencefiles/1000G_EUR_Phase3_plink/1000G.EUR.QC.22.bim
Read 1 annotations for 141123 SNPs from /dcs04/lieber/marmaypag/spatialNac_LIBD4125/spatial_NAc/processed-data/19_sLDSC/snRNA_seq/input_files/Inh_E/chr.22.annot.gz
Read list of 489 individuals from /dcs04/lieber/shared/statsgen/LDSC/base/referencefiles/1000G_EUR_Phase3_plink/1000G.EUR.QC.22.fam
Reading genotypes from /dcs04/lieber/shared/statsgen/LDSC/base/referencefiles/1000G_EUR_Phase3_plink/1000G.EUR.QC.22.bed
After filtering, 141123 SNPs remain
Estimating LD Score.
Reading list of 20106 SNPs for which to print LD Scores from /dcs04/lieber/shared/statsgen/LDSC/base/referencefiles/hapmap3_snps/hm.22.snp
After merging with --print-snps, LD Scores for 17261 SNPs will be printed.
Writing LD Scores for 17261 SNPs to /dcs04/lieber/marmaypag/spatialNac_LIBD4125/spatial_NAc/processed-data/19_sLDSC/snRNA_seq/input_files/Inh_E/chr.22.l2.ldscore.gz

Summary of LD Scores in /dcs04/lieber/marmaypag/spatialNac_LIBD4125/spatial_NAc/processed-data/19_sLDSC/snRNA_seq/input_files/Inh_E/chr.22.l2.ldscore.gz
         MAF        L2
mean  0.2359   10.7891
std   0.1442   24.7422
min   0.0051   -1.1426
25%   0.1084    0.0000
50%   0.2280    0.0000
75%   0.3579    5.0399
max   0.5000  243.4746

MAF/LD Score Correlation Matrix
        MAF      L2
MAF  1.0000  0.0448
L2   0.0448  1.0000

Annotation Correlation Matrix
       ANNOT
ANNOT    1.0

Annotation Matrix Column Sums
ANNOT    17324

Summary of Annotation Matrix Row Sums
count    141123.0000
mean          0.1228
std           0.3282
min           0.0000
25%           0.0000
50%           0.0000
75%           0.0000
max           1.0000
Analysis finished at Thu Jan 16 18:34:35 2025
Total time elapsed: 38.68s
*********************************************************************
* LD Score Regression (LDSC)
* Version 1.0.1
* (C) 2014-2019 Brendan Bulik-Sullivan and Hilary Finucane
* Broad Institute of MIT and Harvard / MIT Department of Mathematics
* GNU General Public License v3
*********************************************************************
Call: 
./ldsc.py \
--print-snps /dcs04/lieber/shared/statsgen/LDSC/base/referencefiles/hapmap3_snps/hm.1.snp \
--ld-wind-cm 1.0 \
--out /dcs04/lieber/marmaypag/spatialNac_LIBD4125/spatial_NAc/processed-data/19_sLDSC/snRNA_seq/input_files/Excitatory/chr.1 \
--bfile /dcs04/lieber/shared/statsgen/LDSC/base/referencefiles/1000G_EUR_Phase3_plink/1000G.EUR.QC.1 \
--thin-annot  \
--annot /dcs04/lieber/marmaypag/spatialNac_LIBD4125/spatial_NAc/processed-data/19_sLDSC/snRNA_seq/input_files/Excitatory/chr.1.annot.gz \
--l2  

Beginning analysis at Thu Jan 16 18:34:35 2025
Read list of 779354 SNPs from /dcs04/lieber/shared/statsgen/LDSC/base/referencefiles/1000G_EUR_Phase3_plink/1000G.EUR.QC.1.bim
Read 1 annotations for 779354 SNPs from /dcs04/lieber/marmaypag/spatialNac_LIBD4125/spatial_NAc/processed-data/19_sLDSC/snRNA_seq/input_files/Excitatory/chr.1.annot.gz
Read list of 489 individuals from /dcs04/lieber/shared/statsgen/LDSC/base/referencefiles/1000G_EUR_Phase3_plink/1000G.EUR.QC.1.fam
Reading genotypes from /dcs04/lieber/shared/statsgen/LDSC/base/referencefiles/1000G_EUR_Phase3_plink/1000G.EUR.QC.1.bed
After filtering, 779354 SNPs remain
Estimating LD Score.
Reading list of 116564 SNPs for which to print LD Scores from /dcs04/lieber/shared/statsgen/LDSC/base/referencefiles/hapmap3_snps/hm.1.snp
After merging with --print-snps, LD Scores for 98690 SNPs will be printed.
Writing LD Scores for 98690 SNPs to /dcs04/lieber/marmaypag/spatialNac_LIBD4125/spatial_NAc/processed-data/19_sLDSC/snRNA_seq/input_files/Excitatory/chr.1.l2.ldscore.gz

Summary of LD Scores in /dcs04/lieber/marmaypag/spatialNac_LIBD4125/spatial_NAc/processed-data/19_sLDSC/snRNA_seq/input_files/Excitatory/chr.1.l2.ldscore.gz
         MAF        L2
mean  0.2329   16.2083
std   0.1442   40.2101
min   0.0051   -3.8699
25%   0.1056    0.0000
50%   0.2219    0.2124
75%   0.3548    9.1044
max   0.5000  506.4204

MAF/LD Score Correlation Matrix
        MAF      L2
MAF  1.0000  0.0439
L2   0.0439  1.0000

Annotation Correlation Matrix
       ANNOT
ANNOT    1.0

Annotation Matrix Column Sums
ANNOT    116128

Summary of Annotation Matrix Row Sums
count    779354.0000
mean          0.1490
std           0.3561
min           0.0000
25%           0.0000
50%           0.0000
75%           0.0000
max           1.0000
Analysis finished at Thu Jan 16 18:38:53 2025
Total time elapsed: 4.0m:17.4s
*********************************************************************
* LD Score Regression (LDSC)
* Version 1.0.1
* (C) 2014-2019 Brendan Bulik-Sullivan and Hilary Finucane
* Broad Institute of MIT and Harvard / MIT Department of Mathematics
* GNU General Public License v3
*********************************************************************
Call: 
./ldsc.py \
--print-snps /dcs04/lieber/shared/statsgen/LDSC/base/referencefiles/hapmap3_snps/hm.2.snp \
--ld-wind-cm 1.0 \
--out /dcs04/lieber/marmaypag/spatialNac_LIBD4125/spatial_NAc/processed-data/19_sLDSC/snRNA_seq/input_files/Excitatory/chr.2 \
--bfile /dcs04/lieber/shared/statsgen/LDSC/base/referencefiles/1000G_EUR_Phase3_plink/1000G.EUR.QC.2 \
--thin-annot  \
--annot /dcs04/lieber/marmaypag/spatialNac_LIBD4125/spatial_NAc/processed-data/19_sLDSC/snRNA_seq/input_files/Excitatory/chr.2.annot.gz \
--l2  

Beginning analysis at Thu Jan 16 18:38:53 2025
Read list of 839590 SNPs from /dcs04/lieber/shared/statsgen/LDSC/base/referencefiles/1000G_EUR_Phase3_plink/1000G.EUR.QC.2.bim
Read 1 annotations for 839590 SNPs from /dcs04/lieber/marmaypag/spatialNac_LIBD4125/spatial_NAc/processed-data/19_sLDSC/snRNA_seq/input_files/Excitatory/chr.2.annot.gz
Read list of 489 individuals from /dcs04/lieber/shared/statsgen/LDSC/base/referencefiles/1000G_EUR_Phase3_plink/1000G.EUR.QC.2.fam
Reading genotypes from /dcs04/lieber/shared/statsgen/LDSC/base/referencefiles/1000G_EUR_Phase3_plink/1000G.EUR.QC.2.bed
After filtering, 839590 SNPs remain
Estimating LD Score.
Reading list of 116575 SNPs for which to print LD Scores from /dcs04/lieber/shared/statsgen/LDSC/base/referencefiles/hapmap3_snps/hm.2.snp
After merging with --print-snps, LD Scores for 100038 SNPs will be printed.
Writing LD Scores for 100038 SNPs to /dcs04/lieber/marmaypag/spatialNac_LIBD4125/spatial_NAc/processed-data/19_sLDSC/snRNA_seq/input_files/Excitatory/chr.2.l2.ldscore.gz

Summary of LD Scores in /dcs04/lieber/marmaypag/spatialNac_LIBD4125/spatial_NAc/processed-data/19_sLDSC/snRNA_seq/input_files/Excitatory/chr.2.l2.ldscore.gz
         MAF        L2
mean  0.2371   18.3448
std   0.1439   41.7723
min   0.0051   -2.5452
25%   0.1115    0.0000
50%   0.2280    0.3442
75%   0.3609    9.7427
max   0.5000  422.3902

MAF/LD Score Correlation Matrix
        MAF      L2
MAF  1.0000  0.0474
L2   0.0474  1.0000

Annotation Correlation Matrix
       ANNOT
ANNOT    1.0

Annotation Matrix Column Sums
ANNOT    130768

Summary of Annotation Matrix Row Sums
count    839590.0000
mean          0.1558
std           0.3626
min           0.0000
25%           0.0000
50%           0.0000
75%           0.0000
max           1.0000
Analysis finished at Thu Jan 16 18:43:52 2025
Total time elapsed: 4.0m:58.82s
*********************************************************************
* LD Score Regression (LDSC)
* Version 1.0.1
* (C) 2014-2019 Brendan Bulik-Sullivan and Hilary Finucane
* Broad Institute of MIT and Harvard / MIT Department of Mathematics
* GNU General Public License v3
*********************************************************************
Call: 
./ldsc.py \
--print-snps /dcs04/lieber/shared/statsgen/LDSC/base/referencefiles/hapmap3_snps/hm.3.snp \
--ld-wind-cm 1.0 \
--out /dcs04/lieber/marmaypag/spatialNac_LIBD4125/spatial_NAc/processed-data/19_sLDSC/snRNA_seq/input_files/Excitatory/chr.3 \
--bfile /dcs04/lieber/shared/statsgen/LDSC/base/referencefiles/1000G_EUR_Phase3_plink/1000G.EUR.QC.3 \
--thin-annot  \
--annot /dcs04/lieber/marmaypag/spatialNac_LIBD4125/spatial_NAc/processed-data/19_sLDSC/snRNA_seq/input_files/Excitatory/chr.3.annot.gz \
--l2  

Beginning analysis at Thu Jan 16 18:43:52 2025
Read list of 706350 SNPs from /dcs04/lieber/shared/statsgen/LDSC/base/referencefiles/1000G_EUR_Phase3_plink/1000G.EUR.QC.3.bim
Read 1 annotations for 706350 SNPs from /dcs04/lieber/marmaypag/spatialNac_LIBD4125/spatial_NAc/processed-data/19_sLDSC/snRNA_seq/input_files/Excitatory/chr.3.annot.gz
Read list of 489 individuals from /dcs04/lieber/shared/statsgen/LDSC/base/referencefiles/1000G_EUR_Phase3_plink/1000G.EUR.QC.3.fam
Reading genotypes from /dcs04/lieber/shared/statsgen/LDSC/base/referencefiles/1000G_EUR_Phase3_plink/1000G.EUR.QC.3.bed
After filtering, 706350 SNPs remain
Estimating LD Score.
Reading list of 96664 SNPs for which to print LD Scores from /dcs04/lieber/shared/statsgen/LDSC/base/referencefiles/hapmap3_snps/hm.3.snp
After merging with --print-snps, LD Scores for 83286 SNPs will be printed.
Writing LD Scores for 83286 SNPs to /dcs04/lieber/marmaypag/spatialNac_LIBD4125/spatial_NAc/processed-data/19_sLDSC/snRNA_seq/input_files/Excitatory/chr.3.l2.ldscore.gz

Summary of LD Scores in /dcs04/lieber/marmaypag/spatialNac_LIBD4125/spatial_NAc/processed-data/19_sLDSC/snRNA_seq/input_files/Excitatory/chr.3.l2.ldscore.gz
         MAF        L2
mean  0.2395   17.9533
std   0.1436   42.5600
min   0.0051   -2.6542
25%   0.1145    0.0000
50%   0.2311    0.4613
75%   0.3630   10.5224
max   0.5000  521.2682

MAF/LD Score Correlation Matrix
        MAF      L2
MAF  1.0000  0.0769
L2   0.0769  1.0000

Annotation Correlation Matrix
       ANNOT
ANNOT    1.0

Annotation Matrix Column Sums
ANNOT    106222

Summary of Annotation Matrix Row Sums
count    706350.0000
mean          0.1504
std           0.3574
min           0.0000
25%           0.0000
50%           0.0000
75%           0.0000
max           1.0000
Analysis finished at Thu Jan 16 18:48:41 2025
Total time elapsed: 4.0m:49.22s
*********************************************************************
* LD Score Regression (LDSC)
* Version 1.0.1
* (C) 2014-2019 Brendan Bulik-Sullivan and Hilary Finucane
* Broad Institute of MIT and Harvard / MIT Department of Mathematics
* GNU General Public License v3
*********************************************************************
Call: 
./ldsc.py \
--print-snps /dcs04/lieber/shared/statsgen/LDSC/base/referencefiles/hapmap3_snps/hm.4.snp \
--ld-wind-cm 1.0 \
--out /dcs04/lieber/marmaypag/spatialNac_LIBD4125/spatial_NAc/processed-data/19_sLDSC/snRNA_seq/input_files/Excitatory/chr.4 \
--bfile /dcs04/lieber/shared/statsgen/LDSC/base/referencefiles/1000G_EUR_Phase3_plink/1000G.EUR.QC.4 \
--thin-annot  \
--annot /dcs04/lieber/marmaypag/spatialNac_LIBD4125/spatial_NAc/processed-data/19_sLDSC/snRNA_seq/input_files/Excitatory/chr.4.annot.gz \
--l2  

Beginning analysis at Thu Jan 16 18:48:42 2025
Read list of 729645 SNPs from /dcs04/lieber/shared/statsgen/LDSC/base/referencefiles/1000G_EUR_Phase3_plink/1000G.EUR.QC.4.bim
Read 1 annotations for 729645 SNPs from /dcs04/lieber/marmaypag/spatialNac_LIBD4125/spatial_NAc/processed-data/19_sLDSC/snRNA_seq/input_files/Excitatory/chr.4.annot.gz
Read list of 489 individuals from /dcs04/lieber/shared/statsgen/LDSC/base/referencefiles/1000G_EUR_Phase3_plink/1000G.EUR.QC.4.fam
Reading genotypes from /dcs04/lieber/shared/statsgen/LDSC/base/referencefiles/1000G_EUR_Phase3_plink/1000G.EUR.QC.4.bed
After filtering, 729645 SNPs remain
Estimating LD Score.
Reading list of 85881 SNPs for which to print LD Scores from /dcs04/lieber/shared/statsgen/LDSC/base/referencefiles/hapmap3_snps/hm.4.snp
After merging with --print-snps, LD Scores for 74259 SNPs will be printed.
Writing LD Scores for 74259 SNPs to /dcs04/lieber/marmaypag/spatialNac_LIBD4125/spatial_NAc/processed-data/19_sLDSC/snRNA_seq/input_files/Excitatory/chr.4.l2.ldscore.gz

Summary of LD Scores in /dcs04/lieber/marmaypag/spatialNac_LIBD4125/spatial_NAc/processed-data/19_sLDSC/snRNA_seq/input_files/Excitatory/chr.4.l2.ldscore.gz
         MAF         L2
mean  0.2367    15.9068
std   0.1431    49.2297
min   0.0051    -2.9590
25%   0.1115     0.0000
50%   0.2301     0.0000
75%   0.3579     3.9768
max   0.5000  1024.6226

MAF/LD Score Correlation Matrix
        MAF      L2
MAF  1.0000  0.0567
L2   0.0567  1.0000

Annotation Correlation Matrix
       ANNOT
ANNOT    1.0

Annotation Matrix Column Sums
ANNOT    85424

Summary of Annotation Matrix Row Sums
count    729645.0000
mean          0.1171
std           0.3215
min           0.0000
25%           0.0000
50%           0.0000
75%           0.0000
max           1.0000
Analysis finished at Thu Jan 16 18:52:35 2025
Total time elapsed: 3.0m:53.29s
*********************************************************************
* LD Score Regression (LDSC)
* Version 1.0.1
* (C) 2014-2019 Brendan Bulik-Sullivan and Hilary Finucane
* Broad Institute of MIT and Harvard / MIT Department of Mathematics
* GNU General Public License v3
*********************************************************************
Call: 
./ldsc.py \
--print-snps /dcs04/lieber/shared/statsgen/LDSC/base/referencefiles/hapmap3_snps/hm.5.snp \
--ld-wind-cm 1.0 \
--out /dcs04/lieber/marmaypag/spatialNac_LIBD4125/spatial_NAc/processed-data/19_sLDSC/snRNA_seq/input_files/Excitatory/chr.5 \
--bfile /dcs04/lieber/shared/statsgen/LDSC/base/referencefiles/1000G_EUR_Phase3_plink/1000G.EUR.QC.5 \
--thin-annot  \
--annot /dcs04/lieber/marmaypag/spatialNac_LIBD4125/spatial_NAc/processed-data/19_sLDSC/snRNA_seq/input_files/Excitatory/chr.5.annot.gz \
--l2  

Beginning analysis at Thu Jan 16 18:52:36 2025
Read list of 633015 SNPs from /dcs04/lieber/shared/statsgen/LDSC/base/referencefiles/1000G_EUR_Phase3_plink/1000G.EUR.QC.5.bim
Read 1 annotations for 633015 SNPs from /dcs04/lieber/marmaypag/spatialNac_LIBD4125/spatial_NAc/processed-data/19_sLDSC/snRNA_seq/input_files/Excitatory/chr.5.annot.gz
Read list of 489 individuals from /dcs04/lieber/shared/statsgen/LDSC/base/referencefiles/1000G_EUR_Phase3_plink/1000G.EUR.QC.5.fam
Reading genotypes from /dcs04/lieber/shared/statsgen/LDSC/base/referencefiles/1000G_EUR_Phase3_plink/1000G.EUR.QC.5.bed
After filtering, 633015 SNPs remain
Estimating LD Score.
Reading list of 88059 SNPs for which to print LD Scores from /dcs04/lieber/shared/statsgen/LDSC/base/referencefiles/hapmap3_snps/hm.5.snp
After merging with --print-snps, LD Scores for 74950 SNPs will be printed.
Writing LD Scores for 74950 SNPs to /dcs04/lieber/marmaypag/spatialNac_LIBD4125/spatial_NAc/processed-data/19_sLDSC/snRNA_seq/input_files/Excitatory/chr.5.l2.ldscore.gz

Summary of LD Scores in /dcs04/lieber/marmaypag/spatialNac_LIBD4125/spatial_NAc/processed-data/19_sLDSC/snRNA_seq/input_files/Excitatory/chr.5.l2.ldscore.gz
         MAF        L2
mean  0.2353   20.9409
std   0.1428   43.8808
min   0.0051   -2.5974
25%   0.1104    0.0000
50%   0.2260    0.6657
75%   0.3558   18.6185
max   0.5000  454.2274

MAF/LD Score Correlation Matrix
        MAF      L2
MAF  1.0000  0.0815
L2   0.0815  1.0000

Annotation Correlation Matrix
       ANNOT
ANNOT    1.0

Annotation Matrix Column Sums
ANNOT    116560

Summary of Annotation Matrix Row Sums
count    633015.0000
mean          0.1841
std           0.3876
min           0.0000
25%           0.0000
50%           0.0000
75%           0.0000
max           1.0000
Analysis finished at Thu Jan 16 18:57:00 2025
Total time elapsed: 4.0m:23.95s
*********************************************************************
* LD Score Regression (LDSC)
* Version 1.0.1
* (C) 2014-2019 Brendan Bulik-Sullivan and Hilary Finucane
* Broad Institute of MIT and Harvard / MIT Department of Mathematics
* GNU General Public License v3
*********************************************************************
Call: 
./ldsc.py \
--print-snps /dcs04/lieber/shared/statsgen/LDSC/base/referencefiles/hapmap3_snps/hm.6.snp \
--ld-wind-cm 1.0 \
--out /dcs04/lieber/marmaypag/spatialNac_LIBD4125/spatial_NAc/processed-data/19_sLDSC/snRNA_seq/input_files/Excitatory/chr.6 \
--bfile /dcs04/lieber/shared/statsgen/LDSC/base/referencefiles/1000G_EUR_Phase3_plink/1000G.EUR.QC.6 \
--thin-annot  \
--annot /dcs04/lieber/marmaypag/spatialNac_LIBD4125/spatial_NAc/processed-data/19_sLDSC/snRNA_seq/input_files/Excitatory/chr.6.annot.gz \
--l2  

Beginning analysis at Thu Jan 16 18:57:00 2025
Read list of 664016 SNPs from /dcs04/lieber/shared/statsgen/LDSC/base/referencefiles/1000G_EUR_Phase3_plink/1000G.EUR.QC.6.bim
Read 1 annotations for 664016 SNPs from /dcs04/lieber/marmaypag/spatialNac_LIBD4125/spatial_NAc/processed-data/19_sLDSC/snRNA_seq/input_files/Excitatory/chr.6.annot.gz
Read list of 489 individuals from /dcs04/lieber/shared/statsgen/LDSC/base/referencefiles/1000G_EUR_Phase3_plink/1000G.EUR.QC.6.fam
Reading genotypes from /dcs04/lieber/shared/statsgen/LDSC/base/referencefiles/1000G_EUR_Phase3_plink/1000G.EUR.QC.6.bed
After filtering, 664016 SNPs remain
Estimating LD Score.
Reading list of 91491 SNPs for which to print LD Scores from /dcs04/lieber/shared/statsgen/LDSC/base/referencefiles/hapmap3_snps/hm.6.snp
After merging with --print-snps, LD Scores for 80218 SNPs will be printed.
Writing LD Scores for 80218 SNPs to /dcs04/lieber/marmaypag/spatialNac_LIBD4125/spatial_NAc/processed-data/19_sLDSC/snRNA_seq/input_files/Excitatory/chr.6.l2.ldscore.gz

Summary of LD Scores in /dcs04/lieber/marmaypag/spatialNac_LIBD4125/spatial_NAc/processed-data/19_sLDSC/snRNA_seq/input_files/Excitatory/chr.6.l2.ldscore.gz
         MAF        L2
mean  0.2331   20.2433
std   0.1441   52.0598
min   0.0051   -5.2905
25%   0.1074    0.0000
50%   0.2219    0.0000
75%   0.3558    8.5687
max   0.5000  580.6282

MAF/LD Score Correlation Matrix
        MAF      L2
MAF  1.0000  0.0309
L2   0.0309  1.0000

Annotation Correlation Matrix
       ANNOT
ANNOT    1.0

Annotation Matrix Column Sums
ANNOT    74530

Summary of Annotation Matrix Row Sums
count    664016.0000
mean          0.1122
std           0.3157
min           0.0000
25%           0.0000
50%           0.0000
75%           0.0000
max           1.0000
Analysis finished at Thu Jan 16 19:02:32 2025
Total time elapsed: 5.0m:31.85s
*********************************************************************
* LD Score Regression (LDSC)
* Version 1.0.1
* (C) 2014-2019 Brendan Bulik-Sullivan and Hilary Finucane
* Broad Institute of MIT and Harvard / MIT Department of Mathematics
* GNU General Public License v3
*********************************************************************
Call: 
./ldsc.py \
--print-snps /dcs04/lieber/shared/statsgen/LDSC/base/referencefiles/hapmap3_snps/hm.7.snp \
--ld-wind-cm 1.0 \
--out /dcs04/lieber/marmaypag/spatialNac_LIBD4125/spatial_NAc/processed-data/19_sLDSC/snRNA_seq/input_files/Excitatory/chr.7 \
--bfile /dcs04/lieber/shared/statsgen/LDSC/base/referencefiles/1000G_EUR_Phase3_plink/1000G.EUR.QC.7 \
--thin-annot  \
--annot /dcs04/lieber/marmaypag/spatialNac_LIBD4125/spatial_NAc/processed-data/19_sLDSC/snRNA_seq/input_files/Excitatory/chr.7.annot.gz \
--l2  

Beginning analysis at Thu Jan 16 19:02:32 2025
Read list of 589569 SNPs from /dcs04/lieber/shared/statsgen/LDSC/base/referencefiles/1000G_EUR_Phase3_plink/1000G.EUR.QC.7.bim
Read 1 annotations for 589569 SNPs from /dcs04/lieber/marmaypag/spatialNac_LIBD4125/spatial_NAc/processed-data/19_sLDSC/snRNA_seq/input_files/Excitatory/chr.7.annot.gz
Read list of 489 individuals from /dcs04/lieber/shared/statsgen/LDSC/base/referencefiles/1000G_EUR_Phase3_plink/1000G.EUR.QC.7.fam
Reading genotypes from /dcs04/lieber/shared/statsgen/LDSC/base/referencefiles/1000G_EUR_Phase3_plink/1000G.EUR.QC.7.bed
After filtering, 589569 SNPs remain
Estimating LD Score.
Reading list of 75316 SNPs for which to print LD Scores from /dcs04/lieber/shared/statsgen/LDSC/base/referencefiles/hapmap3_snps/hm.7.snp
After merging with --print-snps, LD Scores for 65848 SNPs will be printed.
Writing LD Scores for 65848 SNPs to /dcs04/lieber/marmaypag/spatialNac_LIBD4125/spatial_NAc/processed-data/19_sLDSC/snRNA_seq/input_files/Excitatory/chr.7.l2.ldscore.gz

Summary of LD Scores in /dcs04/lieber/marmaypag/spatialNac_LIBD4125/spatial_NAc/processed-data/19_sLDSC/snRNA_seq/input_files/Excitatory/chr.7.l2.ldscore.gz
         MAF        L2
mean  0.2376   17.5751
std   0.1437   45.4123
min   0.0051   -2.6204
25%   0.1104    0.0000
50%   0.2290    0.0000
75%   0.3609    4.5796
max   0.5000  554.1939

MAF/LD Score Correlation Matrix
        MAF      L2
MAF  1.0000  0.0606
L2   0.0606  1.0000

Annotation Correlation Matrix
       ANNOT
ANNOT    1.0

Annotation Matrix Column Sums
ANNOT    88670

Summary of Annotation Matrix Row Sums
count    589569.0000
mean          0.1504
std           0.3575
min           0.0000
25%           0.0000
50%           0.0000
75%           0.0000
max           1.0000
Analysis finished at Thu Jan 16 19:05:35 2025
Total time elapsed: 3.0m:2.82s
*********************************************************************
* LD Score Regression (LDSC)
* Version 1.0.1
* (C) 2014-2019 Brendan Bulik-Sullivan and Hilary Finucane
* Broad Institute of MIT and Harvard / MIT Department of Mathematics
* GNU General Public License v3
*********************************************************************
Call: 
./ldsc.py \
--print-snps /dcs04/lieber/shared/statsgen/LDSC/base/referencefiles/hapmap3_snps/hm.8.snp \
--ld-wind-cm 1.0 \
--out /dcs04/lieber/marmaypag/spatialNac_LIBD4125/spatial_NAc/processed-data/19_sLDSC/snRNA_seq/input_files/Excitatory/chr.8 \
--bfile /dcs04/lieber/shared/statsgen/LDSC/base/referencefiles/1000G_EUR_Phase3_plink/1000G.EUR.QC.8 \
--thin-annot  \
--annot /dcs04/lieber/marmaypag/spatialNac_LIBD4125/spatial_NAc/processed-data/19_sLDSC/snRNA_seq/input_files/Excitatory/chr.8.annot.gz \
--l2  

Beginning analysis at Thu Jan 16 19:05:36 2025
Read list of 549971 SNPs from /dcs04/lieber/shared/statsgen/LDSC/base/referencefiles/1000G_EUR_Phase3_plink/1000G.EUR.QC.8.bim
Read 1 annotations for 549971 SNPs from /dcs04/lieber/marmaypag/spatialNac_LIBD4125/spatial_NAc/processed-data/19_sLDSC/snRNA_seq/input_files/Excitatory/chr.8.annot.gz
Read list of 489 individuals from /dcs04/lieber/shared/statsgen/LDSC/base/referencefiles/1000G_EUR_Phase3_plink/1000G.EUR.QC.8.fam
Reading genotypes from /dcs04/lieber/shared/statsgen/LDSC/base/referencefiles/1000G_EUR_Phase3_plink/1000G.EUR.QC.8.bed
After filtering, 549971 SNPs remain
Estimating LD Score.
Reading list of 75345 SNPs for which to print LD Scores from /dcs04/lieber/shared/statsgen/LDSC/base/referencefiles/hapmap3_snps/hm.8.snp
After merging with --print-snps, LD Scores for 65167 SNPs will be printed.
Writing LD Scores for 65167 SNPs to /dcs04/lieber/marmaypag/spatialNac_LIBD4125/spatial_NAc/processed-data/19_sLDSC/snRNA_seq/input_files/Excitatory/chr.8.l2.ldscore.gz

Summary of LD Scores in /dcs04/lieber/marmaypag/spatialNac_LIBD4125/spatial_NAc/processed-data/19_sLDSC/snRNA_seq/input_files/Excitatory/chr.8.l2.ldscore.gz
         MAF        L2
mean  0.2368   27.3363
std   0.1438   52.1314
min   0.0051   -3.3670
25%   0.1094    0.0000
50%   0.2270    2.2576
75%   0.3599   33.5047
max   0.5000  646.3952

MAF/LD Score Correlation Matrix
        MAF      L2
MAF  1.0000  0.0919
L2   0.0919  1.0000

Annotation Correlation Matrix
       ANNOT
ANNOT    1.0

Annotation Matrix Column Sums
ANNOT    126521

Summary of Annotation Matrix Row Sums
count    549971.0000
mean          0.2301
std           0.4209
min           0.0000
25%           0.0000
50%           0.0000
75%           0.0000
max           1.0000
Analysis finished at Thu Jan 16 19:09:59 2025
Total time elapsed: 4.0m:23.84s
*********************************************************************
* LD Score Regression (LDSC)
* Version 1.0.1
* (C) 2014-2019 Brendan Bulik-Sullivan and Hilary Finucane
* Broad Institute of MIT and Harvard / MIT Department of Mathematics
* GNU General Public License v3
*********************************************************************
Call: 
./ldsc.py \
--print-snps /dcs04/lieber/shared/statsgen/LDSC/base/referencefiles/hapmap3_snps/hm.9.snp \
--ld-wind-cm 1.0 \
--out /dcs04/lieber/marmaypag/spatialNac_LIBD4125/spatial_NAc/processed-data/19_sLDSC/snRNA_seq/input_files/Excitatory/chr.9 \
--bfile /dcs04/lieber/shared/statsgen/LDSC/base/referencefiles/1000G_EUR_Phase3_plink/1000G.EUR.QC.9 \
--thin-annot  \
--annot /dcs04/lieber/marmaypag/spatialNac_LIBD4125/spatial_NAc/processed-data/19_sLDSC/snRNA_seq/input_files/Excitatory/chr.9.annot.gz \
--l2  

Beginning analysis at Thu Jan 16 19:10:00 2025
Read list of 438106 SNPs from /dcs04/lieber/shared/statsgen/LDSC/base/referencefiles/1000G_EUR_Phase3_plink/1000G.EUR.QC.9.bim
Read 1 annotations for 438106 SNPs from /dcs04/lieber/marmaypag/spatialNac_LIBD4125/spatial_NAc/processed-data/19_sLDSC/snRNA_seq/input_files/Excitatory/chr.9.annot.gz
Read list of 489 individuals from /dcs04/lieber/shared/statsgen/LDSC/base/referencefiles/1000G_EUR_Phase3_plink/1000G.EUR.QC.9.fam
Reading genotypes from /dcs04/lieber/shared/statsgen/LDSC/base/referencefiles/1000G_EUR_Phase3_plink/1000G.EUR.QC.9.bed
After filtering, 438106 SNPs remain
Estimating LD Score.
Reading list of 63706 SNPs for which to print LD Scores from /dcs04/lieber/shared/statsgen/LDSC/base/referencefiles/hapmap3_snps/hm.9.snp
After merging with --print-snps, LD Scores for 55885 SNPs will be printed.
Writing LD Scores for 55885 SNPs to /dcs04/lieber/marmaypag/spatialNac_LIBD4125/spatial_NAc/processed-data/19_sLDSC/snRNA_seq/input_files/Excitatory/chr.9.l2.ldscore.gz

Summary of LD Scores in /dcs04/lieber/marmaypag/spatialNac_LIBD4125/spatial_NAc/processed-data/19_sLDSC/snRNA_seq/input_files/Excitatory/chr.9.l2.ldscore.gz
         MAF        L2
mean  0.2343   15.5412
std   0.1436   37.0569
min   0.0051   -2.1628
25%   0.1084    0.0000
50%   0.2239    0.0000
75%   0.3558    5.3213
max   0.5000  368.1778

MAF/LD Score Correlation Matrix
        MAF      L2
MAF  1.0000  0.0384
L2   0.0384  1.0000

Annotation Correlation Matrix
       ANNOT
ANNOT    1.0

Annotation Matrix Column Sums
ANNOT    73111

Summary of Annotation Matrix Row Sums
count    438106.0000
mean          0.1669
std           0.3729
min           0.0000
25%           0.0000
50%           0.0000
75%           0.0000
max           1.0000
Analysis finished at Thu Jan 16 19:12:05 2025
Total time elapsed: 2.0m:5.52s
*********************************************************************
* LD Score Regression (LDSC)
* Version 1.0.1
* (C) 2014-2019 Brendan Bulik-Sullivan and Hilary Finucane
* Broad Institute of MIT and Harvard / MIT Department of Mathematics
* GNU General Public License v3
*********************************************************************
Call: 
./ldsc.py \
--print-snps /dcs04/lieber/shared/statsgen/LDSC/base/referencefiles/hapmap3_snps/hm.10.snp \
--ld-wind-cm 1.0 \
--out /dcs04/lieber/marmaypag/spatialNac_LIBD4125/spatial_NAc/processed-data/19_sLDSC/snRNA_seq/input_files/Excitatory/chr.10 \
--bfile /dcs04/lieber/shared/statsgen/LDSC/base/referencefiles/1000G_EUR_Phase3_plink/1000G.EUR.QC.10 \
--thin-annot  \
--annot /dcs04/lieber/marmaypag/spatialNac_LIBD4125/spatial_NAc/processed-data/19_sLDSC/snRNA_seq/input_files/Excitatory/chr.10.annot.gz \
--l2  

Beginning analysis at Thu Jan 16 19:12:06 2025
Read list of 510501 SNPs from /dcs04/lieber/shared/statsgen/LDSC/base/referencefiles/1000G_EUR_Phase3_plink/1000G.EUR.QC.10.bim
Read 1 annotations for 510501 SNPs from /dcs04/lieber/marmaypag/spatialNac_LIBD4125/spatial_NAc/processed-data/19_sLDSC/snRNA_seq/input_files/Excitatory/chr.10.annot.gz
Read list of 489 individuals from /dcs04/lieber/shared/statsgen/LDSC/base/referencefiles/1000G_EUR_Phase3_plink/1000G.EUR.QC.10.fam
Reading genotypes from /dcs04/lieber/shared/statsgen/LDSC/base/referencefiles/1000G_EUR_Phase3_plink/1000G.EUR.QC.10.bed
After filtering, 510501 SNPs remain
Estimating LD Score.
Reading list of 73929 SNPs for which to print LD Scores from /dcs04/lieber/shared/statsgen/LDSC/base/referencefiles/hapmap3_snps/hm.10.snp
After merging with --print-snps, LD Scores for 64236 SNPs will be printed.
Writing LD Scores for 64236 SNPs to /dcs04/lieber/marmaypag/spatialNac_LIBD4125/spatial_NAc/processed-data/19_sLDSC/snRNA_seq/input_files/Excitatory/chr.10.l2.ldscore.gz

Summary of LD Scores in /dcs04/lieber/marmaypag/spatialNac_LIBD4125/spatial_NAc/processed-data/19_sLDSC/snRNA_seq/input_files/Excitatory/chr.10.l2.ldscore.gz
         MAF        L2
mean  0.2316   12.0883
std   0.1438   37.9937
min   0.0051   -2.1103
25%   0.1053    0.0000
50%   0.2188    0.0000
75%   0.3538    2.1775
max   0.5000  498.1672

MAF/LD Score Correlation Matrix
        MAF      L2
MAF  1.0000  0.0458
L2   0.0458  1.0000

Annotation Correlation Matrix
       ANNOT
ANNOT    1.0

Annotation Matrix Column Sums
ANNOT    57503

Summary of Annotation Matrix Row Sums
count    510501.0000
mean          0.1126
std           0.3162
min           0.0000
25%           0.0000
50%           0.0000
75%           0.0000
max           1.0000
Analysis finished at Thu Jan 16 19:14:21 2025
Total time elapsed: 2.0m:14.74s
**** Job ends ****
Thu Jan 16 07:14:21 PM EST 2025
