**** Job starts ****
Sun Aug 24 07:18:34 PM EDT 2025
*********************************************************************
* LD Score Regression (LDSC)
* Version 1.0.1
* (C) 2014-2019 Brendan Bulik-Sullivan and Hilary Finucane
* Broad Institute of MIT and Harvard / MIT Department of Mathematics
* GNU General Public License v3
*********************************************************************
Call: 
./ldsc.py \
--print-snps /dcs04/lieber/shared/statsgen/LDSC/base/referencefiles/hapmap3_snps/hm.13.snp \
--ld-wind-cm 1.0 \
--out /dcs04/lieber/marmaypag/spatialNac_LIBD4125/spatial_NAc/processed-data/19_sLDSC_old/snRNA_seq/input_files/DRD2_MSN_B/chr.13 \
--bfile /dcs04/lieber/shared/statsgen/LDSC/base/referencefiles/1000G_EUR_Phase3_plink/1000G.EUR.QC.13 \
--thin-annot  \
--annot /dcs04/lieber/marmaypag/spatialNac_LIBD4125/spatial_NAc/processed-data/19_sLDSC_old/snRNA_seq/input_files/DRD2_MSN_B/chr.13.annot.gz \
--l2  

Beginning analysis at Sun Aug 24 19:18:35 2025
Read list of 366200 SNPs from /dcs04/lieber/shared/statsgen/LDSC/base/referencefiles/1000G_EUR_Phase3_plink/1000G.EUR.QC.13.bim
Read 1 annotations for 366200 SNPs from /dcs04/lieber/marmaypag/spatialNac_LIBD4125/spatial_NAc/processed-data/19_sLDSC_old/snRNA_seq/input_files/DRD2_MSN_B/chr.13.annot.gz
Read list of 489 individuals from /dcs04/lieber/shared/statsgen/LDSC/base/referencefiles/1000G_EUR_Phase3_plink/1000G.EUR.QC.13.fam
Reading genotypes from /dcs04/lieber/shared/statsgen/LDSC/base/referencefiles/1000G_EUR_Phase3_plink/1000G.EUR.QC.13.bed
After filtering, 366200 SNPs remain
Estimating LD Score.
Reading list of 52010 SNPs for which to print LD Scores from /dcs04/lieber/shared/statsgen/LDSC/base/referencefiles/hapmap3_snps/hm.13.snp
After merging with --print-snps, LD Scores for 45136 SNPs will be printed.
Writing LD Scores for 45136 SNPs to /dcs04/lieber/marmaypag/spatialNac_LIBD4125/spatial_NAc/processed-data/19_sLDSC_old/snRNA_seq/input_files/DRD2_MSN_B/chr.13.l2.ldscore.gz

Summary of LD Scores in /dcs04/lieber/marmaypag/spatialNac_LIBD4125/spatial_NAc/processed-data/19_sLDSC_old/snRNA_seq/input_files/DRD2_MSN_B/chr.13.l2.ldscore.gz
         MAF        L2
mean  0.2329   11.3148
std   0.1436   32.6544
min   0.0051   -1.5776
25%   0.1063    0.0000
50%   0.2198    0.0000
75%   0.3548    3.0726
max   0.5000  350.3690

MAF/LD Score Correlation Matrix
        MAF      L2
MAF  1.0000  0.0747
L2   0.0747  1.0000

Annotation Correlation Matrix
       ANNOT
ANNOT    1.0

Annotation Matrix Column Sums
ANNOT    37967

Summary of Annotation Matrix Row Sums
count    366200.0000
mean          0.1037
std           0.3048
min           0.0000
25%           0.0000
50%           0.0000
75%           0.0000
max           1.0000
Analysis finished at Sun Aug 24 19:20:07 2025
Total time elapsed: 1.0m:31.9s
*********************************************************************
* LD Score Regression (LDSC)
* Version 1.0.1
* (C) 2014-2019 Brendan Bulik-Sullivan and Hilary Finucane
* Broad Institute of MIT and Harvard / MIT Department of Mathematics
* GNU General Public License v3
*********************************************************************
Call: 
./ldsc.py \
--print-snps /dcs04/lieber/shared/statsgen/LDSC/base/referencefiles/hapmap3_snps/hm.14.snp \
--ld-wind-cm 1.0 \
--out /dcs04/lieber/marmaypag/spatialNac_LIBD4125/spatial_NAc/processed-data/19_sLDSC_old/snRNA_seq/input_files/DRD2_MSN_B/chr.14 \
--bfile /dcs04/lieber/shared/statsgen/LDSC/base/referencefiles/1000G_EUR_Phase3_plink/1000G.EUR.QC.14 \
--thin-annot  \
--annot /dcs04/lieber/marmaypag/spatialNac_LIBD4125/spatial_NAc/processed-data/19_sLDSC_old/snRNA_seq/input_files/DRD2_MSN_B/chr.14.annot.gz \
--l2  

Beginning analysis at Sun Aug 24 19:20:07 2025
Read list of 324698 SNPs from /dcs04/lieber/shared/statsgen/LDSC/base/referencefiles/1000G_EUR_Phase3_plink/1000G.EUR.QC.14.bim
Read 1 annotations for 324698 SNPs from /dcs04/lieber/marmaypag/spatialNac_LIBD4125/spatial_NAc/processed-data/19_sLDSC_old/snRNA_seq/input_files/DRD2_MSN_B/chr.14.annot.gz
Read list of 489 individuals from /dcs04/lieber/shared/statsgen/LDSC/base/referencefiles/1000G_EUR_Phase3_plink/1000G.EUR.QC.14.fam
Reading genotypes from /dcs04/lieber/shared/statsgen/LDSC/base/referencefiles/1000G_EUR_Phase3_plink/1000G.EUR.QC.14.bed
After filtering, 324698 SNPs remain
Estimating LD Score.
Reading list of 45556 SNPs for which to print LD Scores from /dcs04/lieber/shared/statsgen/LDSC/base/referencefiles/hapmap3_snps/hm.14.snp
After merging with --print-snps, LD Scores for 39504 SNPs will be printed.
Writing LD Scores for 39504 SNPs to /dcs04/lieber/marmaypag/spatialNac_LIBD4125/spatial_NAc/processed-data/19_sLDSC_old/snRNA_seq/input_files/DRD2_MSN_B/chr.14.l2.ldscore.gz

Summary of LD Scores in /dcs04/lieber/marmaypag/spatialNac_LIBD4125/spatial_NAc/processed-data/19_sLDSC_old/snRNA_seq/input_files/DRD2_MSN_B/chr.14.l2.ldscore.gz
         MAF        L2
mean  0.2308   21.7943
std   0.1432   83.7020
min   0.0051   -4.9991
25%   0.1053    0.0000
50%   0.2188    0.2582
75%   0.3497    8.9979
max   0.5000  997.5126

MAF/LD Score Correlation Matrix
        MAF      L2
MAF  1.0000 -0.0496
L2  -0.0496  1.0000

Annotation Correlation Matrix
       ANNOT
ANNOT    1.0

Annotation Matrix Column Sums
ANNOT    49445

Summary of Annotation Matrix Row Sums
count    324698.0000
mean          0.1523
std           0.3593
min           0.0000
25%           0.0000
50%           0.0000
75%           0.0000
max           1.0000
Analysis finished at Sun Aug 24 19:21:33 2025
Total time elapsed: 1.0m:25.37s
*********************************************************************
* LD Score Regression (LDSC)
* Version 1.0.1
* (C) 2014-2019 Brendan Bulik-Sullivan and Hilary Finucane
* Broad Institute of MIT and Harvard / MIT Department of Mathematics
* GNU General Public License v3
*********************************************************************
Call: 
./ldsc.py \
--print-snps /dcs04/lieber/shared/statsgen/LDSC/base/referencefiles/hapmap3_snps/hm.15.snp \
--ld-wind-cm 1.0 \
--out /dcs04/lieber/marmaypag/spatialNac_LIBD4125/spatial_NAc/processed-data/19_sLDSC_old/snRNA_seq/input_files/DRD2_MSN_B/chr.15 \
--bfile /dcs04/lieber/shared/statsgen/LDSC/base/referencefiles/1000G_EUR_Phase3_plink/1000G.EUR.QC.15 \
--thin-annot  \
--annot /dcs04/lieber/marmaypag/spatialNac_LIBD4125/spatial_NAc/processed-data/19_sLDSC_old/snRNA_seq/input_files/DRD2_MSN_B/chr.15.annot.gz \
--l2  

Beginning analysis at Sun Aug 24 19:21:33 2025
Read list of 287001 SNPs from /dcs04/lieber/shared/statsgen/LDSC/base/referencefiles/1000G_EUR_Phase3_plink/1000G.EUR.QC.15.bim
Read 1 annotations for 287001 SNPs from /dcs04/lieber/marmaypag/spatialNac_LIBD4125/spatial_NAc/processed-data/19_sLDSC_old/snRNA_seq/input_files/DRD2_MSN_B/chr.15.annot.gz
Read list of 489 individuals from /dcs04/lieber/shared/statsgen/LDSC/base/referencefiles/1000G_EUR_Phase3_plink/1000G.EUR.QC.15.fam
Reading genotypes from /dcs04/lieber/shared/statsgen/LDSC/base/referencefiles/1000G_EUR_Phase3_plink/1000G.EUR.QC.15.bed
After filtering, 287001 SNPs remain
Estimating LD Score.
Reading list of 42410 SNPs for which to print LD Scores from /dcs04/lieber/shared/statsgen/LDSC/base/referencefiles/hapmap3_snps/hm.15.snp
After merging with --print-snps, LD Scores for 36291 SNPs will be printed.
Writing LD Scores for 36291 SNPs to /dcs04/lieber/marmaypag/spatialNac_LIBD4125/spatial_NAc/processed-data/19_sLDSC_old/snRNA_seq/input_files/DRD2_MSN_B/chr.15.l2.ldscore.gz

Summary of LD Scores in /dcs04/lieber/marmaypag/spatialNac_LIBD4125/spatial_NAc/processed-data/19_sLDSC_old/snRNA_seq/input_files/DRD2_MSN_B/chr.15.l2.ldscore.gz
         MAF        L2
mean  0.2363   20.5707
std   0.1452   44.5404
min   0.0051   -2.1162
25%   0.1084    0.0000
50%   0.2260    0.3035
75%   0.3630   17.0693
max   0.5000  333.5934

MAF/LD Score Correlation Matrix
        MAF      L2
MAF  1.0000  0.0079
L2   0.0079  1.0000

Annotation Correlation Matrix
       ANNOT
ANNOT    1.0

Annotation Matrix Column Sums
ANNOT    51551

Summary of Annotation Matrix Row Sums
count    287001.0000
mean          0.1796
std           0.3839
min           0.0000
25%           0.0000
50%           0.0000
75%           0.0000
max           1.0000
Analysis finished at Sun Aug 24 19:22:44 2025
Total time elapsed: 1.0m:10.97s
*********************************************************************
* LD Score Regression (LDSC)
* Version 1.0.1
* (C) 2014-2019 Brendan Bulik-Sullivan and Hilary Finucane
* Broad Institute of MIT and Harvard / MIT Department of Mathematics
* GNU General Public License v3
*********************************************************************
Call: 
./ldsc.py \
--print-snps /dcs04/lieber/shared/statsgen/LDSC/base/referencefiles/hapmap3_snps/hm.16.snp \
--ld-wind-cm 1.0 \
--out /dcs04/lieber/marmaypag/spatialNac_LIBD4125/spatial_NAc/processed-data/19_sLDSC_old/snRNA_seq/input_files/DRD2_MSN_B/chr.16 \
--bfile /dcs04/lieber/shared/statsgen/LDSC/base/referencefiles/1000G_EUR_Phase3_plink/1000G.EUR.QC.16 \
--thin-annot  \
--annot /dcs04/lieber/marmaypag/spatialNac_LIBD4125/spatial_NAc/processed-data/19_sLDSC_old/snRNA_seq/input_files/DRD2_MSN_B/chr.16.annot.gz \
--l2  

Beginning analysis at Sun Aug 24 19:22:45 2025
Read list of 316981 SNPs from /dcs04/lieber/shared/statsgen/LDSC/base/referencefiles/1000G_EUR_Phase3_plink/1000G.EUR.QC.16.bim
Read 1 annotations for 316981 SNPs from /dcs04/lieber/marmaypag/spatialNac_LIBD4125/spatial_NAc/processed-data/19_sLDSC_old/snRNA_seq/input_files/DRD2_MSN_B/chr.16.annot.gz
Read list of 489 individuals from /dcs04/lieber/shared/statsgen/LDSC/base/referencefiles/1000G_EUR_Phase3_plink/1000G.EUR.QC.16.fam
Reading genotypes from /dcs04/lieber/shared/statsgen/LDSC/base/referencefiles/1000G_EUR_Phase3_plink/1000G.EUR.QC.16.bed
After filtering, 316981 SNPs remain
Estimating LD Score.
Reading list of 44710 SNPs for which to print LD Scores from /dcs04/lieber/shared/statsgen/LDSC/base/referencefiles/hapmap3_snps/hm.16.snp
After merging with --print-snps, LD Scores for 37656 SNPs will be printed.
Writing LD Scores for 37656 SNPs to /dcs04/lieber/marmaypag/spatialNac_LIBD4125/spatial_NAc/processed-data/19_sLDSC_old/snRNA_seq/input_files/DRD2_MSN_B/chr.16.l2.ldscore.gz

Summary of LD Scores in /dcs04/lieber/marmaypag/spatialNac_LIBD4125/spatial_NAc/processed-data/19_sLDSC_old/snRNA_seq/input_files/DRD2_MSN_B/chr.16.l2.ldscore.gz
         MAF        L2
mean  0.2370   19.3620
std   0.1437   47.7355
min   0.0051   -2.2775
25%   0.1115    0.0000
50%   0.2290    0.0000
75%   0.3589    6.8841
max   0.5000  454.9748

MAF/LD Score Correlation Matrix
        MAF      L2
MAF  1.0000  0.0266
L2   0.0266  1.0000

Annotation Correlation Matrix
       ANNOT
ANNOT    1.0

Annotation Matrix Column Sums
ANNOT    58540

Summary of Annotation Matrix Row Sums
count    316981.0000
mean          0.1847
std           0.3880
min           0.0000
25%           0.0000
50%           0.0000
75%           0.0000
max           1.0000
Analysis finished at Sun Aug 24 19:23:57 2025
Total time elapsed: 1.0m:12.37s
*********************************************************************
* LD Score Regression (LDSC)
* Version 1.0.1
* (C) 2014-2019 Brendan Bulik-Sullivan and Hilary Finucane
* Broad Institute of MIT and Harvard / MIT Department of Mathematics
* GNU General Public License v3
*********************************************************************
Call: 
./ldsc.py \
--print-snps /dcs04/lieber/shared/statsgen/LDSC/base/referencefiles/hapmap3_snps/hm.17.snp \
--ld-wind-cm 1.0 \
--out /dcs04/lieber/marmaypag/spatialNac_LIBD4125/spatial_NAc/processed-data/19_sLDSC_old/snRNA_seq/input_files/DRD2_MSN_B/chr.17 \
--bfile /dcs04/lieber/shared/statsgen/LDSC/base/referencefiles/1000G_EUR_Phase3_plink/1000G.EUR.QC.17 \
--thin-annot  \
--annot /dcs04/lieber/marmaypag/spatialNac_LIBD4125/spatial_NAc/processed-data/19_sLDSC_old/snRNA_seq/input_files/DRD2_MSN_B/chr.17.annot.gz \
--l2  

Beginning analysis at Sun Aug 24 19:23:58 2025
Read list of 269222 SNPs from /dcs04/lieber/shared/statsgen/LDSC/base/referencefiles/1000G_EUR_Phase3_plink/1000G.EUR.QC.17.bim
Read 1 annotations for 269222 SNPs from /dcs04/lieber/marmaypag/spatialNac_LIBD4125/spatial_NAc/processed-data/19_sLDSC_old/snRNA_seq/input_files/DRD2_MSN_B/chr.17.annot.gz
Read list of 489 individuals from /dcs04/lieber/shared/statsgen/LDSC/base/referencefiles/1000G_EUR_Phase3_plink/1000G.EUR.QC.17.fam
Reading genotypes from /dcs04/lieber/shared/statsgen/LDSC/base/referencefiles/1000G_EUR_Phase3_plink/1000G.EUR.QC.17.bed
After filtering, 269222 SNPs remain
Estimating LD Score.
Reading list of 38396 SNPs for which to print LD Scores from /dcs04/lieber/shared/statsgen/LDSC/base/referencefiles/hapmap3_snps/hm.17.snp
After merging with --print-snps, LD Scores for 32315 SNPs will be printed.
Writing LD Scores for 32315 SNPs to /dcs04/lieber/marmaypag/spatialNac_LIBD4125/spatial_NAc/processed-data/19_sLDSC_old/snRNA_seq/input_files/DRD2_MSN_B/chr.17.l2.ldscore.gz

Summary of LD Scores in /dcs04/lieber/marmaypag/spatialNac_LIBD4125/spatial_NAc/processed-data/19_sLDSC_old/snRNA_seq/input_files/DRD2_MSN_B/chr.17.l2.ldscore.gz
         MAF        L2
mean  0.2414   15.6571
std   0.1449   37.1014
min   0.0051   -1.4640
25%   0.1135    0.0000
50%   0.2352    0.4807
75%   0.3671   12.2854
max   0.5000  428.9148

MAF/LD Score Correlation Matrix
        MAF      L2
MAF  1.0000  0.1487
L2   0.1487  1.0000

Annotation Correlation Matrix
       ANNOT
ANNOT    1.0

Annotation Matrix Column Sums
ANNOT    44795

Summary of Annotation Matrix Row Sums
count    269222.0000
mean          0.1664
std           0.3724
min           0.0000
25%           0.0000
50%           0.0000
75%           0.0000
max           1.0000
Analysis finished at Sun Aug 24 19:24:56 2025
Total time elapsed: 58.41s
*********************************************************************
* LD Score Regression (LDSC)
* Version 1.0.1
* (C) 2014-2019 Brendan Bulik-Sullivan and Hilary Finucane
* Broad Institute of MIT and Harvard / MIT Department of Mathematics
* GNU General Public License v3
*********************************************************************
Call: 
./ldsc.py \
--print-snps /dcs04/lieber/shared/statsgen/LDSC/base/referencefiles/hapmap3_snps/hm.18.snp \
--ld-wind-cm 1.0 \
--out /dcs04/lieber/marmaypag/spatialNac_LIBD4125/spatial_NAc/processed-data/19_sLDSC_old/snRNA_seq/input_files/DRD2_MSN_B/chr.18 \
--bfile /dcs04/lieber/shared/statsgen/LDSC/base/referencefiles/1000G_EUR_Phase3_plink/1000G.EUR.QC.18 \
--thin-annot  \
--annot /dcs04/lieber/marmaypag/spatialNac_LIBD4125/spatial_NAc/processed-data/19_sLDSC_old/snRNA_seq/input_files/DRD2_MSN_B/chr.18.annot.gz \
--l2  

Beginning analysis at Sun Aug 24 19:24:56 2025
Read list of 285156 SNPs from /dcs04/lieber/shared/statsgen/LDSC/base/referencefiles/1000G_EUR_Phase3_plink/1000G.EUR.QC.18.bim
Read 1 annotations for 285156 SNPs from /dcs04/lieber/marmaypag/spatialNac_LIBD4125/spatial_NAc/processed-data/19_sLDSC_old/snRNA_seq/input_files/DRD2_MSN_B/chr.18.annot.gz
Read list of 489 individuals from /dcs04/lieber/shared/statsgen/LDSC/base/referencefiles/1000G_EUR_Phase3_plink/1000G.EUR.QC.18.fam
Reading genotypes from /dcs04/lieber/shared/statsgen/LDSC/base/referencefiles/1000G_EUR_Phase3_plink/1000G.EUR.QC.18.bed
After filtering, 285156 SNPs remain
Estimating LD Score.
Reading list of 40891 SNPs for which to print LD Scores from /dcs04/lieber/shared/statsgen/LDSC/base/referencefiles/hapmap3_snps/hm.18.snp
After merging with --print-snps, LD Scores for 35326 SNPs will be printed.
Writing LD Scores for 35326 SNPs to /dcs04/lieber/marmaypag/spatialNac_LIBD4125/spatial_NAc/processed-data/19_sLDSC_old/snRNA_seq/input_files/DRD2_MSN_B/chr.18.l2.ldscore.gz

Summary of LD Scores in /dcs04/lieber/marmaypag/spatialNac_LIBD4125/spatial_NAc/processed-data/19_sLDSC_old/snRNA_seq/input_files/DRD2_MSN_B/chr.18.l2.ldscore.gz
         MAF        L2
mean  0.2356   12.5144
std   0.1434   32.5056
min   0.0051   -1.4162
25%   0.1094    0.0000
50%   0.2249    0.0000
75%   0.3569    2.3261
max   0.5000  355.5516

MAF/LD Score Correlation Matrix
        MAF      L2
MAF  1.0000  0.0461
L2   0.0461  1.0000

Annotation Correlation Matrix
       ANNOT
ANNOT    1.0

Annotation Matrix Column Sums
ANNOT    34487

Summary of Annotation Matrix Row Sums
count    285156.0000
mean          0.1209
std           0.3261
min           0.0000
25%           0.0000
50%           0.0000
75%           0.0000
max           1.0000
Analysis finished at Sun Aug 24 19:25:54 2025
Total time elapsed: 57.43s
*********************************************************************
* LD Score Regression (LDSC)
* Version 1.0.1
* (C) 2014-2019 Brendan Bulik-Sullivan and Hilary Finucane
* Broad Institute of MIT and Harvard / MIT Department of Mathematics
* GNU General Public License v3
*********************************************************************
Call: 
./ldsc.py \
--print-snps /dcs04/lieber/shared/statsgen/LDSC/base/referencefiles/hapmap3_snps/hm.19.snp \
--ld-wind-cm 1.0 \
--out /dcs04/lieber/marmaypag/spatialNac_LIBD4125/spatial_NAc/processed-data/19_sLDSC_old/snRNA_seq/input_files/DRD2_MSN_B/chr.19 \
--bfile /dcs04/lieber/shared/statsgen/LDSC/base/referencefiles/1000G_EUR_Phase3_plink/1000G.EUR.QC.19 \
--thin-annot  \
--annot /dcs04/lieber/marmaypag/spatialNac_LIBD4125/spatial_NAc/processed-data/19_sLDSC_old/snRNA_seq/input_files/DRD2_MSN_B/chr.19.annot.gz \
--l2  

Beginning analysis at Sun Aug 24 19:25:54 2025
Read list of 232363 SNPs from /dcs04/lieber/shared/statsgen/LDSC/base/referencefiles/1000G_EUR_Phase3_plink/1000G.EUR.QC.19.bim
Read 1 annotations for 232363 SNPs from /dcs04/lieber/marmaypag/spatialNac_LIBD4125/spatial_NAc/processed-data/19_sLDSC_old/snRNA_seq/input_files/DRD2_MSN_B/chr.19.annot.gz
Read list of 489 individuals from /dcs04/lieber/shared/statsgen/LDSC/base/referencefiles/1000G_EUR_Phase3_plink/1000G.EUR.QC.19.fam
Reading genotypes from /dcs04/lieber/shared/statsgen/LDSC/base/referencefiles/1000G_EUR_Phase3_plink/1000G.EUR.QC.19.bed
After filtering, 232363 SNPs remain
Estimating LD Score.
Reading list of 26259 SNPs for which to print LD Scores from /dcs04/lieber/shared/statsgen/LDSC/base/referencefiles/hapmap3_snps/hm.19.snp
After merging with --print-snps, LD Scores for 21991 SNPs will be printed.
Writing LD Scores for 21991 SNPs to /dcs04/lieber/marmaypag/spatialNac_LIBD4125/spatial_NAc/processed-data/19_sLDSC_old/snRNA_seq/input_files/DRD2_MSN_B/chr.19.l2.ldscore.gz

Summary of LD Scores in /dcs04/lieber/marmaypag/spatialNac_LIBD4125/spatial_NAc/processed-data/19_sLDSC_old/snRNA_seq/input_files/DRD2_MSN_B/chr.19.l2.ldscore.gz
         MAF        L2
mean  0.2369   13.5340
std   0.1428   31.6011
min   0.0051   -2.1327
25%   0.1125    0.0000
50%   0.2331    0.1776
75%   0.3569    6.2678
max   0.5000  324.4018

MAF/LD Score Correlation Matrix
        MAF      L2
MAF  1.0000  0.0192
L2   0.0192  1.0000

Annotation Correlation Matrix
       ANNOT
ANNOT    1.0

Annotation Matrix Column Sums
ANNOT    40451

Summary of Annotation Matrix Row Sums
count    232363.0000
mean          0.1741
std           0.3792
min           0.0000
25%           0.0000
50%           0.0000
75%           0.0000
max           1.0000
Analysis finished at Sun Aug 24 19:26:46 2025
Total time elapsed: 51.7s
*********************************************************************
* LD Score Regression (LDSC)
* Version 1.0.1
* (C) 2014-2019 Brendan Bulik-Sullivan and Hilary Finucane
* Broad Institute of MIT and Harvard / MIT Department of Mathematics
* GNU General Public License v3
*********************************************************************
Call: 
./ldsc.py \
--print-snps /dcs04/lieber/shared/statsgen/LDSC/base/referencefiles/hapmap3_snps/hm.20.snp \
--ld-wind-cm 1.0 \
--out /dcs04/lieber/marmaypag/spatialNac_LIBD4125/spatial_NAc/processed-data/19_sLDSC_old/snRNA_seq/input_files/DRD2_MSN_B/chr.20 \
--bfile /dcs04/lieber/shared/statsgen/LDSC/base/referencefiles/1000G_EUR_Phase3_plink/1000G.EUR.QC.20 \
--thin-annot  \
--annot /dcs04/lieber/marmaypag/spatialNac_LIBD4125/spatial_NAc/processed-data/19_sLDSC_old/snRNA_seq/input_files/DRD2_MSN_B/chr.20.annot.gz \
--l2  

Beginning analysis at Sun Aug 24 19:26:47 2025
Read list of 221626 SNPs from /dcs04/lieber/shared/statsgen/LDSC/base/referencefiles/1000G_EUR_Phase3_plink/1000G.EUR.QC.20.bim
Read 1 annotations for 221626 SNPs from /dcs04/lieber/marmaypag/spatialNac_LIBD4125/spatial_NAc/processed-data/19_sLDSC_old/snRNA_seq/input_files/DRD2_MSN_B/chr.20.annot.gz
Read list of 489 individuals from /dcs04/lieber/shared/statsgen/LDSC/base/referencefiles/1000G_EUR_Phase3_plink/1000G.EUR.QC.20.fam
Reading genotypes from /dcs04/lieber/shared/statsgen/LDSC/base/referencefiles/1000G_EUR_Phase3_plink/1000G.EUR.QC.20.bed
After filtering, 221626 SNPs remain
Estimating LD Score.
Reading list of 36301 SNPs for which to print LD Scores from /dcs04/lieber/shared/statsgen/LDSC/base/referencefiles/hapmap3_snps/hm.20.snp
After merging with --print-snps, LD Scores for 31359 SNPs will be printed.
Writing LD Scores for 31359 SNPs to /dcs04/lieber/marmaypag/spatialNac_LIBD4125/spatial_NAc/processed-data/19_sLDSC_old/snRNA_seq/input_files/DRD2_MSN_B/chr.20.l2.ldscore.gz

Summary of LD Scores in /dcs04/lieber/marmaypag/spatialNac_LIBD4125/spatial_NAc/processed-data/19_sLDSC_old/snRNA_seq/input_files/DRD2_MSN_B/chr.20.l2.ldscore.gz
         MAF        L2
mean  0.2336   14.8067
std   0.1437   31.6200
min   0.0051   -1.8665
25%   0.1063    0.0000
50%   0.2219    0.0025
75%   0.3569   11.6821
max   0.5000  230.1959

MAF/LD Score Correlation Matrix
       MAF     L2
MAF  1.000  0.087
L2   0.087  1.000

Annotation Correlation Matrix
       ANNOT
ANNOT    1.0

Annotation Matrix Column Sums
ANNOT    40877

Summary of Annotation Matrix Row Sums
count    221626.0000
mean          0.1844
std           0.3878
min           0.0000
25%           0.0000
50%           0.0000
75%           0.0000
max           1.0000
Analysis finished at Sun Aug 24 19:27:35 2025
Total time elapsed: 48.72s
*********************************************************************
* LD Score Regression (LDSC)
* Version 1.0.1
* (C) 2014-2019 Brendan Bulik-Sullivan and Hilary Finucane
* Broad Institute of MIT and Harvard / MIT Department of Mathematics
* GNU General Public License v3
*********************************************************************
Call: 
./ldsc.py \
--print-snps /dcs04/lieber/shared/statsgen/LDSC/base/referencefiles/hapmap3_snps/hm.21.snp \
--ld-wind-cm 1.0 \
--out /dcs04/lieber/marmaypag/spatialNac_LIBD4125/spatial_NAc/processed-data/19_sLDSC_old/snRNA_seq/input_files/DRD2_MSN_B/chr.21 \
--bfile /dcs04/lieber/shared/statsgen/LDSC/base/referencefiles/1000G_EUR_Phase3_plink/1000G.EUR.QC.21 \
--thin-annot  \
--annot /dcs04/lieber/marmaypag/spatialNac_LIBD4125/spatial_NAc/processed-data/19_sLDSC_old/snRNA_seq/input_files/DRD2_MSN_B/chr.21.annot.gz \
--l2  

Beginning analysis at Sun Aug 24 19:27:36 2025
Read list of 138712 SNPs from /dcs04/lieber/shared/statsgen/LDSC/base/referencefiles/1000G_EUR_Phase3_plink/1000G.EUR.QC.21.bim
Read 1 annotations for 138712 SNPs from /dcs04/lieber/marmaypag/spatialNac_LIBD4125/spatial_NAc/processed-data/19_sLDSC_old/snRNA_seq/input_files/DRD2_MSN_B/chr.21.annot.gz
Read list of 489 individuals from /dcs04/lieber/shared/statsgen/LDSC/base/referencefiles/1000G_EUR_Phase3_plink/1000G.EUR.QC.21.fam
Reading genotypes from /dcs04/lieber/shared/statsgen/LDSC/base/referencefiles/1000G_EUR_Phase3_plink/1000G.EUR.QC.21.bed
After filtering, 138712 SNPs remain
Estimating LD Score.
Reading list of 19331 SNPs for which to print LD Scores from /dcs04/lieber/shared/statsgen/LDSC/base/referencefiles/hapmap3_snps/hm.21.snp
After merging with --print-snps, LD Scores for 16993 SNPs will be printed.
Writing LD Scores for 16993 SNPs to /dcs04/lieber/marmaypag/spatialNac_LIBD4125/spatial_NAc/processed-data/19_sLDSC_old/snRNA_seq/input_files/DRD2_MSN_B/chr.21.l2.ldscore.gz

Summary of LD Scores in /dcs04/lieber/marmaypag/spatialNac_LIBD4125/spatial_NAc/processed-data/19_sLDSC_old/snRNA_seq/input_files/DRD2_MSN_B/chr.21.l2.ldscore.gz
         MAF        L2
mean  0.2398   15.1197
std   0.1429   38.8225
min   0.0051   -1.6730
25%   0.1155    0.0000
50%   0.2290    0.0000
75%   0.3640    3.2344
max   0.5000  271.9163

MAF/LD Score Correlation Matrix
        MAF      L2
MAF  1.0000  0.0608
L2   0.0608  1.0000

Annotation Correlation Matrix
       ANNOT
ANNOT    1.0

Annotation Matrix Column Sums
ANNOT    20321

Summary of Annotation Matrix Row Sums
count    138712.0000
mean          0.1465
std           0.3536
min           0.0000
25%           0.0000
50%           0.0000
75%           0.0000
max           1.0000
Analysis finished at Sun Aug 24 19:27:59 2025
Total time elapsed: 23.46s
*********************************************************************
* LD Score Regression (LDSC)
* Version 1.0.1
* (C) 2014-2019 Brendan Bulik-Sullivan and Hilary Finucane
* Broad Institute of MIT and Harvard / MIT Department of Mathematics
* GNU General Public License v3
*********************************************************************
Call: 
./ldsc.py \
--print-snps /dcs04/lieber/shared/statsgen/LDSC/base/referencefiles/hapmap3_snps/hm.22.snp \
--ld-wind-cm 1.0 \
--out /dcs04/lieber/marmaypag/spatialNac_LIBD4125/spatial_NAc/processed-data/19_sLDSC_old/snRNA_seq/input_files/DRD2_MSN_B/chr.22 \
--bfile /dcs04/lieber/shared/statsgen/LDSC/base/referencefiles/1000G_EUR_Phase3_plink/1000G.EUR.QC.22 \
--thin-annot  \
--annot /dcs04/lieber/marmaypag/spatialNac_LIBD4125/spatial_NAc/processed-data/19_sLDSC_old/snRNA_seq/input_files/DRD2_MSN_B/chr.22.annot.gz \
--l2  

Beginning analysis at Sun Aug 24 19:28:00 2025
Read list of 141123 SNPs from /dcs04/lieber/shared/statsgen/LDSC/base/referencefiles/1000G_EUR_Phase3_plink/1000G.EUR.QC.22.bim
Read 1 annotations for 141123 SNPs from /dcs04/lieber/marmaypag/spatialNac_LIBD4125/spatial_NAc/processed-data/19_sLDSC_old/snRNA_seq/input_files/DRD2_MSN_B/chr.22.annot.gz
Read list of 489 individuals from /dcs04/lieber/shared/statsgen/LDSC/base/referencefiles/1000G_EUR_Phase3_plink/1000G.EUR.QC.22.fam
Reading genotypes from /dcs04/lieber/shared/statsgen/LDSC/base/referencefiles/1000G_EUR_Phase3_plink/1000G.EUR.QC.22.bed
After filtering, 141123 SNPs remain
Estimating LD Score.
Reading list of 20106 SNPs for which to print LD Scores from /dcs04/lieber/shared/statsgen/LDSC/base/referencefiles/hapmap3_snps/hm.22.snp
After merging with --print-snps, LD Scores for 17261 SNPs will be printed.
Writing LD Scores for 17261 SNPs to /dcs04/lieber/marmaypag/spatialNac_LIBD4125/spatial_NAc/processed-data/19_sLDSC_old/snRNA_seq/input_files/DRD2_MSN_B/chr.22.l2.ldscore.gz

Summary of LD Scores in /dcs04/lieber/marmaypag/spatialNac_LIBD4125/spatial_NAc/processed-data/19_sLDSC_old/snRNA_seq/input_files/DRD2_MSN_B/chr.22.l2.ldscore.gz
         MAF        L2
mean  0.2359   15.1305
std   0.1442   36.3231
min   0.0051   -1.3819
25%   0.1084    0.0000
50%   0.2280    0.0025
75%   0.3579    9.1158
max   0.5000  356.3795

MAF/LD Score Correlation Matrix
       MAF     L2
MAF  1.000  0.049
L2   0.049  1.000

Annotation Correlation Matrix
       ANNOT
ANNOT    1.0

Annotation Matrix Column Sums
ANNOT    22709

Summary of Annotation Matrix Row Sums
count    141123.0000
mean          0.1609
std           0.3675
min           0.0000
25%           0.0000
50%           0.0000
75%           0.0000
max           1.0000
Analysis finished at Sun Aug 24 19:28:32 2025
Total time elapsed: 31.75s
*********************************************************************
* LD Score Regression (LDSC)
* Version 1.0.1
* (C) 2014-2019 Brendan Bulik-Sullivan and Hilary Finucane
* Broad Institute of MIT and Harvard / MIT Department of Mathematics
* GNU General Public License v3
*********************************************************************
Call: 
./ldsc.py \
--print-snps /dcs04/lieber/shared/statsgen/LDSC/base/referencefiles/hapmap3_snps/hm.1.snp \
--ld-wind-cm 1.0 \
--out /dcs04/lieber/marmaypag/spatialNac_LIBD4125/spatial_NAc/processed-data/19_sLDSC_old/snRNA_seq/input_files/Microglia/chr.1 \
--bfile /dcs04/lieber/shared/statsgen/LDSC/base/referencefiles/1000G_EUR_Phase3_plink/1000G.EUR.QC.1 \
--thin-annot  \
--annot /dcs04/lieber/marmaypag/spatialNac_LIBD4125/spatial_NAc/processed-data/19_sLDSC_old/snRNA_seq/input_files/Microglia/chr.1.annot.gz \
--l2  

Beginning analysis at Sun Aug 24 19:28:32 2025
Read list of 779354 SNPs from /dcs04/lieber/shared/statsgen/LDSC/base/referencefiles/1000G_EUR_Phase3_plink/1000G.EUR.QC.1.bim
Read 1 annotations for 779354 SNPs from /dcs04/lieber/marmaypag/spatialNac_LIBD4125/spatial_NAc/processed-data/19_sLDSC_old/snRNA_seq/input_files/Microglia/chr.1.annot.gz
Read list of 489 individuals from /dcs04/lieber/shared/statsgen/LDSC/base/referencefiles/1000G_EUR_Phase3_plink/1000G.EUR.QC.1.fam
Reading genotypes from /dcs04/lieber/shared/statsgen/LDSC/base/referencefiles/1000G_EUR_Phase3_plink/1000G.EUR.QC.1.bed
After filtering, 779354 SNPs remain
Estimating LD Score.
Reading list of 116564 SNPs for which to print LD Scores from /dcs04/lieber/shared/statsgen/LDSC/base/referencefiles/hapmap3_snps/hm.1.snp
After merging with --print-snps, LD Scores for 98690 SNPs will be printed.
Writing LD Scores for 98690 SNPs to /dcs04/lieber/marmaypag/spatialNac_LIBD4125/spatial_NAc/processed-data/19_sLDSC_old/snRNA_seq/input_files/Microglia/chr.1.l2.ldscore.gz

Summary of LD Scores in /dcs04/lieber/marmaypag/spatialNac_LIBD4125/spatial_NAc/processed-data/19_sLDSC_old/snRNA_seq/input_files/Microglia/chr.1.l2.ldscore.gz
         MAF        L2
mean  0.2329   16.2780
std   0.1442   40.0640
min   0.0051   -2.3288
25%   0.1056    0.0000
50%   0.2219    0.2629
75%   0.3548    7.4543
max   0.5000  430.5174

MAF/LD Score Correlation Matrix
        MAF      L2
MAF  1.0000  0.0357
L2   0.0357  1.0000

Annotation Correlation Matrix
       ANNOT
ANNOT    1.0

Annotation Matrix Column Sums
ANNOT    112178

Summary of Annotation Matrix Row Sums
count    779354.0000
mean          0.1439
std           0.3510
min           0.0000
25%           0.0000
50%           0.0000
75%           0.0000
max           1.0000
Analysis finished at Sun Aug 24 19:31:38 2025
Total time elapsed: 3.0m:5.64s
*********************************************************************
* LD Score Regression (LDSC)
* Version 1.0.1
* (C) 2014-2019 Brendan Bulik-Sullivan and Hilary Finucane
* Broad Institute of MIT and Harvard / MIT Department of Mathematics
* GNU General Public License v3
*********************************************************************
Call: 
./ldsc.py \
--print-snps /dcs04/lieber/shared/statsgen/LDSC/base/referencefiles/hapmap3_snps/hm.2.snp \
--ld-wind-cm 1.0 \
--out /dcs04/lieber/marmaypag/spatialNac_LIBD4125/spatial_NAc/processed-data/19_sLDSC_old/snRNA_seq/input_files/Microglia/chr.2 \
--bfile /dcs04/lieber/shared/statsgen/LDSC/base/referencefiles/1000G_EUR_Phase3_plink/1000G.EUR.QC.2 \
--thin-annot  \
--annot /dcs04/lieber/marmaypag/spatialNac_LIBD4125/spatial_NAc/processed-data/19_sLDSC_old/snRNA_seq/input_files/Microglia/chr.2.annot.gz \
--l2  

Beginning analysis at Sun Aug 24 19:31:38 2025
Read list of 839590 SNPs from /dcs04/lieber/shared/statsgen/LDSC/base/referencefiles/1000G_EUR_Phase3_plink/1000G.EUR.QC.2.bim
Read 1 annotations for 839590 SNPs from /dcs04/lieber/marmaypag/spatialNac_LIBD4125/spatial_NAc/processed-data/19_sLDSC_old/snRNA_seq/input_files/Microglia/chr.2.annot.gz
Read list of 489 individuals from /dcs04/lieber/shared/statsgen/LDSC/base/referencefiles/1000G_EUR_Phase3_plink/1000G.EUR.QC.2.fam
Reading genotypes from /dcs04/lieber/shared/statsgen/LDSC/base/referencefiles/1000G_EUR_Phase3_plink/1000G.EUR.QC.2.bed
After filtering, 839590 SNPs remain
Estimating LD Score.
Reading list of 116575 SNPs for which to print LD Scores from /dcs04/lieber/shared/statsgen/LDSC/base/referencefiles/hapmap3_snps/hm.2.snp
After merging with --print-snps, LD Scores for 100038 SNPs will be printed.
Writing LD Scores for 100038 SNPs to /dcs04/lieber/marmaypag/spatialNac_LIBD4125/spatial_NAc/processed-data/19_sLDSC_old/snRNA_seq/input_files/Microglia/chr.2.l2.ldscore.gz

Summary of LD Scores in /dcs04/lieber/marmaypag/spatialNac_LIBD4125/spatial_NAc/processed-data/19_sLDSC_old/snRNA_seq/input_files/Microglia/chr.2.l2.ldscore.gz
         MAF        L2
mean  0.2371   13.4139
std   0.1439   34.9392
min   0.0051   -2.5841
25%   0.1115    0.0000
50%   0.2280    0.0000
75%   0.3609    4.2419
max   0.5000  357.9396

MAF/LD Score Correlation Matrix
        MAF      L2
MAF  1.0000  0.0666
L2   0.0666  1.0000

Annotation Correlation Matrix
       ANNOT
ANNOT    1.0

Annotation Matrix Column Sums
ANNOT    90822

Summary of Annotation Matrix Row Sums
count    839590.0000
mean          0.1082
std           0.3106
min           0.0000
25%           0.0000
50%           0.0000
75%           0.0000
max           1.0000
Analysis finished at Sun Aug 24 19:35:00 2025
Total time elapsed: 3.0m:21.95s
*********************************************************************
* LD Score Regression (LDSC)
* Version 1.0.1
* (C) 2014-2019 Brendan Bulik-Sullivan and Hilary Finucane
* Broad Institute of MIT and Harvard / MIT Department of Mathematics
* GNU General Public License v3
*********************************************************************
Call: 
./ldsc.py \
--print-snps /dcs04/lieber/shared/statsgen/LDSC/base/referencefiles/hapmap3_snps/hm.3.snp \
--ld-wind-cm 1.0 \
--out /dcs04/lieber/marmaypag/spatialNac_LIBD4125/spatial_NAc/processed-data/19_sLDSC_old/snRNA_seq/input_files/Microglia/chr.3 \
--bfile /dcs04/lieber/shared/statsgen/LDSC/base/referencefiles/1000G_EUR_Phase3_plink/1000G.EUR.QC.3 \
--thin-annot  \
--annot /dcs04/lieber/marmaypag/spatialNac_LIBD4125/spatial_NAc/processed-data/19_sLDSC_old/snRNA_seq/input_files/Microglia/chr.3.annot.gz \
--l2  

Beginning analysis at Sun Aug 24 19:35:01 2025
Read list of 706350 SNPs from /dcs04/lieber/shared/statsgen/LDSC/base/referencefiles/1000G_EUR_Phase3_plink/1000G.EUR.QC.3.bim
Read 1 annotations for 706350 SNPs from /dcs04/lieber/marmaypag/spatialNac_LIBD4125/spatial_NAc/processed-data/19_sLDSC_old/snRNA_seq/input_files/Microglia/chr.3.annot.gz
Read list of 489 individuals from /dcs04/lieber/shared/statsgen/LDSC/base/referencefiles/1000G_EUR_Phase3_plink/1000G.EUR.QC.3.fam
Reading genotypes from /dcs04/lieber/shared/statsgen/LDSC/base/referencefiles/1000G_EUR_Phase3_plink/1000G.EUR.QC.3.bed
After filtering, 706350 SNPs remain
Estimating LD Score.
Reading list of 96664 SNPs for which to print LD Scores from /dcs04/lieber/shared/statsgen/LDSC/base/referencefiles/hapmap3_snps/hm.3.snp
After merging with --print-snps, LD Scores for 83286 SNPs will be printed.
Writing LD Scores for 83286 SNPs to /dcs04/lieber/marmaypag/spatialNac_LIBD4125/spatial_NAc/processed-data/19_sLDSC_old/snRNA_seq/input_files/Microglia/chr.3.l2.ldscore.gz

Summary of LD Scores in /dcs04/lieber/marmaypag/spatialNac_LIBD4125/spatial_NAc/processed-data/19_sLDSC_old/snRNA_seq/input_files/Microglia/chr.3.l2.ldscore.gz
         MAF        L2
mean  0.2395   19.7998
std   0.1436   56.7709
min   0.0051   -2.9382
25%   0.1145    0.0000
50%   0.2311    0.0000
75%   0.3630    5.4508
max   0.5000  698.3033

MAF/LD Score Correlation Matrix
        MAF      L2
MAF  1.0000  0.0783
L2   0.0783  1.0000

Annotation Correlation Matrix
       ANNOT
ANNOT    1.0

Annotation Matrix Column Sums
ANNOT    86531

Summary of Annotation Matrix Row Sums
count    706350.0000
mean          0.1225
std           0.3279
min           0.0000
25%           0.0000
50%           0.0000
75%           0.0000
max           1.0000
Analysis finished at Sun Aug 24 19:38:08 2025
Total time elapsed: 3.0m:7.36s
*********************************************************************
* LD Score Regression (LDSC)
* Version 1.0.1
* (C) 2014-2019 Brendan Bulik-Sullivan and Hilary Finucane
* Broad Institute of MIT and Harvard / MIT Department of Mathematics
* GNU General Public License v3
*********************************************************************
Call: 
./ldsc.py \
--print-snps /dcs04/lieber/shared/statsgen/LDSC/base/referencefiles/hapmap3_snps/hm.4.snp \
--ld-wind-cm 1.0 \
--out /dcs04/lieber/marmaypag/spatialNac_LIBD4125/spatial_NAc/processed-data/19_sLDSC_old/snRNA_seq/input_files/Microglia/chr.4 \
--bfile /dcs04/lieber/shared/statsgen/LDSC/base/referencefiles/1000G_EUR_Phase3_plink/1000G.EUR.QC.4 \
--thin-annot  \
--annot /dcs04/lieber/marmaypag/spatialNac_LIBD4125/spatial_NAc/processed-data/19_sLDSC_old/snRNA_seq/input_files/Microglia/chr.4.annot.gz \
--l2  

Beginning analysis at Sun Aug 24 19:38:09 2025
Read list of 729645 SNPs from /dcs04/lieber/shared/statsgen/LDSC/base/referencefiles/1000G_EUR_Phase3_plink/1000G.EUR.QC.4.bim
Read 1 annotations for 729645 SNPs from /dcs04/lieber/marmaypag/spatialNac_LIBD4125/spatial_NAc/processed-data/19_sLDSC_old/snRNA_seq/input_files/Microglia/chr.4.annot.gz
Read list of 489 individuals from /dcs04/lieber/shared/statsgen/LDSC/base/referencefiles/1000G_EUR_Phase3_plink/1000G.EUR.QC.4.fam
Reading genotypes from /dcs04/lieber/shared/statsgen/LDSC/base/referencefiles/1000G_EUR_Phase3_plink/1000G.EUR.QC.4.bed
After filtering, 729645 SNPs remain
Estimating LD Score.
Reading list of 85881 SNPs for which to print LD Scores from /dcs04/lieber/shared/statsgen/LDSC/base/referencefiles/hapmap3_snps/hm.4.snp
After merging with --print-snps, LD Scores for 74259 SNPs will be printed.
Writing LD Scores for 74259 SNPs to /dcs04/lieber/marmaypag/spatialNac_LIBD4125/spatial_NAc/processed-data/19_sLDSC_old/snRNA_seq/input_files/Microglia/chr.4.l2.ldscore.gz

Summary of LD Scores in /dcs04/lieber/marmaypag/spatialNac_LIBD4125/spatial_NAc/processed-data/19_sLDSC_old/snRNA_seq/input_files/Microglia/chr.4.l2.ldscore.gz
         MAF        L2
mean  0.2367   12.4974
std   0.1431   41.3066
min   0.0051   -2.6420
25%   0.1115    0.0000
50%   0.2301    0.0000
75%   0.3579    1.0764
max   0.5000  456.6976

MAF/LD Score Correlation Matrix
       MAF     L2
MAF  1.000  0.056
L2   0.056  1.000

Annotation Correlation Matrix
       ANNOT
ANNOT    1.0

Annotation Matrix Column Sums
ANNOT    59280

Summary of Annotation Matrix Row Sums
count    729645.0000
mean          0.0812
std           0.2732
min           0.0000
25%           0.0000
50%           0.0000
75%           0.0000
max           1.0000
Analysis finished at Sun Aug 24 19:40:40 2025
Total time elapsed: 2.0m:31.33s
*********************************************************************
* LD Score Regression (LDSC)
* Version 1.0.1
* (C) 2014-2019 Brendan Bulik-Sullivan and Hilary Finucane
* Broad Institute of MIT and Harvard / MIT Department of Mathematics
* GNU General Public License v3
*********************************************************************
Call: 
./ldsc.py \
--print-snps /dcs04/lieber/shared/statsgen/LDSC/base/referencefiles/hapmap3_snps/hm.5.snp \
--ld-wind-cm 1.0 \
--out /dcs04/lieber/marmaypag/spatialNac_LIBD4125/spatial_NAc/processed-data/19_sLDSC_old/snRNA_seq/input_files/Microglia/chr.5 \
--bfile /dcs04/lieber/shared/statsgen/LDSC/base/referencefiles/1000G_EUR_Phase3_plink/1000G.EUR.QC.5 \
--thin-annot  \
--annot /dcs04/lieber/marmaypag/spatialNac_LIBD4125/spatial_NAc/processed-data/19_sLDSC_old/snRNA_seq/input_files/Microglia/chr.5.annot.gz \
--l2  

Beginning analysis at Sun Aug 24 19:40:40 2025
Read list of 633015 SNPs from /dcs04/lieber/shared/statsgen/LDSC/base/referencefiles/1000G_EUR_Phase3_plink/1000G.EUR.QC.5.bim
Read 1 annotations for 633015 SNPs from /dcs04/lieber/marmaypag/spatialNac_LIBD4125/spatial_NAc/processed-data/19_sLDSC_old/snRNA_seq/input_files/Microglia/chr.5.annot.gz
Read list of 489 individuals from /dcs04/lieber/shared/statsgen/LDSC/base/referencefiles/1000G_EUR_Phase3_plink/1000G.EUR.QC.5.fam
Reading genotypes from /dcs04/lieber/shared/statsgen/LDSC/base/referencefiles/1000G_EUR_Phase3_plink/1000G.EUR.QC.5.bed
After filtering, 633015 SNPs remain
Estimating LD Score.
Reading list of 88059 SNPs for which to print LD Scores from /dcs04/lieber/shared/statsgen/LDSC/base/referencefiles/hapmap3_snps/hm.5.snp
After merging with --print-snps, LD Scores for 74950 SNPs will be printed.
Writing LD Scores for 74950 SNPs to /dcs04/lieber/marmaypag/spatialNac_LIBD4125/spatial_NAc/processed-data/19_sLDSC_old/snRNA_seq/input_files/Microglia/chr.5.l2.ldscore.gz

Summary of LD Scores in /dcs04/lieber/marmaypag/spatialNac_LIBD4125/spatial_NAc/processed-data/19_sLDSC_old/snRNA_seq/input_files/Microglia/chr.5.l2.ldscore.gz
         MAF        L2
mean  0.2353   14.8491
std   0.1428   44.3930
min   0.0051   -2.2393
25%   0.1104    0.0000
50%   0.2260    0.0000
75%   0.3558    4.0606
max   0.5000  533.3753

MAF/LD Score Correlation Matrix
        MAF      L2
MAF  1.0000  0.0399
L2   0.0399  1.0000

Annotation Correlation Matrix
       ANNOT
ANNOT    1.0

Annotation Matrix Column Sums
ANNOT    69655

Summary of Annotation Matrix Row Sums
count    633015.0000
mean          0.1100
std           0.3129
min           0.0000
25%           0.0000
50%           0.0000
75%           0.0000
max           1.0000
Analysis finished at Sun Aug 24 19:43:06 2025
Total time elapsed: 2.0m:25.58s
*********************************************************************
* LD Score Regression (LDSC)
* Version 1.0.1
* (C) 2014-2019 Brendan Bulik-Sullivan and Hilary Finucane
* Broad Institute of MIT and Harvard / MIT Department of Mathematics
* GNU General Public License v3
*********************************************************************
Call: 
./ldsc.py \
--print-snps /dcs04/lieber/shared/statsgen/LDSC/base/referencefiles/hapmap3_snps/hm.6.snp \
--ld-wind-cm 1.0 \
--out /dcs04/lieber/marmaypag/spatialNac_LIBD4125/spatial_NAc/processed-data/19_sLDSC_old/snRNA_seq/input_files/Microglia/chr.6 \
--bfile /dcs04/lieber/shared/statsgen/LDSC/base/referencefiles/1000G_EUR_Phase3_plink/1000G.EUR.QC.6 \
--thin-annot  \
--annot /dcs04/lieber/marmaypag/spatialNac_LIBD4125/spatial_NAc/processed-data/19_sLDSC_old/snRNA_seq/input_files/Microglia/chr.6.annot.gz \
--l2  

Beginning analysis at Sun Aug 24 19:43:07 2025
Read list of 664016 SNPs from /dcs04/lieber/shared/statsgen/LDSC/base/referencefiles/1000G_EUR_Phase3_plink/1000G.EUR.QC.6.bim
Read 1 annotations for 664016 SNPs from /dcs04/lieber/marmaypag/spatialNac_LIBD4125/spatial_NAc/processed-data/19_sLDSC_old/snRNA_seq/input_files/Microglia/chr.6.annot.gz
Read list of 489 individuals from /dcs04/lieber/shared/statsgen/LDSC/base/referencefiles/1000G_EUR_Phase3_plink/1000G.EUR.QC.6.fam
Reading genotypes from /dcs04/lieber/shared/statsgen/LDSC/base/referencefiles/1000G_EUR_Phase3_plink/1000G.EUR.QC.6.bed
After filtering, 664016 SNPs remain
Estimating LD Score.
Reading list of 91491 SNPs for which to print LD Scores from /dcs04/lieber/shared/statsgen/LDSC/base/referencefiles/hapmap3_snps/hm.6.snp
After merging with --print-snps, LD Scores for 80218 SNPs will be printed.
Writing LD Scores for 80218 SNPs to /dcs04/lieber/marmaypag/spatialNac_LIBD4125/spatial_NAc/processed-data/19_sLDSC_old/snRNA_seq/input_files/Microglia/chr.6.l2.ldscore.gz

Summary of LD Scores in /dcs04/lieber/marmaypag/spatialNac_LIBD4125/spatial_NAc/processed-data/19_sLDSC_old/snRNA_seq/input_files/Microglia/chr.6.l2.ldscore.gz
         MAF         L2
mean  0.2331    34.8818
std   0.1441   103.5993
min   0.0051    -2.5005
25%   0.1074     0.0000
50%   0.2219     0.1955
75%   0.3558    11.1283
max   0.5000  1336.7844

MAF/LD Score Correlation Matrix
        MAF      L2
MAF  1.0000  0.0275
L2   0.0275  1.0000

Annotation Correlation Matrix
       ANNOT
ANNOT    1.0

Annotation Matrix Column Sums
ANNOT    95029

Summary of Annotation Matrix Row Sums
count    664016.0000
mean          0.1431
std           0.3502
min           0.0000
25%           0.0000
50%           0.0000
75%           0.0000
max           1.0000
Analysis finished at Sun Aug 24 19:47:20 2025
Total time elapsed: 4.0m:13.3s
*********************************************************************
* LD Score Regression (LDSC)
* Version 1.0.1
* (C) 2014-2019 Brendan Bulik-Sullivan and Hilary Finucane
* Broad Institute of MIT and Harvard / MIT Department of Mathematics
* GNU General Public License v3
*********************************************************************
Call: 
./ldsc.py \
--print-snps /dcs04/lieber/shared/statsgen/LDSC/base/referencefiles/hapmap3_snps/hm.7.snp \
--ld-wind-cm 1.0 \
--out /dcs04/lieber/marmaypag/spatialNac_LIBD4125/spatial_NAc/processed-data/19_sLDSC_old/snRNA_seq/input_files/Microglia/chr.7 \
--bfile /dcs04/lieber/shared/statsgen/LDSC/base/referencefiles/1000G_EUR_Phase3_plink/1000G.EUR.QC.7 \
--thin-annot  \
--annot /dcs04/lieber/marmaypag/spatialNac_LIBD4125/spatial_NAc/processed-data/19_sLDSC_old/snRNA_seq/input_files/Microglia/chr.7.annot.gz \
--l2  

Beginning analysis at Sun Aug 24 19:47:20 2025
Read list of 589569 SNPs from /dcs04/lieber/shared/statsgen/LDSC/base/referencefiles/1000G_EUR_Phase3_plink/1000G.EUR.QC.7.bim
Read 1 annotations for 589569 SNPs from /dcs04/lieber/marmaypag/spatialNac_LIBD4125/spatial_NAc/processed-data/19_sLDSC_old/snRNA_seq/input_files/Microglia/chr.7.annot.gz
Read list of 489 individuals from /dcs04/lieber/shared/statsgen/LDSC/base/referencefiles/1000G_EUR_Phase3_plink/1000G.EUR.QC.7.fam
Reading genotypes from /dcs04/lieber/shared/statsgen/LDSC/base/referencefiles/1000G_EUR_Phase3_plink/1000G.EUR.QC.7.bed
After filtering, 589569 SNPs remain
Estimating LD Score.
Reading list of 75316 SNPs for which to print LD Scores from /dcs04/lieber/shared/statsgen/LDSC/base/referencefiles/hapmap3_snps/hm.7.snp
After merging with --print-snps, LD Scores for 65848 SNPs will be printed.
Writing LD Scores for 65848 SNPs to /dcs04/lieber/marmaypag/spatialNac_LIBD4125/spatial_NAc/processed-data/19_sLDSC_old/snRNA_seq/input_files/Microglia/chr.7.l2.ldscore.gz

Summary of LD Scores in /dcs04/lieber/marmaypag/spatialNac_LIBD4125/spatial_NAc/processed-data/19_sLDSC_old/snRNA_seq/input_files/Microglia/chr.7.l2.ldscore.gz
         MAF        L2
mean  0.2376   16.7540
std   0.1437   43.9424
min   0.0051   -1.8354
25%   0.1104    0.0000
50%   0.2290    0.1426
75%   0.3609    6.1057
max   0.5000  465.1955

MAF/LD Score Correlation Matrix
        MAF      L2
MAF  1.0000  0.0503
L2   0.0503  1.0000

Annotation Correlation Matrix
       ANNOT
ANNOT    1.0

Annotation Matrix Column Sums
ANNOT    79407

Summary of Annotation Matrix Row Sums
count    589569.0000
mean          0.1347
std           0.3414
min           0.0000
25%           0.0000
50%           0.0000
75%           0.0000
max           1.0000
Analysis finished at Sun Aug 24 19:49:43 2025
Total time elapsed: 2.0m:23.0s
*********************************************************************
* LD Score Regression (LDSC)
* Version 1.0.1
* (C) 2014-2019 Brendan Bulik-Sullivan and Hilary Finucane
* Broad Institute of MIT and Harvard / MIT Department of Mathematics
* GNU General Public License v3
*********************************************************************
Call: 
./ldsc.py \
--print-snps /dcs04/lieber/shared/statsgen/LDSC/base/referencefiles/hapmap3_snps/hm.8.snp \
--ld-wind-cm 1.0 \
--out /dcs04/lieber/marmaypag/spatialNac_LIBD4125/spatial_NAc/processed-data/19_sLDSC_old/snRNA_seq/input_files/Microglia/chr.8 \
--bfile /dcs04/lieber/shared/statsgen/LDSC/base/referencefiles/1000G_EUR_Phase3_plink/1000G.EUR.QC.8 \
--thin-annot  \
--annot /dcs04/lieber/marmaypag/spatialNac_LIBD4125/spatial_NAc/processed-data/19_sLDSC_old/snRNA_seq/input_files/Microglia/chr.8.annot.gz \
--l2  

Beginning analysis at Sun Aug 24 19:49:44 2025
Read list of 549971 SNPs from /dcs04/lieber/shared/statsgen/LDSC/base/referencefiles/1000G_EUR_Phase3_plink/1000G.EUR.QC.8.bim
Read 1 annotations for 549971 SNPs from /dcs04/lieber/marmaypag/spatialNac_LIBD4125/spatial_NAc/processed-data/19_sLDSC_old/snRNA_seq/input_files/Microglia/chr.8.annot.gz
Read list of 489 individuals from /dcs04/lieber/shared/statsgen/LDSC/base/referencefiles/1000G_EUR_Phase3_plink/1000G.EUR.QC.8.fam
Reading genotypes from /dcs04/lieber/shared/statsgen/LDSC/base/referencefiles/1000G_EUR_Phase3_plink/1000G.EUR.QC.8.bed
After filtering, 549971 SNPs remain
Estimating LD Score.
Reading list of 75345 SNPs for which to print LD Scores from /dcs04/lieber/shared/statsgen/LDSC/base/referencefiles/hapmap3_snps/hm.8.snp
After merging with --print-snps, LD Scores for 65167 SNPs will be printed.
Writing LD Scores for 65167 SNPs to /dcs04/lieber/marmaypag/spatialNac_LIBD4125/spatial_NAc/processed-data/19_sLDSC_old/snRNA_seq/input_files/Microglia/chr.8.l2.ldscore.gz

Summary of LD Scores in /dcs04/lieber/marmaypag/spatialNac_LIBD4125/spatial_NAc/processed-data/19_sLDSC_old/snRNA_seq/input_files/Microglia/chr.8.l2.ldscore.gz
         MAF        L2
mean  0.2368   13.3159
std   0.1438   47.1719
min   0.0051   -3.1590
25%   0.1094    0.0000
50%   0.2270    0.0000
75%   0.3599    2.6126
max   0.5000  587.2354

MAF/LD Score Correlation Matrix
        MAF      L2
MAF  1.0000  0.0167
L2   0.0167  1.0000

Annotation Correlation Matrix
       ANNOT
ANNOT    1.0

Annotation Matrix Column Sums
ANNOT    54656

Summary of Annotation Matrix Row Sums
count    549971.0000
mean          0.0994
std           0.2992
min           0.0000
25%           0.0000
50%           0.0000
75%           0.0000
max           1.0000
Analysis finished at Sun Aug 24 19:52:00 2025
Total time elapsed: 2.0m:16.49s
*********************************************************************
* LD Score Regression (LDSC)
* Version 1.0.1
* (C) 2014-2019 Brendan Bulik-Sullivan and Hilary Finucane
* Broad Institute of MIT and Harvard / MIT Department of Mathematics
* GNU General Public License v3
*********************************************************************
Call: 
./ldsc.py \
--print-snps /dcs04/lieber/shared/statsgen/LDSC/base/referencefiles/hapmap3_snps/hm.9.snp \
--ld-wind-cm 1.0 \
--out /dcs04/lieber/marmaypag/spatialNac_LIBD4125/spatial_NAc/processed-data/19_sLDSC_old/snRNA_seq/input_files/Microglia/chr.9 \
--bfile /dcs04/lieber/shared/statsgen/LDSC/base/referencefiles/1000G_EUR_Phase3_plink/1000G.EUR.QC.9 \
--thin-annot  \
--annot /dcs04/lieber/marmaypag/spatialNac_LIBD4125/spatial_NAc/processed-data/19_sLDSC_old/snRNA_seq/input_files/Microglia/chr.9.annot.gz \
--l2  

Beginning analysis at Sun Aug 24 19:52:01 2025
Read list of 438106 SNPs from /dcs04/lieber/shared/statsgen/LDSC/base/referencefiles/1000G_EUR_Phase3_plink/1000G.EUR.QC.9.bim
Read 1 annotations for 438106 SNPs from /dcs04/lieber/marmaypag/spatialNac_LIBD4125/spatial_NAc/processed-data/19_sLDSC_old/snRNA_seq/input_files/Microglia/chr.9.annot.gz
Read list of 489 individuals from /dcs04/lieber/shared/statsgen/LDSC/base/referencefiles/1000G_EUR_Phase3_plink/1000G.EUR.QC.9.fam
Reading genotypes from /dcs04/lieber/shared/statsgen/LDSC/base/referencefiles/1000G_EUR_Phase3_plink/1000G.EUR.QC.9.bed
After filtering, 438106 SNPs remain
Estimating LD Score.
Reading list of 63706 SNPs for which to print LD Scores from /dcs04/lieber/shared/statsgen/LDSC/base/referencefiles/hapmap3_snps/hm.9.snp
After merging with --print-snps, LD Scores for 55885 SNPs will be printed.
Writing LD Scores for 55885 SNPs to /dcs04/lieber/marmaypag/spatialNac_LIBD4125/spatial_NAc/processed-data/19_sLDSC_old/snRNA_seq/input_files/Microglia/chr.9.l2.ldscore.gz

Summary of LD Scores in /dcs04/lieber/marmaypag/spatialNac_LIBD4125/spatial_NAc/processed-data/19_sLDSC_old/snRNA_seq/input_files/Microglia/chr.9.l2.ldscore.gz
         MAF        L2
mean  0.2343   13.0706
std   0.1436   37.1057
min   0.0051   -1.7088
25%   0.1084    0.0000
50%   0.2239    0.0000
75%   0.3558    3.1336
max   0.5000  354.6497

MAF/LD Score Correlation Matrix
        MAF      L2
MAF  1.0000  0.0581
L2   0.0581  1.0000

Annotation Correlation Matrix
       ANNOT
ANNOT    1.0

Annotation Matrix Column Sums
ANNOT    50125

Summary of Annotation Matrix Row Sums
count    438106.0000
mean          0.1144
std           0.3183
min           0.0000
25%           0.0000
50%           0.0000
75%           0.0000
max           1.0000
Analysis finished at Sun Aug 24 19:53:25 2025
Total time elapsed: 1.0m:23.84s
*********************************************************************
* LD Score Regression (LDSC)
* Version 1.0.1
* (C) 2014-2019 Brendan Bulik-Sullivan and Hilary Finucane
* Broad Institute of MIT and Harvard / MIT Department of Mathematics
* GNU General Public License v3
*********************************************************************
Call: 
./ldsc.py \
--print-snps /dcs04/lieber/shared/statsgen/LDSC/base/referencefiles/hapmap3_snps/hm.10.snp \
--ld-wind-cm 1.0 \
--out /dcs04/lieber/marmaypag/spatialNac_LIBD4125/spatial_NAc/processed-data/19_sLDSC_old/snRNA_seq/input_files/Microglia/chr.10 \
--bfile /dcs04/lieber/shared/statsgen/LDSC/base/referencefiles/1000G_EUR_Phase3_plink/1000G.EUR.QC.10 \
--thin-annot  \
--annot /dcs04/lieber/marmaypag/spatialNac_LIBD4125/spatial_NAc/processed-data/19_sLDSC_old/snRNA_seq/input_files/Microglia/chr.10.annot.gz \
--l2  

Beginning analysis at Sun Aug 24 19:53:25 2025
Read list of 510501 SNPs from /dcs04/lieber/shared/statsgen/LDSC/base/referencefiles/1000G_EUR_Phase3_plink/1000G.EUR.QC.10.bim
Read 1 annotations for 510501 SNPs from /dcs04/lieber/marmaypag/spatialNac_LIBD4125/spatial_NAc/processed-data/19_sLDSC_old/snRNA_seq/input_files/Microglia/chr.10.annot.gz
Read list of 489 individuals from /dcs04/lieber/shared/statsgen/LDSC/base/referencefiles/1000G_EUR_Phase3_plink/1000G.EUR.QC.10.fam
Reading genotypes from /dcs04/lieber/shared/statsgen/LDSC/base/referencefiles/1000G_EUR_Phase3_plink/1000G.EUR.QC.10.bed
After filtering, 510501 SNPs remain
Estimating LD Score.
Reading list of 73929 SNPs for which to print LD Scores from /dcs04/lieber/shared/statsgen/LDSC/base/referencefiles/hapmap3_snps/hm.10.snp
After merging with --print-snps, LD Scores for 64236 SNPs will be printed.
Writing LD Scores for 64236 SNPs to /dcs04/lieber/marmaypag/spatialNac_LIBD4125/spatial_NAc/processed-data/19_sLDSC_old/snRNA_seq/input_files/Microglia/chr.10.l2.ldscore.gz

Summary of LD Scores in /dcs04/lieber/marmaypag/spatialNac_LIBD4125/spatial_NAc/processed-data/19_sLDSC_old/snRNA_seq/input_files/Microglia/chr.10.l2.ldscore.gz
         MAF        L2
mean  0.2316   17.2507
std   0.1438   41.1207
min   0.0051   -2.2939
25%   0.1053    0.0000
50%   0.2188    0.0132
75%   0.3538    9.2915
max   0.5000  385.6083

MAF/LD Score Correlation Matrix
        MAF      L2
MAF  1.0000  0.0378
L2   0.0378  1.0000

Annotation Correlation Matrix
       ANNOT
ANNOT    1.0

Annotation Matrix Column Sums
ANNOT    78512

Summary of Annotation Matrix Row Sums
count    510501.0000
mean          0.1538
std           0.3608
min           0.0000
25%           0.0000
50%           0.0000
75%           0.0000
max           1.0000
Analysis finished at Sun Aug 24 19:55:27 2025
Total time elapsed: 2.0m:2.01s
**** Job ends ****
Sun Aug 24 07:55:27 PM EDT 2025
