**** Job starts ****
Tue Jun 17 12:19:44 PM EDT 2025
*********************************************************************
* LD Score Regression (LDSC)
* Version 1.0.1
* (C) 2014-2019 Brendan Bulik-Sullivan and Hilary Finucane
* Broad Institute of MIT and Harvard / MIT Department of Mathematics
* GNU General Public License v3
*********************************************************************
Call: 
./ldsc.py \
--h2 /dcs04/lieber/shared/statsgen/LDSC/base/gwas_brain/adhd.gz \
--ref-ld-chr /dcs04/lieber/marmaypag/spatialNac_LIBD4125/spatial_NAc/processed-data/19_sLDSC/human_NAc_NMF/input_files/nmf11/chr.,/dcs04/lieber/shared/statsgen/LDSC/base/baseline2/baselineLD. \
--out /dcs04/lieber/marmaypag/spatialNac_LIBD4125/spatial_NAc/processed-data/19_sLDSC/human_NAc_NMF/sLDSC_coefficients/nmf11/adhd.out \
--overlap-annot  \
--frqfile-chr /dcs04/lieber/shared/statsgen/LDSC/base/referencefiles/1000G_Phase3_frq/1000G.EUR.QC. \
--w-ld-chr /dcs04/lieber/shared/statsgen/LDSC/base/referencefiles/1000G_Phase3_weights_hm3_no_MHC/weights.hm3_noMHC. \
--print-coefficients  

Beginning analysis at Tue Jun 17 12:19:45 2025
Reading summary statistics from /dcs04/lieber/shared/statsgen/LDSC/base/gwas_brain/adhd.gz ...
Read summary statistics for 1114823 SNPs.
Reading reference panel LD Score from /dcs04/lieber/marmaypag/spatialNac_LIBD4125/spatial_NAc/processed-data/19_sLDSC/human_NAc_NMF/input_files/nmf11/chr.,/dcs04/lieber/shared/statsgen/LDSC/base/baseline2/baselineLD.[1-22] ... (ldscore_fromlist)
Read reference panel LD Scores for 1195563 SNPs.
Removing partitioned LD Scores with zero variance.
Reading regression weight LD Score from /dcs04/lieber/shared/statsgen/LDSC/base/referencefiles/1000G_Phase3_weights_hm3_no_MHC/weights.hm3_noMHC.[1-22] ... (ldscore_fromlist)
Read regression weight LD Scores for 1187349 SNPs.
After merging with reference panel LD, 1114820 SNPs remain.
After merging with regression SNP LD, 1023001 SNPs remain.
Removed 0 SNPs with chi^2 > 128.213 (1023001 SNPs remain)
Total Observed scale h2: 0.1742 (0.0093)
Categories: L2_0 baseL2_1 Coding_UCSCL2_1 Coding_UCSC.flanking.500L2_1 Conserved_LindbladTohL2_1 Conserved_LindbladToh.flanking.500L2_1 CTCF_HoffmanL2_1 CTCF_Hoffman.flanking.500L2_1 DGF_ENCODEL2_1 DGF_ENCODE.flanking.500L2_1 DHS_peaks_TrynkaL2_1 DHS_TrynkaL2_1 DHS_Trynka.flanking.500L2_1 Enhancer_AnderssonL2_1 Enhancer_Andersson.flanking.500L2_1 Enhancer_HoffmanL2_1 Enhancer_Hoffman.flanking.500L2_1 FetalDHS_TrynkaL2_1 FetalDHS_Trynka.flanking.500L2_1 H3K27ac_HniszL2_1 H3K27ac_Hnisz.flanking.500L2_1 H3K27ac_PGC2L2_1 H3K27ac_PGC2.flanking.500L2_1 H3K4me1_peaks_TrynkaL2_1 H3K4me1_TrynkaL2_1 H3K4me1_Trynka.flanking.500L2_1 H3K4me3_peaks_TrynkaL2_1 H3K4me3_TrynkaL2_1 H3K4me3_Trynka.flanking.500L2_1 H3K9ac_peaks_TrynkaL2_1 H3K9ac_TrynkaL2_1 H3K9ac_Trynka.flanking.500L2_1 Intron_UCSCL2_1 Intron_UCSC.flanking.500L2_1 PromoterFlanking_HoffmanL2_1 PromoterFlanking_Hoffman.flanking.500L2_1 Promoter_UCSCL2_1 Promoter_UCSC.flanking.500L2_1 Repressed_HoffmanL2_1 Repressed_Hoffman.flanking.500L2_1 SuperEnhancer_HniszL2_1 SuperEnhancer_Hnisz.flanking.500L2_1 TFBS_ENCODEL2_1 TFBS_ENCODE.flanking.500L2_1 Transcr_HoffmanL2_1 Transcr_Hoffman.flanking.500L2_1 TSS_HoffmanL2_1 TSS_Hoffman.flanking.500L2_1 UTR_3_UCSCL2_1 UTR_3_UCSC.flanking.500L2_1 UTR_5_UCSCL2_1 UTR_5_UCSC.flanking.500L2_1 WeakEnhancer_HoffmanL2_1 WeakEnhancer_Hoffman.flanking.500L2_1 GERP.NSL2_1 GERP.RSsup4L2_1 MAFbin1L2_1 MAFbin2L2_1 MAFbin3L2_1 MAFbin4L2_1 MAFbin5L2_1 MAFbin6L2_1 MAFbin7L2_1 MAFbin8L2_1 MAFbin9L2_1 MAFbin10L2_1 MAF_Adj_Predicted_Allele_AgeL2_1 MAF_Adj_LLD_AFRL2_1 Recomb_Rate_10kbL2_1 Nucleotide_Diversity_10kbL2_1 Backgrd_Selection_StatL2_1 CpG_Content_50kbL2_1 MAF_Adj_ASMCL2_1 GTEx_eQTL_MaxCPPL2_1 BLUEPRINT_H3K27acQTL_MaxCPPL2_1 BLUEPRINT_H3K4me1QTL_MaxCPPL2_1 BLUEPRINT_DNA_methylation_MaxCPPL2_1 synonymousL2_1 non_synonymousL2_1 Conserved_Vertebrate_phastCons46wayL2_1 Conserved_Vertebrate_phastCons46way.flanking.500L2_1 Conserved_Mammal_phastCons46wayL2_1 Conserved_Mammal_phastCons46way.flanking.500L2_1 Conserved_Primate_phastCons46wayL2_1 Conserved_Primate_phastCons46way.flanking.500L2_1 BivFlnkL2_1 BivFlnk.flanking.500L2_1 Human_Promoter_VillarL2_1 Human_Promoter_Villar.flanking.500L2_1 Human_Enhancer_VillarL2_1 Human_Enhancer_Villar.flanking.500L2_1 Ancient_Sequence_Age_Human_PromoterL2_1 Ancient_Sequence_Age_Human_Promoter.flanking.500L2_1 Ancient_Sequence_Age_Human_EnhancerL2_1 Ancient_Sequence_Age_Human_Enhancer.flanking.500L2_1 Human_Enhancer_Villar_Species_Enhancer_CountL2_1 Human_Promoter_Villar_ExACL2_1 Human_Promoter_Villar_ExAC.flanking.500L2_1
Lambda GC: 1.357
Mean Chi^2: 1.4499
Intercept: 1.0294 (0.0095)
Ratio: 0.0654 (0.0211)
Reading annot matrix from /dcs04/lieber/marmaypag/spatialNac_LIBD4125/spatial_NAc/processed-data/19_sLDSC/human_NAc_NMF/input_files/nmf11/chr.,/dcs04/lieber/shared/statsgen/LDSC/base/baseline2/baselineLD.[1-22] ... (annot)
Results printed to /dcs04/lieber/marmaypag/spatialNac_LIBD4125/spatial_NAc/processed-data/19_sLDSC/human_NAc_NMF/sLDSC_coefficients/nmf11/adhd.out.results
Analysis finished at Tue Jun 17 12:22:19 2025
Total time elapsed: 2.0m:34.62s
*********************************************************************
* LD Score Regression (LDSC)
* Version 1.0.1
* (C) 2014-2019 Brendan Bulik-Sullivan and Hilary Finucane
* Broad Institute of MIT and Harvard / MIT Department of Mathematics
* GNU General Public License v3
*********************************************************************
Call: 
./ldsc.py \
--h2 /dcs04/lieber/shared/statsgen/LDSC/base/gwas_brain/alcohol_ldscore.gz \
--ref-ld-chr /dcs04/lieber/marmaypag/spatialNac_LIBD4125/spatial_NAc/processed-data/19_sLDSC/human_NAc_NMF/input_files/nmf11/chr.,/dcs04/lieber/shared/statsgen/LDSC/base/baseline2/baselineLD. \
--out /dcs04/lieber/marmaypag/spatialNac_LIBD4125/spatial_NAc/processed-data/19_sLDSC/human_NAc_NMF/sLDSC_coefficients/nmf11/alcohol_ldscore.out \
--overlap-annot  \
--frqfile-chr /dcs04/lieber/shared/statsgen/LDSC/base/referencefiles/1000G_Phase3_frq/1000G.EUR.QC. \
--w-ld-chr /dcs04/lieber/shared/statsgen/LDSC/base/referencefiles/1000G_Phase3_weights_hm3_no_MHC/weights.hm3_noMHC. \
--print-coefficients  

Beginning analysis at Tue Jun 17 12:22:20 2025
Reading summary statistics from /dcs04/lieber/shared/statsgen/LDSC/base/gwas_brain/alcohol_ldscore.gz ...
Read summary statistics for 1161773 SNPs.
Reading reference panel LD Score from /dcs04/lieber/marmaypag/spatialNac_LIBD4125/spatial_NAc/processed-data/19_sLDSC/human_NAc_NMF/input_files/nmf11/chr.,/dcs04/lieber/shared/statsgen/LDSC/base/baseline2/baselineLD.[1-22] ... (ldscore_fromlist)
Read reference panel LD Scores for 1195563 SNPs.
Removing partitioned LD Scores with zero variance.
Reading regression weight LD Score from /dcs04/lieber/shared/statsgen/LDSC/base/referencefiles/1000G_Phase3_weights_hm3_no_MHC/weights.hm3_noMHC.[1-22] ... (ldscore_fromlist)
Read regression weight LD Scores for 1187349 SNPs.
After merging with reference panel LD, 1161770 SNPs remain.
After merging with regression SNP LD, 1064035 SNPs remain.
Removed 0 SNPs with chi^2 > 537.349 (1064035 SNPs remain)
Total Observed scale h2: 0.0477 (0.002)
Categories: L2_0 baseL2_1 Coding_UCSCL2_1 Coding_UCSC.flanking.500L2_1 Conserved_LindbladTohL2_1 Conserved_LindbladToh.flanking.500L2_1 CTCF_HoffmanL2_1 CTCF_Hoffman.flanking.500L2_1 DGF_ENCODEL2_1 DGF_ENCODE.flanking.500L2_1 DHS_peaks_TrynkaL2_1 DHS_TrynkaL2_1 DHS_Trynka.flanking.500L2_1 Enhancer_AnderssonL2_1 Enhancer_Andersson.flanking.500L2_1 Enhancer_HoffmanL2_1 Enhancer_Hoffman.flanking.500L2_1 FetalDHS_TrynkaL2_1 FetalDHS_Trynka.flanking.500L2_1 H3K27ac_HniszL2_1 H3K27ac_Hnisz.flanking.500L2_1 H3K27ac_PGC2L2_1 H3K27ac_PGC2.flanking.500L2_1 H3K4me1_peaks_TrynkaL2_1 H3K4me1_TrynkaL2_1 H3K4me1_Trynka.flanking.500L2_1 H3K4me3_peaks_TrynkaL2_1 H3K4me3_TrynkaL2_1 H3K4me3_Trynka.flanking.500L2_1 H3K9ac_peaks_TrynkaL2_1 H3K9ac_TrynkaL2_1 H3K9ac_Trynka.flanking.500L2_1 Intron_UCSCL2_1 Intron_UCSC.flanking.500L2_1 PromoterFlanking_HoffmanL2_1 PromoterFlanking_Hoffman.flanking.500L2_1 Promoter_UCSCL2_1 Promoter_UCSC.flanking.500L2_1 Repressed_HoffmanL2_1 Repressed_Hoffman.flanking.500L2_1 SuperEnhancer_HniszL2_1 SuperEnhancer_Hnisz.flanking.500L2_1 TFBS_ENCODEL2_1 TFBS_ENCODE.flanking.500L2_1 Transcr_HoffmanL2_1 Transcr_Hoffman.flanking.500L2_1 TSS_HoffmanL2_1 TSS_Hoffman.flanking.500L2_1 UTR_3_UCSCL2_1 UTR_3_UCSC.flanking.500L2_1 UTR_5_UCSCL2_1 UTR_5_UCSC.flanking.500L2_1 WeakEnhancer_HoffmanL2_1 WeakEnhancer_Hoffman.flanking.500L2_1 GERP.NSL2_1 GERP.RSsup4L2_1 MAFbin1L2_1 MAFbin2L2_1 MAFbin3L2_1 MAFbin4L2_1 MAFbin5L2_1 MAFbin6L2_1 MAFbin7L2_1 MAFbin8L2_1 MAFbin9L2_1 MAFbin10L2_1 MAF_Adj_Predicted_Allele_AgeL2_1 MAF_Adj_LLD_AFRL2_1 Recomb_Rate_10kbL2_1 Nucleotide_Diversity_10kbL2_1 Backgrd_Selection_StatL2_1 CpG_Content_50kbL2_1 MAF_Adj_ASMCL2_1 GTEx_eQTL_MaxCPPL2_1 BLUEPRINT_H3K27acQTL_MaxCPPL2_1 BLUEPRINT_H3K4me1QTL_MaxCPPL2_1 BLUEPRINT_DNA_methylation_MaxCPPL2_1 synonymousL2_1 non_synonymousL2_1 Conserved_Vertebrate_phastCons46wayL2_1 Conserved_Vertebrate_phastCons46way.flanking.500L2_1 Conserved_Mammal_phastCons46wayL2_1 Conserved_Mammal_phastCons46way.flanking.500L2_1 Conserved_Primate_phastCons46wayL2_1 Conserved_Primate_phastCons46way.flanking.500L2_1 BivFlnkL2_1 BivFlnk.flanking.500L2_1 Human_Promoter_VillarL2_1 Human_Promoter_Villar.flanking.500L2_1 Human_Enhancer_VillarL2_1 Human_Enhancer_Villar.flanking.500L2_1 Ancient_Sequence_Age_Human_PromoterL2_1 Ancient_Sequence_Age_Human_Promoter.flanking.500L2_1 Ancient_Sequence_Age_Human_EnhancerL2_1 Ancient_Sequence_Age_Human_Enhancer.flanking.500L2_1 Human_Enhancer_Villar_Species_Enhancer_CountL2_1 Human_Promoter_Villar_ExACL2_1 Human_Promoter_Villar_ExAC.flanking.500L2_1
Lambda GC: 1.3146
Mean Chi^2: 1.4498
Intercept: 0.9448 (0.0094)
Ratio < 0 (usually indicates GC correction).
Reading annot matrix from /dcs04/lieber/marmaypag/spatialNac_LIBD4125/spatial_NAc/processed-data/19_sLDSC/human_NAc_NMF/input_files/nmf11/chr.,/dcs04/lieber/shared/statsgen/LDSC/base/baseline2/baselineLD.[1-22] ... (annot)
Results printed to /dcs04/lieber/marmaypag/spatialNac_LIBD4125/spatial_NAc/processed-data/19_sLDSC/human_NAc_NMF/sLDSC_coefficients/nmf11/alcohol_ldscore.out.results
Analysis finished at Tue Jun 17 12:24:57 2025
Total time elapsed: 2.0m:37.14s
*********************************************************************
* LD Score Regression (LDSC)
* Version 1.0.1
* (C) 2014-2019 Brendan Bulik-Sullivan and Hilary Finucane
* Broad Institute of MIT and Harvard / MIT Department of Mathematics
* GNU General Public License v3
*********************************************************************
Call: 
./ldsc.py \
--h2 /dcs04/lieber/shared/statsgen/LDSC/base/gwas_brain/Alzheimer_ldscore.gz \
--ref-ld-chr /dcs04/lieber/marmaypag/spatialNac_LIBD4125/spatial_NAc/processed-data/19_sLDSC/human_NAc_NMF/input_files/nmf11/chr.,/dcs04/lieber/shared/statsgen/LDSC/base/baseline2/baselineLD. \
--out /dcs04/lieber/marmaypag/spatialNac_LIBD4125/spatial_NAc/processed-data/19_sLDSC/human_NAc_NMF/sLDSC_coefficients/nmf11/Alzheimer_ldscore.out \
--overlap-annot  \
--frqfile-chr /dcs04/lieber/shared/statsgen/LDSC/base/referencefiles/1000G_Phase3_frq/1000G.EUR.QC. \
--w-ld-chr /dcs04/lieber/shared/statsgen/LDSC/base/referencefiles/1000G_Phase3_weights_hm3_no_MHC/weights.hm3_noMHC. \
--print-coefficients  

Beginning analysis at Tue Jun 17 12:24:58 2025
Reading summary statistics from /dcs04/lieber/shared/statsgen/LDSC/base/gwas_brain/Alzheimer_ldscore.gz ...
Read summary statistics for 1161072 SNPs.
Dropped 6 SNPs with duplicated rs numbers.
Reading reference panel LD Score from /dcs04/lieber/marmaypag/spatialNac_LIBD4125/spatial_NAc/processed-data/19_sLDSC/human_NAc_NMF/input_files/nmf11/chr.,/dcs04/lieber/shared/statsgen/LDSC/base/baseline2/baselineLD.[1-22] ... (ldscore_fromlist)
Read reference panel LD Scores for 1195563 SNPs.
Removing partitioned LD Scores with zero variance.
Reading regression weight LD Score from /dcs04/lieber/shared/statsgen/LDSC/base/referencefiles/1000G_Phase3_weights_hm3_no_MHC/weights.hm3_noMHC.[1-22] ... (ldscore_fromlist)
Read regression weight LD Scores for 1187349 SNPs.
After merging with reference panel LD, 1161063 SNPs remain.
After merging with regression SNP LD, 1063772 SNPs remain.
Removed 15 SNPs with chi^2 > 429.96108 (1063757 SNPs remain)
Total Observed scale h2: 0.0145 (0.0019)
Categories: L2_0 baseL2_1 Coding_UCSCL2_1 Coding_UCSC.flanking.500L2_1 Conserved_LindbladTohL2_1 Conserved_LindbladToh.flanking.500L2_1 CTCF_HoffmanL2_1 CTCF_Hoffman.flanking.500L2_1 DGF_ENCODEL2_1 DGF_ENCODE.flanking.500L2_1 DHS_peaks_TrynkaL2_1 DHS_TrynkaL2_1 DHS_Trynka.flanking.500L2_1 Enhancer_AnderssonL2_1 Enhancer_Andersson.flanking.500L2_1 Enhancer_HoffmanL2_1 Enhancer_Hoffman.flanking.500L2_1 FetalDHS_TrynkaL2_1 FetalDHS_Trynka.flanking.500L2_1 H3K27ac_HniszL2_1 H3K27ac_Hnisz.flanking.500L2_1 H3K27ac_PGC2L2_1 H3K27ac_PGC2.flanking.500L2_1 H3K4me1_peaks_TrynkaL2_1 H3K4me1_TrynkaL2_1 H3K4me1_Trynka.flanking.500L2_1 H3K4me3_peaks_TrynkaL2_1 H3K4me3_TrynkaL2_1 H3K4me3_Trynka.flanking.500L2_1 H3K9ac_peaks_TrynkaL2_1 H3K9ac_TrynkaL2_1 H3K9ac_Trynka.flanking.500L2_1 Intron_UCSCL2_1 Intron_UCSC.flanking.500L2_1 PromoterFlanking_HoffmanL2_1 PromoterFlanking_Hoffman.flanking.500L2_1 Promoter_UCSCL2_1 Promoter_UCSC.flanking.500L2_1 Repressed_HoffmanL2_1 Repressed_Hoffman.flanking.500L2_1 SuperEnhancer_HniszL2_1 SuperEnhancer_Hnisz.flanking.500L2_1 TFBS_ENCODEL2_1 TFBS_ENCODE.flanking.500L2_1 Transcr_HoffmanL2_1 Transcr_Hoffman.flanking.500L2_1 TSS_HoffmanL2_1 TSS_Hoffman.flanking.500L2_1 UTR_3_UCSCL2_1 UTR_3_UCSC.flanking.500L2_1 UTR_5_UCSCL2_1 UTR_5_UCSC.flanking.500L2_1 WeakEnhancer_HoffmanL2_1 WeakEnhancer_Hoffman.flanking.500L2_1 GERP.NSL2_1 GERP.RSsup4L2_1 MAFbin1L2_1 MAFbin2L2_1 MAFbin3L2_1 MAFbin4L2_1 MAFbin5L2_1 MAFbin6L2_1 MAFbin7L2_1 MAFbin8L2_1 MAFbin9L2_1 MAFbin10L2_1 MAF_Adj_Predicted_Allele_AgeL2_1 MAF_Adj_LLD_AFRL2_1 Recomb_Rate_10kbL2_1 Nucleotide_Diversity_10kbL2_1 Backgrd_Selection_StatL2_1 CpG_Content_50kbL2_1 MAF_Adj_ASMCL2_1 GTEx_eQTL_MaxCPPL2_1 BLUEPRINT_H3K27acQTL_MaxCPPL2_1 BLUEPRINT_H3K4me1QTL_MaxCPPL2_1 BLUEPRINT_DNA_methylation_MaxCPPL2_1 synonymousL2_1 non_synonymousL2_1 Conserved_Vertebrate_phastCons46wayL2_1 Conserved_Vertebrate_phastCons46way.flanking.500L2_1 Conserved_Mammal_phastCons46wayL2_1 Conserved_Mammal_phastCons46way.flanking.500L2_1 Conserved_Primate_phastCons46wayL2_1 Conserved_Primate_phastCons46way.flanking.500L2_1 BivFlnkL2_1 BivFlnk.flanking.500L2_1 Human_Promoter_VillarL2_1 Human_Promoter_Villar.flanking.500L2_1 Human_Enhancer_VillarL2_1 Human_Enhancer_Villar.flanking.500L2_1 Ancient_Sequence_Age_Human_PromoterL2_1 Ancient_Sequence_Age_Human_Promoter.flanking.500L2_1 Ancient_Sequence_Age_Human_EnhancerL2_1 Ancient_Sequence_Age_Human_Enhancer.flanking.500L2_1 Human_Enhancer_Villar_Species_Enhancer_CountL2_1 Human_Promoter_Villar_ExACL2_1 Human_Promoter_Villar_ExAC.flanking.500L2_1
Lambda GC: 1.0854
Mean Chi^2: 1.117
Intercept: 1.0181 (0.0186)
Ratio: 0.1548 (0.159)
Reading annot matrix from /dcs04/lieber/marmaypag/spatialNac_LIBD4125/spatial_NAc/processed-data/19_sLDSC/human_NAc_NMF/input_files/nmf11/chr.,/dcs04/lieber/shared/statsgen/LDSC/base/baseline2/baselineLD.[1-22] ... (annot)
Results printed to /dcs04/lieber/marmaypag/spatialNac_LIBD4125/spatial_NAc/processed-data/19_sLDSC/human_NAc_NMF/sLDSC_coefficients/nmf11/Alzheimer_ldscore.out.results
Analysis finished at Tue Jun 17 12:27:35 2025
Total time elapsed: 2.0m:36.96s
*********************************************************************
* LD Score Regression (LDSC)
* Version 1.0.1
* (C) 2014-2019 Brendan Bulik-Sullivan and Hilary Finucane
* Broad Institute of MIT and Harvard / MIT Department of Mathematics
* GNU General Public License v3
*********************************************************************
Call: 
./ldsc.py \
--h2 /dcs04/lieber/shared/statsgen/LDSC/base/gwas_brain/Alzheimer_ldscore2.gz \
--ref-ld-chr /dcs04/lieber/marmaypag/spatialNac_LIBD4125/spatial_NAc/processed-data/19_sLDSC/human_NAc_NMF/input_files/nmf11/chr.,/dcs04/lieber/shared/statsgen/LDSC/base/baseline2/baselineLD. \
--out /dcs04/lieber/marmaypag/spatialNac_LIBD4125/spatial_NAc/processed-data/19_sLDSC/human_NAc_NMF/sLDSC_coefficients/nmf11/Alzheimer_ldscore2.out \
--overlap-annot  \
--frqfile-chr /dcs04/lieber/shared/statsgen/LDSC/base/referencefiles/1000G_Phase3_frq/1000G.EUR.QC. \
--w-ld-chr /dcs04/lieber/shared/statsgen/LDSC/base/referencefiles/1000G_Phase3_weights_hm3_no_MHC/weights.hm3_noMHC. \
--print-coefficients  

Beginning analysis at Tue Jun 17 12:27:36 2025
Reading summary statistics from /dcs04/lieber/shared/statsgen/LDSC/base/gwas_brain/Alzheimer_ldscore2.gz ...
Read summary statistics for 1167507 SNPs.
Dropped 852 SNPs with duplicated rs numbers.
Reading reference panel LD Score from /dcs04/lieber/marmaypag/spatialNac_LIBD4125/spatial_NAc/processed-data/19_sLDSC/human_NAc_NMF/input_files/nmf11/chr.,/dcs04/lieber/shared/statsgen/LDSC/base/baseline2/baselineLD.[1-22] ... (ldscore_fromlist)
Read reference panel LD Scores for 1195563 SNPs.
Removing partitioned LD Scores with zero variance.
Reading regression weight LD Score from /dcs04/lieber/shared/statsgen/LDSC/base/referencefiles/1000G_Phase3_weights_hm3_no_MHC/weights.hm3_noMHC.[1-22] ... (ldscore_fromlist)
Read regression weight LD Scores for 1187349 SNPs.
After merging with reference panel LD, 1166652 SNPs remain.
After merging with regression SNP LD, 1067947 SNPs remain.
Removed 11 SNPs with chi^2 > 762.917 (1067936 SNPs remain)
Total Observed scale h2: 0.0152 (0.0021)
Categories: L2_0 baseL2_1 Coding_UCSCL2_1 Coding_UCSC.flanking.500L2_1 Conserved_LindbladTohL2_1 Conserved_LindbladToh.flanking.500L2_1 CTCF_HoffmanL2_1 CTCF_Hoffman.flanking.500L2_1 DGF_ENCODEL2_1 DGF_ENCODE.flanking.500L2_1 DHS_peaks_TrynkaL2_1 DHS_TrynkaL2_1 DHS_Trynka.flanking.500L2_1 Enhancer_AnderssonL2_1 Enhancer_Andersson.flanking.500L2_1 Enhancer_HoffmanL2_1 Enhancer_Hoffman.flanking.500L2_1 FetalDHS_TrynkaL2_1 FetalDHS_Trynka.flanking.500L2_1 H3K27ac_HniszL2_1 H3K27ac_Hnisz.flanking.500L2_1 H3K27ac_PGC2L2_1 H3K27ac_PGC2.flanking.500L2_1 H3K4me1_peaks_TrynkaL2_1 H3K4me1_TrynkaL2_1 H3K4me1_Trynka.flanking.500L2_1 H3K4me3_peaks_TrynkaL2_1 H3K4me3_TrynkaL2_1 H3K4me3_Trynka.flanking.500L2_1 H3K9ac_peaks_TrynkaL2_1 H3K9ac_TrynkaL2_1 H3K9ac_Trynka.flanking.500L2_1 Intron_UCSCL2_1 Intron_UCSC.flanking.500L2_1 PromoterFlanking_HoffmanL2_1 PromoterFlanking_Hoffman.flanking.500L2_1 Promoter_UCSCL2_1 Promoter_UCSC.flanking.500L2_1 Repressed_HoffmanL2_1 Repressed_Hoffman.flanking.500L2_1 SuperEnhancer_HniszL2_1 SuperEnhancer_Hnisz.flanking.500L2_1 TFBS_ENCODEL2_1 TFBS_ENCODE.flanking.500L2_1 Transcr_HoffmanL2_1 Transcr_Hoffman.flanking.500L2_1 TSS_HoffmanL2_1 TSS_Hoffman.flanking.500L2_1 UTR_3_UCSCL2_1 UTR_3_UCSC.flanking.500L2_1 UTR_5_UCSCL2_1 UTR_5_UCSC.flanking.500L2_1 WeakEnhancer_HoffmanL2_1 WeakEnhancer_Hoffman.flanking.500L2_1 GERP.NSL2_1 GERP.RSsup4L2_1 MAFbin1L2_1 MAFbin2L2_1 MAFbin3L2_1 MAFbin4L2_1 MAFbin5L2_1 MAFbin6L2_1 MAFbin7L2_1 MAFbin8L2_1 MAFbin9L2_1 MAFbin10L2_1 MAF_Adj_Predicted_Allele_AgeL2_1 MAF_Adj_LLD_AFRL2_1 Recomb_Rate_10kbL2_1 Nucleotide_Diversity_10kbL2_1 Backgrd_Selection_StatL2_1 CpG_Content_50kbL2_1 MAF_Adj_ASMCL2_1 GTEx_eQTL_MaxCPPL2_1 BLUEPRINT_H3K27acQTL_MaxCPPL2_1 BLUEPRINT_H3K4me1QTL_MaxCPPL2_1 BLUEPRINT_DNA_methylation_MaxCPPL2_1 synonymousL2_1 non_synonymousL2_1 Conserved_Vertebrate_phastCons46wayL2_1 Conserved_Vertebrate_phastCons46way.flanking.500L2_1 Conserved_Mammal_phastCons46wayL2_1 Conserved_Mammal_phastCons46way.flanking.500L2_1 Conserved_Primate_phastCons46wayL2_1 Conserved_Primate_phastCons46way.flanking.500L2_1 BivFlnkL2_1 BivFlnk.flanking.500L2_1 Human_Promoter_VillarL2_1 Human_Promoter_Villar.flanking.500L2_1 Human_Enhancer_VillarL2_1 Human_Enhancer_Villar.flanking.500L2_1 Ancient_Sequence_Age_Human_PromoterL2_1 Ancient_Sequence_Age_Human_Promoter.flanking.500L2_1 Ancient_Sequence_Age_Human_EnhancerL2_1 Ancient_Sequence_Age_Human_Enhancer.flanking.500L2_1 Human_Enhancer_Villar_Species_Enhancer_CountL2_1 Human_Promoter_Villar_ExACL2_1 Human_Promoter_Villar_ExAC.flanking.500L2_1
Lambda GC: 1.0937
Mean Chi^2: 1.1647
Intercept: 1.0053 (0.0228)
Ratio: 0.0319 (0.1386)
Reading annot matrix from /dcs04/lieber/marmaypag/spatialNac_LIBD4125/spatial_NAc/processed-data/19_sLDSC/human_NAc_NMF/input_files/nmf11/chr.,/dcs04/lieber/shared/statsgen/LDSC/base/baseline2/baselineLD.[1-22] ... (annot)
Results printed to /dcs04/lieber/marmaypag/spatialNac_LIBD4125/spatial_NAc/processed-data/19_sLDSC/human_NAc_NMF/sLDSC_coefficients/nmf11/Alzheimer_ldscore2.out.results
Analysis finished at Tue Jun 17 12:30:12 2025
Total time elapsed: 2.0m:35.84s
*********************************************************************
* LD Score Regression (LDSC)
* Version 1.0.1
* (C) 2014-2019 Brendan Bulik-Sullivan and Hilary Finucane
* Broad Institute of MIT and Harvard / MIT Department of Mathematics
* GNU General Public License v3
*********************************************************************
Call: 
./ldsc.py \
--h2 /dcs04/lieber/shared/statsgen/LDSC/base/gwas_brain/Alzheimer_ldscore3.gz \
--ref-ld-chr /dcs04/lieber/marmaypag/spatialNac_LIBD4125/spatial_NAc/processed-data/19_sLDSC/human_NAc_NMF/input_files/nmf11/chr.,/dcs04/lieber/shared/statsgen/LDSC/base/baseline2/baselineLD. \
--out /dcs04/lieber/marmaypag/spatialNac_LIBD4125/spatial_NAc/processed-data/19_sLDSC/human_NAc_NMF/sLDSC_coefficients/nmf11/Alzheimer_ldscore3.out \
--overlap-annot  \
--frqfile-chr /dcs04/lieber/shared/statsgen/LDSC/base/referencefiles/1000G_Phase3_frq/1000G.EUR.QC. \
--w-ld-chr /dcs04/lieber/shared/statsgen/LDSC/base/referencefiles/1000G_Phase3_weights_hm3_no_MHC/weights.hm3_noMHC. \
--print-coefficients  

Beginning analysis at Tue Jun 17 12:30:13 2025
Reading summary statistics from /dcs04/lieber/shared/statsgen/LDSC/base/gwas_brain/Alzheimer_ldscore3.gz ...
Read summary statistics for 1177594 SNPs.
Dropped 11 SNPs with duplicated rs numbers.
Reading reference panel LD Score from /dcs04/lieber/marmaypag/spatialNac_LIBD4125/spatial_NAc/processed-data/19_sLDSC/human_NAc_NMF/input_files/nmf11/chr.,/dcs04/lieber/shared/statsgen/LDSC/base/baseline2/baselineLD.[1-22] ... (ldscore_fromlist)
Read reference panel LD Scores for 1195563 SNPs.
Removing partitioned LD Scores with zero variance.
Reading regression weight LD Score from /dcs04/lieber/shared/statsgen/LDSC/base/referencefiles/1000G_Phase3_weights_hm3_no_MHC/weights.hm3_noMHC.[1-22] ... (ldscore_fromlist)
Read regression weight LD Scores for 1187349 SNPs.
After merging with reference panel LD, 1163909 SNPs remain.
After merging with regression SNP LD, 1058897 SNPs remain.
Removed 0 SNPs with chi^2 > 487.511 (1058897 SNPs remain)
Total Observed scale h2: 0.0247 (0.0028)
Categories: L2_0 baseL2_1 Coding_UCSCL2_1 Coding_UCSC.flanking.500L2_1 Conserved_LindbladTohL2_1 Conserved_LindbladToh.flanking.500L2_1 CTCF_HoffmanL2_1 CTCF_Hoffman.flanking.500L2_1 DGF_ENCODEL2_1 DGF_ENCODE.flanking.500L2_1 DHS_peaks_TrynkaL2_1 DHS_TrynkaL2_1 DHS_Trynka.flanking.500L2_1 Enhancer_AnderssonL2_1 Enhancer_Andersson.flanking.500L2_1 Enhancer_HoffmanL2_1 Enhancer_Hoffman.flanking.500L2_1 FetalDHS_TrynkaL2_1 FetalDHS_Trynka.flanking.500L2_1 H3K27ac_HniszL2_1 H3K27ac_Hnisz.flanking.500L2_1 H3K27ac_PGC2L2_1 H3K27ac_PGC2.flanking.500L2_1 H3K4me1_peaks_TrynkaL2_1 H3K4me1_TrynkaL2_1 H3K4me1_Trynka.flanking.500L2_1 H3K4me3_peaks_TrynkaL2_1 H3K4me3_TrynkaL2_1 H3K4me3_Trynka.flanking.500L2_1 H3K9ac_peaks_TrynkaL2_1 H3K9ac_TrynkaL2_1 H3K9ac_Trynka.flanking.500L2_1 Intron_UCSCL2_1 Intron_UCSC.flanking.500L2_1 PromoterFlanking_HoffmanL2_1 PromoterFlanking_Hoffman.flanking.500L2_1 Promoter_UCSCL2_1 Promoter_UCSC.flanking.500L2_1 Repressed_HoffmanL2_1 Repressed_Hoffman.flanking.500L2_1 SuperEnhancer_HniszL2_1 SuperEnhancer_Hnisz.flanking.500L2_1 TFBS_ENCODEL2_1 TFBS_ENCODE.flanking.500L2_1 Transcr_HoffmanL2_1 Transcr_Hoffman.flanking.500L2_1 TSS_HoffmanL2_1 TSS_Hoffman.flanking.500L2_1 UTR_3_UCSCL2_1 UTR_3_UCSC.flanking.500L2_1 UTR_5_UCSCL2_1 UTR_5_UCSC.flanking.500L2_1 WeakEnhancer_HoffmanL2_1 WeakEnhancer_Hoffman.flanking.500L2_1 GERP.NSL2_1 GERP.RSsup4L2_1 MAFbin1L2_1 MAFbin2L2_1 MAFbin3L2_1 MAFbin4L2_1 MAFbin5L2_1 MAFbin6L2_1 MAFbin7L2_1 MAFbin8L2_1 MAFbin9L2_1 MAFbin10L2_1 MAF_Adj_Predicted_Allele_AgeL2_1 MAF_Adj_LLD_AFRL2_1 Recomb_Rate_10kbL2_1 Nucleotide_Diversity_10kbL2_1 Backgrd_Selection_StatL2_1 CpG_Content_50kbL2_1 MAF_Adj_ASMCL2_1 GTEx_eQTL_MaxCPPL2_1 BLUEPRINT_H3K27acQTL_MaxCPPL2_1 BLUEPRINT_H3K4me1QTL_MaxCPPL2_1 BLUEPRINT_DNA_methylation_MaxCPPL2_1 synonymousL2_1 non_synonymousL2_1 Conserved_Vertebrate_phastCons46wayL2_1 Conserved_Vertebrate_phastCons46way.flanking.500L2_1 Conserved_Mammal_phastCons46wayL2_1 Conserved_Mammal_phastCons46way.flanking.500L2_1 Conserved_Primate_phastCons46wayL2_1 Conserved_Primate_phastCons46way.flanking.500L2_1 BivFlnkL2_1 BivFlnk.flanking.500L2_1 Human_Promoter_VillarL2_1 Human_Promoter_Villar.flanking.500L2_1 Human_Enhancer_VillarL2_1 Human_Enhancer_Villar.flanking.500L2_1 Ancient_Sequence_Age_Human_PromoterL2_1 Ancient_Sequence_Age_Human_Promoter.flanking.500L2_1 Ancient_Sequence_Age_Human_EnhancerL2_1 Ancient_Sequence_Age_Human_Enhancer.flanking.500L2_1 Human_Enhancer_Villar_Species_Enhancer_CountL2_1 Human_Promoter_Villar_ExACL2_1 Human_Promoter_Villar_ExAC.flanking.500L2_1
Lambda GC: 1.1993
Mean Chi^2: 1.2734
Intercept: 1.0661 (0.0188)
Ratio: 0.2418 (0.0686)
Reading annot matrix from /dcs04/lieber/marmaypag/spatialNac_LIBD4125/spatial_NAc/processed-data/19_sLDSC/human_NAc_NMF/input_files/nmf11/chr.,/dcs04/lieber/shared/statsgen/LDSC/base/baseline2/baselineLD.[1-22] ... (annot)
Results printed to /dcs04/lieber/marmaypag/spatialNac_LIBD4125/spatial_NAc/processed-data/19_sLDSC/human_NAc_NMF/sLDSC_coefficients/nmf11/Alzheimer_ldscore3.out.results
Analysis finished at Tue Jun 17 12:32:51 2025
Total time elapsed: 2.0m:37.71s
*********************************************************************
* LD Score Regression (LDSC)
* Version 1.0.1
* (C) 2014-2019 Brendan Bulik-Sullivan and Hilary Finucane
* Broad Institute of MIT and Harvard / MIT Department of Mathematics
* GNU General Public License v3
*********************************************************************
Call: 
./ldsc.py \
--h2 /dcs04/lieber/shared/statsgen/LDSC/base/gwas_brain/Anorexia_ldscore.gz \
--ref-ld-chr /dcs04/lieber/marmaypag/spatialNac_LIBD4125/spatial_NAc/processed-data/19_sLDSC/human_NAc_NMF/input_files/nmf11/chr.,/dcs04/lieber/shared/statsgen/LDSC/base/baseline2/baselineLD. \
--out /dcs04/lieber/marmaypag/spatialNac_LIBD4125/spatial_NAc/processed-data/19_sLDSC/human_NAc_NMF/sLDSC_coefficients/nmf11/Anorexia_ldscore.out \
--overlap-annot  \
--frqfile-chr /dcs04/lieber/shared/statsgen/LDSC/base/referencefiles/1000G_Phase3_frq/1000G.EUR.QC. \
--w-ld-chr /dcs04/lieber/shared/statsgen/LDSC/base/referencefiles/1000G_Phase3_weights_hm3_no_MHC/weights.hm3_noMHC. \
--print-coefficients  

Beginning analysis at Tue Jun 17 12:32:52 2025
Reading summary statistics from /dcs04/lieber/shared/statsgen/LDSC/base/gwas_brain/Anorexia_ldscore.gz ...
Read summary statistics for 1111223 SNPs.
Dropped 12 SNPs with duplicated rs numbers.
Reading reference panel LD Score from /dcs04/lieber/marmaypag/spatialNac_LIBD4125/spatial_NAc/processed-data/19_sLDSC/human_NAc_NMF/input_files/nmf11/chr.,/dcs04/lieber/shared/statsgen/LDSC/base/baseline2/baselineLD.[1-22] ... (ldscore_fromlist)
Read reference panel LD Scores for 1195563 SNPs.
Removing partitioned LD Scores with zero variance.
Reading regression weight LD Score from /dcs04/lieber/shared/statsgen/LDSC/base/referencefiles/1000G_Phase3_weights_hm3_no_MHC/weights.hm3_noMHC.[1-22] ... (ldscore_fromlist)
Read regression weight LD Scores for 1187349 SNPs.
After merging with reference panel LD, 1111209 SNPs remain.
After merging with regression SNP LD, 1019918 SNPs remain.
Removed 0 SNPs with chi^2 > 80 (1019918 SNPs remain)
Total Observed scale h2: 0.2478 (0.0213)
Categories: L2_0 baseL2_1 Coding_UCSCL2_1 Coding_UCSC.flanking.500L2_1 Conserved_LindbladTohL2_1 Conserved_LindbladToh.flanking.500L2_1 CTCF_HoffmanL2_1 CTCF_Hoffman.flanking.500L2_1 DGF_ENCODEL2_1 DGF_ENCODE.flanking.500L2_1 DHS_peaks_TrynkaL2_1 DHS_TrynkaL2_1 DHS_Trynka.flanking.500L2_1 Enhancer_AnderssonL2_1 Enhancer_Andersson.flanking.500L2_1 Enhancer_HoffmanL2_1 Enhancer_Hoffman.flanking.500L2_1 FetalDHS_TrynkaL2_1 FetalDHS_Trynka.flanking.500L2_1 H3K27ac_HniszL2_1 H3K27ac_Hnisz.flanking.500L2_1 H3K27ac_PGC2L2_1 H3K27ac_PGC2.flanking.500L2_1 H3K4me1_peaks_TrynkaL2_1 H3K4me1_TrynkaL2_1 H3K4me1_Trynka.flanking.500L2_1 H3K4me3_peaks_TrynkaL2_1 H3K4me3_TrynkaL2_1 H3K4me3_Trynka.flanking.500L2_1 H3K9ac_peaks_TrynkaL2_1 H3K9ac_TrynkaL2_1 H3K9ac_Trynka.flanking.500L2_1 Intron_UCSCL2_1 Intron_UCSC.flanking.500L2_1 PromoterFlanking_HoffmanL2_1 PromoterFlanking_Hoffman.flanking.500L2_1 Promoter_UCSCL2_1 Promoter_UCSC.flanking.500L2_1 Repressed_HoffmanL2_1 Repressed_Hoffman.flanking.500L2_1 SuperEnhancer_HniszL2_1 SuperEnhancer_Hnisz.flanking.500L2_1 TFBS_ENCODEL2_1 TFBS_ENCODE.flanking.500L2_1 Transcr_HoffmanL2_1 Transcr_Hoffman.flanking.500L2_1 TSS_HoffmanL2_1 TSS_Hoffman.flanking.500L2_1 UTR_3_UCSCL2_1 UTR_3_UCSC.flanking.500L2_1 UTR_5_UCSCL2_1 UTR_5_UCSC.flanking.500L2_1 WeakEnhancer_HoffmanL2_1 WeakEnhancer_Hoffman.flanking.500L2_1 GERP.NSL2_1 GERP.RSsup4L2_1 MAFbin1L2_1 MAFbin2L2_1 MAFbin3L2_1 MAFbin4L2_1 MAFbin5L2_1 MAFbin6L2_1 MAFbin7L2_1 MAFbin8L2_1 MAFbin9L2_1 MAFbin10L2_1 MAF_Adj_Predicted_Allele_AgeL2_1 MAF_Adj_LLD_AFRL2_1 Recomb_Rate_10kbL2_1 Nucleotide_Diversity_10kbL2_1 Backgrd_Selection_StatL2_1 CpG_Content_50kbL2_1 MAF_Adj_ASMCL2_1 GTEx_eQTL_MaxCPPL2_1 BLUEPRINT_H3K27acQTL_MaxCPPL2_1 BLUEPRINT_H3K4me1QTL_MaxCPPL2_1 BLUEPRINT_DNA_methylation_MaxCPPL2_1 synonymousL2_1 non_synonymousL2_1 Conserved_Vertebrate_phastCons46wayL2_1 Conserved_Vertebrate_phastCons46way.flanking.500L2_1 Conserved_Mammal_phastCons46wayL2_1 Conserved_Mammal_phastCons46way.flanking.500L2_1 Conserved_Primate_phastCons46wayL2_1 Conserved_Primate_phastCons46way.flanking.500L2_1 BivFlnkL2_1 BivFlnk.flanking.500L2_1 Human_Promoter_VillarL2_1 Human_Promoter_Villar.flanking.500L2_1 Human_Enhancer_VillarL2_1 Human_Enhancer_Villar.flanking.500L2_1 Ancient_Sequence_Age_Human_PromoterL2_1 Ancient_Sequence_Age_Human_Promoter.flanking.500L2_1 Ancient_Sequence_Age_Human_EnhancerL2_1 Ancient_Sequence_Age_Human_Enhancer.flanking.500L2_1 Human_Enhancer_Villar_Species_Enhancer_CountL2_1 Human_Promoter_Villar_ExACL2_1 Human_Promoter_Villar_ExAC.flanking.500L2_1
Lambda GC: 1.2376
Mean Chi^2: 1.28
Intercept: 1.0286 (0.0109)
Ratio: 0.1021 (0.0389)
Reading annot matrix from /dcs04/lieber/marmaypag/spatialNac_LIBD4125/spatial_NAc/processed-data/19_sLDSC/human_NAc_NMF/input_files/nmf11/chr.,/dcs04/lieber/shared/statsgen/LDSC/base/baseline2/baselineLD.[1-22] ... (annot)
Results printed to /dcs04/lieber/marmaypag/spatialNac_LIBD4125/spatial_NAc/processed-data/19_sLDSC/human_NAc_NMF/sLDSC_coefficients/nmf11/Anorexia_ldscore.out.results
Analysis finished at Tue Jun 17 12:35:29 2025
Total time elapsed: 2.0m:37.63s
